[0.832s] Invoking command in '/home/yoshinotaiki/ros2_ws/src/mypkg': PYTHONPATH=/home/yoshinotaiki/ros2_ws/install/mypkg/lib/python3.10/site-packages:${PYTHONPATH} /usr/bin/python3 setup.py egg_info --egg-base ../../build/mypkg build --build-base /home/yoshinotaiki/ros2_ws/build/mypkg/build install --prefix /home/yoshinotaiki/ros2_ws/install/mypkg --record /home/yoshinotaiki/ros2_ws/build/mypkg/install.log --single-version-externally-managed
[1.052s] running egg_info
[1.052s] writing ../../build/mypkg/mypkg.egg-info/PKG-INFO
[1.053s] writing dependency_links to ../../build/mypkg/mypkg.egg-info/dependency_links.txt
[1.053s] writing entry points to ../../build/mypkg/mypkg.egg-info/entry_points.txt
[1.053s] writing requirements to ../../build/mypkg/mypkg.egg-info/requires.txt
[1.054s] writing top-level names to ../../build/mypkg/mypkg.egg-info/top_level.txt
[1.055s] reading manifest file '../../build/mypkg/mypkg.egg-info/SOURCES.txt'
[1.056s] writing manifest file '../../build/mypkg/mypkg.egg-info/SOURCES.txt'
[1.056s] running build
[1.056s] running build_py
[1.057s] running install
[1.057s] /usr/lib/python3/dist-packages/setuptools/command/install.py:34: SetuptoolsDeprecationWarning: setup.py install is deprecated. Use build and pip and other standards-based tools.
[1.057s]   warnings.warn(
[1.057s] running install_lib
[1.058s] running install_data
[1.059s] running install_egg_info
[1.061s] removing '/home/yoshinotaiki/ros2_ws/install/mypkg/lib/python3.10/site-packages/mypkg-0.0.0-py3.10.egg-info' (and everything under it)
[1.061s] Copying ../../build/mypkg/mypkg.egg-info to /home/yoshinotaiki/ros2_ws/install/mypkg/lib/python3.10/site-packages/mypkg-0.0.0-py3.10.egg-info
[1.062s] running install_scripts
[1.081s] Installing listener script to /home/yoshinotaiki/ros2_ws/install/mypkg/lib/mypkg
[1.081s] Installing talker script to /home/yoshinotaiki/ros2_ws/install/mypkg/lib/mypkg
[1.081s] writing list of installed files to '/home/yoshinotaiki/ros2_ws/build/mypkg/install.log'
