[0.363s] DEBUG:colcon:Command line arguments: ['/usr/bin/colcon', 'build']
[0.363s] DEBUG:colcon:Parsed command line arguments: Namespace(log_base=None, log_level=None, verb_name='build', build_base='build', install_base='install', merge_install=False, symlink_install=False, test_result_base=None, continue_on_error=False, executor='parallel', parallel_workers=8, event_handlers=None, ignore_user_meta=False, metas=['./colcon.meta'], base_paths=['.'], packages_ignore=None, packages_ignore_regex=None, paths=None, packages_up_to=None, packages_up_to_regex=None, packages_above=None, packages_above_and_dependencies=None, packages_above_depth=None, packages_select_by_dep=None, packages_skip_by_dep=None, packages_skip_up_to=None, packages_select_build_failed=False, packages_skip_build_finished=False, packages_select_test_failures=False, packages_skip_test_passed=False, packages_select=None, packages_skip=None, packages_select_regex=None, packages_skip_regex=None, packages_start=None, packages_end=None, allow_overriding=[], cmake_args=None, cmake_target=None, cmake_target_skip_unavailable=False, cmake_clean_cache=False, cmake_clean_first=False, cmake_force_configure=False, ament_cmake_args=None, catkin_cmake_args=None, catkin_skip_building_tests=False, verb_parser=<colcon_defaults.argument_parser.defaults.DefaultArgumentsDecorator object at 0x7fbaa5349750>, verb_extension=<colcon_core.verb.build.BuildVerb object at 0x7fbaa5c743d0>, main=<bound method BuildVerb.main of <colcon_core.verb.build.BuildVerb object at 0x7fbaa5c743d0>>)
[0.385s] Level 1:colcon.colcon_core.package_discovery:discover_packages(colcon_meta) check parameters
[0.385s] Level 1:colcon.colcon_core.package_discovery:discover_packages(recursive) check parameters
[0.385s] Level 1:colcon.colcon_core.package_discovery:discover_packages(ignore) check parameters
[0.385s] Level 1:colcon.colcon_core.package_discovery:discover_packages(path) check parameters
[0.385s] Level 1:colcon.colcon_core.package_discovery:discover_packages(colcon_meta) discover
[0.385s] Level 1:colcon.colcon_core.package_discovery:discover_packages(recursive) discover
[0.385s] INFO:colcon.colcon_core.package_discovery:Crawling recursively for packages in '/home/yoshinotaiki/ros2_ws'
[0.385s] Level 1:colcon.colcon_core.package_identification:_identify(.) by extensions ['ignore', 'ignore_ament_install']
[0.385s] Level 1:colcon.colcon_core.package_identification:_identify(.) by extension 'ignore'
[0.385s] Level 1:colcon.colcon_core.package_identification:_identify(.) by extension 'ignore_ament_install'
[0.385s] Level 1:colcon.colcon_core.package_identification:_identify(.) by extensions ['colcon_pkg']
[0.385s] Level 1:colcon.colcon_core.package_identification:_identify(.) by extension 'colcon_pkg'
[0.385s] Level 1:colcon.colcon_core.package_identification:_identify(.) by extensions ['colcon_meta']
[0.386s] Level 1:colcon.colcon_core.package_identification:_identify(.) by extension 'colcon_meta'
[0.386s] Level 1:colcon.colcon_core.package_identification:_identify(.) by extensions ['ros']
[0.386s] Level 1:colcon.colcon_core.package_identification:_identify(.) by extension 'ros'
[0.405s] Level 1:colcon.colcon_core.package_identification:_identify(.) by extensions ['cmake', 'python']
[0.405s] Level 1:colcon.colcon_core.package_identification:_identify(.) by extension 'cmake'
[0.405s] Level 1:colcon.colcon_core.package_identification:_identify(.) by extension 'python'
[0.405s] Level 1:colcon.colcon_core.package_identification:_identify(.) by extensions ['python_setup_py']
[0.405s] Level 1:colcon.colcon_core.package_identification:_identify(.) by extension 'python_setup_py'
[0.405s] Level 1:colcon.colcon_core.package_identification:_identify(build) by extensions ['ignore', 'ignore_ament_install']
[0.406s] Level 1:colcon.colcon_core.package_identification:_identify(build) by extension 'ignore'
[0.406s] Level 1:colcon.colcon_core.package_identification:_identify(build) ignored
[0.406s] Level 1:colcon.colcon_core.package_identification:_identify(install) by extensions ['ignore', 'ignore_ament_install']
[0.406s] Level 1:colcon.colcon_core.package_identification:_identify(install) by extension 'ignore'
[0.406s] Level 1:colcon.colcon_core.package_identification:_identify(install) ignored
[0.406s] Level 1:colcon.colcon_core.package_identification:_identify(log) by extensions ['ignore', 'ignore_ament_install']
[0.406s] Level 1:colcon.colcon_core.package_identification:_identify(log) by extension 'ignore'
[0.406s] Level 1:colcon.colcon_core.package_identification:_identify(log) ignored
[0.406s] Level 1:colcon.colcon_core.package_identification:_identify(src) by extensions ['ignore', 'ignore_ament_install']
[0.406s] Level 1:colcon.colcon_core.package_identification:_identify(src) by extension 'ignore'
[0.406s] Level 1:colcon.colcon_core.package_identification:_identify(src) by extension 'ignore_ament_install'
[0.406s] Level 1:colcon.colcon_core.package_identification:_identify(src) by extensions ['colcon_pkg']
[0.406s] Level 1:colcon.colcon_core.package_identification:_identify(src) by extension 'colcon_pkg'
[0.406s] Level 1:colcon.colcon_core.package_identification:_identify(src) by extensions ['colcon_meta']
[0.406s] Level 1:colcon.colcon_core.package_identification:_identify(src) by extension 'colcon_meta'
[0.406s] Level 1:colcon.colcon_core.package_identification:_identify(src) by extensions ['ros']
[0.406s] Level 1:colcon.colcon_core.package_identification:_identify(src) by extension 'ros'
[0.407s] Level 1:colcon.colcon_core.package_identification:_identify(src) by extensions ['cmake', 'python']
[0.407s] Level 1:colcon.colcon_core.package_identification:_identify(src) by extension 'cmake'
[0.407s] Level 1:colcon.colcon_core.package_identification:_identify(src) by extension 'python'
[0.407s] Level 1:colcon.colcon_core.package_identification:_identify(src) by extensions ['python_setup_py']
[0.407s] Level 1:colcon.colcon_core.package_identification:_identify(src) by extension 'python_setup_py'
[0.407s] Level 1:colcon.colcon_core.package_identification:_identify(src/mypkg) by extensions ['ignore', 'ignore_ament_install']
[0.407s] Level 1:colcon.colcon_core.package_identification:_identify(src/mypkg) by extension 'ignore'
[0.407s] Level 1:colcon.colcon_core.package_identification:_identify(src/mypkg) by extension 'ignore_ament_install'
[0.407s] Level 1:colcon.colcon_core.package_identification:_identify(src/mypkg) by extensions ['colcon_pkg']
[0.407s] Level 1:colcon.colcon_core.package_identification:_identify(src/mypkg) by extension 'colcon_pkg'
[0.407s] Level 1:colcon.colcon_core.package_identification:_identify(src/mypkg) by extensions ['colcon_meta']
[0.407s] Level 1:colcon.colcon_core.package_identification:_identify(src/mypkg) by extension 'colcon_meta'
[0.407s] Level 1:colcon.colcon_core.package_identification:_identify(src/mypkg) by extensions ['ros']
[0.407s] Level 1:colcon.colcon_core.package_identification:_identify(src/mypkg) by extension 'ros'
[0.410s] DEBUG:colcon.colcon_core.package_identification:Package 'src/mypkg' with type 'ros.ament_python' and name 'mypkg'
[0.410s] Level 1:colcon.colcon_core.package_identification:_identify(src/person_msgs) by extensions ['ignore', 'ignore_ament_install']
[0.410s] Level 1:colcon.colcon_core.package_identification:_identify(src/person_msgs) by extension 'ignore'
[0.410s] Level 1:colcon.colcon_core.package_identification:_identify(src/person_msgs) by extension 'ignore_ament_install'
[0.410s] Level 1:colcon.colcon_core.package_identification:_identify(src/person_msgs) by extensions ['colcon_pkg']
[0.410s] Level 1:colcon.colcon_core.package_identification:_identify(src/person_msgs) by extension 'colcon_pkg'
[0.410s] Level 1:colcon.colcon_core.package_identification:_identify(src/person_msgs) by extensions ['colcon_meta']
[0.410s] Level 1:colcon.colcon_core.package_identification:_identify(src/person_msgs) by extension 'colcon_meta'
[0.410s] Level 1:colcon.colcon_core.package_identification:_identify(src/person_msgs) by extensions ['ros']
[0.410s] Level 1:colcon.colcon_core.package_identification:_identify(src/person_msgs) by extension 'ros'
[0.411s] DEBUG:colcon.colcon_core.package_identification:Package 'src/person_msgs' with type 'ros.ament_cmake' and name 'person_msgs'
[0.411s] Level 1:colcon.colcon_core.package_discovery:discover_packages(recursive) using defaults
[0.411s] Level 1:colcon.colcon_core.package_discovery:discover_packages(ignore) discover
[0.411s] Level 1:colcon.colcon_core.package_discovery:discover_packages(ignore) using defaults
[0.411s] Level 1:colcon.colcon_core.package_discovery:discover_packages(path) discover
[0.411s] Level 1:colcon.colcon_core.package_discovery:discover_packages(path) using defaults
[0.435s] Level 1:colcon.colcon_core.package_discovery:discover_packages(prefix_path) check parameters
[0.435s] Level 1:colcon.colcon_core.package_discovery:discover_packages(prefix_path) discover
[0.438s] DEBUG:colcon.colcon_installed_package_information.package_discovery:Found 2 installed packages in /home/yoshinotaiki/ros2_ws/install
[0.439s] DEBUG:colcon.colcon_installed_package_information.package_discovery:Found 270 installed packages in /opt/ros/humble
[0.441s] Level 1:colcon.colcon_core.package_discovery:discover_packages(prefix_path) using defaults
[0.502s] Level 5:colcon.colcon_core.verb:set package 'mypkg' build argument 'cmake_args' from command line to 'None'
[0.502s] Level 5:colcon.colcon_core.verb:set package 'mypkg' build argument 'cmake_target' from command line to 'None'
[0.502s] Level 5:colcon.colcon_core.verb:set package 'mypkg' build argument 'cmake_target_skip_unavailable' from command line to 'False'
[0.502s] Level 5:colcon.colcon_core.verb:set package 'mypkg' build argument 'cmake_clean_cache' from command line to 'False'
[0.502s] Level 5:colcon.colcon_core.verb:set package 'mypkg' build argument 'cmake_clean_first' from command line to 'False'
[0.502s] Level 5:colcon.colcon_core.verb:set package 'mypkg' build argument 'cmake_force_configure' from command line to 'False'
[0.502s] Level 5:colcon.colcon_core.verb:set package 'mypkg' build argument 'ament_cmake_args' from command line to 'None'
[0.502s] Level 5:colcon.colcon_core.verb:set package 'mypkg' build argument 'catkin_cmake_args' from command line to 'None'
[0.502s] Level 5:colcon.colcon_core.verb:set package 'mypkg' build argument 'catkin_skip_building_tests' from command line to 'False'
[0.502s] DEBUG:colcon.colcon_core.verb:Building package 'mypkg' with the following arguments: {'ament_cmake_args': None, 'build_base': '/home/yoshinotaiki/ros2_ws/build/mypkg', 'catkin_cmake_args': None, 'catkin_skip_building_tests': False, 'cmake_args': None, 'cmake_clean_cache': False, 'cmake_clean_first': False, 'cmake_force_configure': False, 'cmake_target': None, 'cmake_target_skip_unavailable': False, 'install_base': '/home/yoshinotaiki/ros2_ws/install/mypkg', 'merge_install': False, 'path': '/home/yoshinotaiki/ros2_ws/src/mypkg', 'symlink_install': False, 'test_result_base': None}
[0.503s] Level 5:colcon.colcon_core.verb:set package 'person_msgs' build argument 'cmake_args' from command line to 'None'
[0.503s] Level 5:colcon.colcon_core.verb:set package 'person_msgs' build argument 'cmake_target' from command line to 'None'
[0.503s] Level 5:colcon.colcon_core.verb:set package 'person_msgs' build argument 'cmake_target_skip_unavailable' from command line to 'False'
[0.503s] Level 5:colcon.colcon_core.verb:set package 'person_msgs' build argument 'cmake_clean_cache' from command line to 'False'
[0.503s] Level 5:colcon.colcon_core.verb:set package 'person_msgs' build argument 'cmake_clean_first' from command line to 'False'
[0.503s] Level 5:colcon.colcon_core.verb:set package 'person_msgs' build argument 'cmake_force_configure' from command line to 'False'
[0.503s] Level 5:colcon.colcon_core.verb:set package 'person_msgs' build argument 'ament_cmake_args' from command line to 'None'
[0.503s] Level 5:colcon.colcon_core.verb:set package 'person_msgs' build argument 'catkin_cmake_args' from command line to 'None'
[0.503s] Level 5:colcon.colcon_core.verb:set package 'person_msgs' build argument 'catkin_skip_building_tests' from command line to 'False'
[0.504s] DEBUG:colcon.colcon_core.verb:Building package 'person_msgs' with the following arguments: {'ament_cmake_args': None, 'build_base': '/home/yoshinotaiki/ros2_ws/build/person_msgs', 'catkin_cmake_args': None, 'catkin_skip_building_tests': False, 'cmake_args': None, 'cmake_clean_cache': False, 'cmake_clean_first': False, 'cmake_force_configure': False, 'cmake_target': None, 'cmake_target_skip_unavailable': False, 'install_base': '/home/yoshinotaiki/ros2_ws/install/person_msgs', 'merge_install': False, 'path': '/home/yoshinotaiki/ros2_ws/src/person_msgs', 'symlink_install': False, 'test_result_base': None}
[0.504s] INFO:colcon.colcon_core.executor:Executing jobs using 'parallel' executor
[0.509s] DEBUG:colcon.colcon_parallel_executor.executor.parallel:run_until_complete
[0.509s] INFO:colcon.colcon_ros.task.ament_python.build:Building ROS package in '/home/yoshinotaiki/ros2_ws/src/mypkg' with build type 'ament_python'
[0.509s] Level 1:colcon.colcon_core.shell:create_environment_hook('mypkg', 'ament_prefix_path')
[0.514s] INFO:colcon.colcon_core.plugin_system:Skipping extension 'colcon_core.shell.bat': Not used on non-Windows systems
[0.514s] INFO:colcon.colcon_core.shell:Creating environment hook '/home/yoshinotaiki/ros2_ws/install/mypkg/share/mypkg/hook/ament_prefix_path.ps1'
[0.515s] INFO:colcon.colcon_core.shell:Creating environment descriptor '/home/yoshinotaiki/ros2_ws/install/mypkg/share/mypkg/hook/ament_prefix_path.dsv'
[0.515s] INFO:colcon.colcon_core.shell:Creating environment hook '/home/yoshinotaiki/ros2_ws/install/mypkg/share/mypkg/hook/ament_prefix_path.sh'
[0.517s] INFO:colcon.colcon_core.shell:Skip shell extension 'powershell' for command environment: Not usable outside of PowerShell
[0.517s] DEBUG:colcon.colcon_core.shell:Skip shell extension 'dsv' for command environment
[0.522s] INFO:colcon.colcon_ros.task.ament_cmake.build:Building ROS package in '/home/yoshinotaiki/ros2_ws/src/person_msgs' with build type 'ament_cmake'
[0.522s] INFO:colcon.colcon_cmake.task.cmake.build:Building CMake package in '/home/yoshinotaiki/ros2_ws/src/person_msgs'
[0.524s] INFO:colcon.colcon_core.shell:Skip shell extension 'powershell' for command environment: Not usable outside of PowerShell
[0.524s] DEBUG:colcon.colcon_core.shell:Skip shell extension 'dsv' for command environment
[0.764s] INFO:colcon.colcon_core.task.python.build:Building Python package in '/home/yoshinotaiki/ros2_ws/src/mypkg'
[0.766s] INFO:colcon.colcon_core.shell:Skip shell extension 'powershell' for command environment: Not usable outside of PowerShell
[0.766s] DEBUG:colcon.colcon_core.shell:Skip shell extension 'dsv' for command environment
[0.781s] DEBUG:colcon.colcon_core.event_handler.log_command:Invoking command in '/home/yoshinotaiki/ros2_ws/build/person_msgs': CMAKE_PREFIX_PATH=${CMAKE_PREFIX_PATH}:/home/yoshinotaiki/ros2_ws/install/mypkg:/opt/ros/humble /usr/bin/cmake --build /home/yoshinotaiki/ros2_ws/build/person_msgs -- -j8 -l8
[1.117s] DEBUG:colcon.colcon_core.event_handler.log_command:Invoking command in '/home/yoshinotaiki/ros2_ws/src/mypkg': PYTHONPATH=/home/yoshinotaiki/ros2_ws/install/mypkg/lib/python3.10/site-packages:${PYTHONPATH} /usr/bin/python3 setup.py egg_info --egg-base ../../build/mypkg build --build-base /home/yoshinotaiki/ros2_ws/build/mypkg/build install --prefix /home/yoshinotaiki/ros2_ws/install/mypkg --record /home/yoshinotaiki/ros2_ws/build/mypkg/install.log --single-version-externally-managed
[1.389s] DEBUG:colcon.colcon_core.event_handler.log_command:Invoked command in '/home/yoshinotaiki/ros2_ws/src/mypkg' returned '0': PYTHONPATH=/home/yoshinotaiki/ros2_ws/install/mypkg/lib/python3.10/site-packages:${PYTHONPATH} /usr/bin/python3 setup.py egg_info --egg-base ../../build/mypkg build --build-base /home/yoshinotaiki/ros2_ws/build/mypkg/build install --prefix /home/yoshinotaiki/ros2_ws/install/mypkg --record /home/yoshinotaiki/ros2_ws/build/mypkg/install.log --single-version-externally-managed
[1.393s] Level 1:colcon.colcon_core.environment:checking '/home/yoshinotaiki/ros2_ws/install/mypkg' for CMake module files
[1.393s] Level 1:colcon.colcon_core.environment:checking '/home/yoshinotaiki/ros2_ws/install/mypkg' for CMake config files
[1.394s] Level 1:colcon.colcon_core.environment:checking '/home/yoshinotaiki/ros2_ws/install/mypkg/lib'
[1.394s] Level 1:colcon.colcon_core.environment:checking '/home/yoshinotaiki/ros2_ws/install/mypkg/bin'
[1.394s] Level 1:colcon.colcon_core.environment:checking '/home/yoshinotaiki/ros2_ws/install/mypkg/lib/pkgconfig/mypkg.pc'
[1.394s] Level 1:colcon.colcon_core.environment:checking '/home/yoshinotaiki/ros2_ws/install/mypkg/lib/python3.10/site-packages'
[1.394s] Level 1:colcon.colcon_core.shell:create_environment_hook('mypkg', 'pythonpath')
[1.395s] INFO:colcon.colcon_core.shell:Creating environment hook '/home/yoshinotaiki/ros2_ws/install/mypkg/share/mypkg/hook/pythonpath.ps1'
[1.395s] INFO:colcon.colcon_core.shell:Creating environment descriptor '/home/yoshinotaiki/ros2_ws/install/mypkg/share/mypkg/hook/pythonpath.dsv'
[1.396s] INFO:colcon.colcon_core.shell:Creating environment hook '/home/yoshinotaiki/ros2_ws/install/mypkg/share/mypkg/hook/pythonpath.sh'
[1.396s] Level 1:colcon.colcon_core.environment:checking '/home/yoshinotaiki/ros2_ws/install/mypkg/bin'
[1.396s] Level 1:colcon.colcon_core.environment:create_environment_scripts_only(mypkg)
[1.397s] INFO:colcon.colcon_core.shell:Creating package script '/home/yoshinotaiki/ros2_ws/install/mypkg/share/mypkg/package.ps1'
[1.398s] INFO:colcon.colcon_core.shell:Creating package descriptor '/home/yoshinotaiki/ros2_ws/install/mypkg/share/mypkg/package.dsv'
[1.399s] INFO:colcon.colcon_core.shell:Creating package script '/home/yoshinotaiki/ros2_ws/install/mypkg/share/mypkg/package.sh'
[1.400s] INFO:colcon.colcon_core.shell:Creating package script '/home/yoshinotaiki/ros2_ws/install/mypkg/share/mypkg/package.bash'
[1.401s] INFO:colcon.colcon_core.shell:Creating package script '/home/yoshinotaiki/ros2_ws/install/mypkg/share/mypkg/package.zsh'
[1.402s] Level 1:colcon.colcon_core.environment:create_file_with_runtime_dependencies(/home/yoshinotaiki/ros2_ws/install/mypkg/share/colcon-core/packages/mypkg)
[3.843s] DEBUG:colcon.colcon_core.event_handler.log_command:Invoked command in '/home/yoshinotaiki/ros2_ws/build/person_msgs' returned '0': CMAKE_PREFIX_PATH=${CMAKE_PREFIX_PATH}:/home/yoshinotaiki/ros2_ws/install/mypkg:/opt/ros/humble /usr/bin/cmake --build /home/yoshinotaiki/ros2_ws/build/person_msgs -- -j8 -l8
[3.892s] DEBUG:colcon.colcon_core.event_handler.log_command:Invoking command in '/home/yoshinotaiki/ros2_ws/build/person_msgs': CMAKE_PREFIX_PATH=${CMAKE_PREFIX_PATH}:/home/yoshinotaiki/ros2_ws/install/mypkg:/opt/ros/humble /usr/bin/cmake --install /home/yoshinotaiki/ros2_ws/build/person_msgs
[3.945s] Level 1:colcon.colcon_core.environment:create_environment_scripts_only(person_msgs)
[3.947s] Level 1:colcon.colcon_core.environment:checking '/home/yoshinotaiki/ros2_ws/install/person_msgs' for CMake module files
[3.947s] DEBUG:colcon.colcon_core.event_handler.log_command:Invoked command in '/home/yoshinotaiki/ros2_ws/build/person_msgs' returned '0': CMAKE_PREFIX_PATH=${CMAKE_PREFIX_PATH}:/home/yoshinotaiki/ros2_ws/install/mypkg:/opt/ros/humble /usr/bin/cmake --install /home/yoshinotaiki/ros2_ws/build/person_msgs
[3.948s] Level 1:colcon.colcon_core.environment:checking '/home/yoshinotaiki/ros2_ws/install/person_msgs' for CMake config files
[3.948s] Level 1:colcon.colcon_core.shell:create_environment_hook('person_msgs', 'cmake_prefix_path')
[3.950s] INFO:colcon.colcon_core.shell:Creating environment hook '/home/yoshinotaiki/ros2_ws/install/person_msgs/share/person_msgs/hook/cmake_prefix_path.ps1'
[3.950s] INFO:colcon.colcon_core.shell:Creating environment descriptor '/home/yoshinotaiki/ros2_ws/install/person_msgs/share/person_msgs/hook/cmake_prefix_path.dsv'
[3.951s] INFO:colcon.colcon_core.shell:Creating environment hook '/home/yoshinotaiki/ros2_ws/install/person_msgs/share/person_msgs/hook/cmake_prefix_path.sh'
[3.951s] Level 1:colcon.colcon_core.environment:checking '/home/yoshinotaiki/ros2_ws/install/person_msgs/lib'
[3.951s] Level 1:colcon.colcon_core.shell:create_environment_hook('person_msgs', 'ld_library_path_lib')
[3.953s] INFO:colcon.colcon_core.shell:Creating environment hook '/home/yoshinotaiki/ros2_ws/install/person_msgs/share/person_msgs/hook/ld_library_path_lib.ps1'
[3.953s] INFO:colcon.colcon_core.shell:Creating environment descriptor '/home/yoshinotaiki/ros2_ws/install/person_msgs/share/person_msgs/hook/ld_library_path_lib.dsv'
[3.954s] INFO:colcon.colcon_core.shell:Creating environment hook '/home/yoshinotaiki/ros2_ws/install/person_msgs/share/person_msgs/hook/ld_library_path_lib.sh'
[3.954s] Level 1:colcon.colcon_core.environment:checking '/home/yoshinotaiki/ros2_ws/install/person_msgs/bin'
[3.954s] Level 1:colcon.colcon_core.environment:checking '/home/yoshinotaiki/ros2_ws/install/person_msgs/lib/pkgconfig/person_msgs.pc'
[3.954s] Level 1:colcon.colcon_core.environment:checking '/home/yoshinotaiki/ros2_ws/install/person_msgs/lib/python3.10/site-packages'
[3.954s] Level 1:colcon.colcon_core.environment:checking '/home/yoshinotaiki/ros2_ws/install/person_msgs/bin'
[3.956s] INFO:colcon.colcon_core.shell:Creating package script '/home/yoshinotaiki/ros2_ws/install/person_msgs/share/person_msgs/package.ps1'
[3.956s] INFO:colcon.colcon_core.shell:Creating package descriptor '/home/yoshinotaiki/ros2_ws/install/person_msgs/share/person_msgs/package.dsv'
[3.956s] INFO:colcon.colcon_core.shell:Creating package script '/home/yoshinotaiki/ros2_ws/install/person_msgs/share/person_msgs/package.sh'
[3.957s] INFO:colcon.colcon_core.shell:Creating package script '/home/yoshinotaiki/ros2_ws/install/person_msgs/share/person_msgs/package.bash'
[3.957s] INFO:colcon.colcon_core.shell:Creating package script '/home/yoshinotaiki/ros2_ws/install/person_msgs/share/person_msgs/package.zsh'
[3.957s] Level 1:colcon.colcon_core.environment:create_file_with_runtime_dependencies(/home/yoshinotaiki/ros2_ws/install/person_msgs/share/colcon-core/packages/person_msgs)
[4.016s] Level 1:colcon.colcon_core.environment:create_environment_scripts_only(person_msgs)
[4.017s] Level 1:colcon.colcon_core.environment:checking '/home/yoshinotaiki/ros2_ws/install/person_msgs' for CMake module files
[4.018s] Level 1:colcon.colcon_core.environment:checking '/home/yoshinotaiki/ros2_ws/install/person_msgs' for CMake config files
[4.019s] Level 1:colcon.colcon_core.shell:create_environment_hook('person_msgs', 'cmake_prefix_path')
[4.019s] INFO:colcon.colcon_core.shell:Creating environment hook '/home/yoshinotaiki/ros2_ws/install/person_msgs/share/person_msgs/hook/cmake_prefix_path.ps1'
[4.020s] INFO:colcon.colcon_core.shell:Creating environment descriptor '/home/yoshinotaiki/ros2_ws/install/person_msgs/share/person_msgs/hook/cmake_prefix_path.dsv'
[4.020s] INFO:colcon.colcon_core.shell:Creating environment hook '/home/yoshinotaiki/ros2_ws/install/person_msgs/share/person_msgs/hook/cmake_prefix_path.sh'
[4.020s] Level 1:colcon.colcon_core.environment:checking '/home/yoshinotaiki/ros2_ws/install/person_msgs/lib'
[4.020s] Level 1:colcon.colcon_core.shell:create_environment_hook('person_msgs', 'ld_library_path_lib')
[4.021s] INFO:colcon.colcon_core.shell:Creating environment hook '/home/yoshinotaiki/ros2_ws/install/person_msgs/share/person_msgs/hook/ld_library_path_lib.ps1'
[4.021s] INFO:colcon.colcon_core.shell:Creating environment descriptor '/home/yoshinotaiki/ros2_ws/install/person_msgs/share/person_msgs/hook/ld_library_path_lib.dsv'
[4.022s] INFO:colcon.colcon_core.shell:Creating environment hook '/home/yoshinotaiki/ros2_ws/install/person_msgs/share/person_msgs/hook/ld_library_path_lib.sh'
[4.022s] Level 1:colcon.colcon_core.environment:checking '/home/yoshinotaiki/ros2_ws/install/person_msgs/bin'
[4.022s] Level 1:colcon.colcon_core.environment:checking '/home/yoshinotaiki/ros2_ws/install/person_msgs/lib/pkgconfig/person_msgs.pc'
[4.022s] Level 1:colcon.colcon_core.environment:checking '/home/yoshinotaiki/ros2_ws/install/person_msgs/lib/python3.10/site-packages'
[4.022s] Level 1:colcon.colcon_core.environment:checking '/home/yoshinotaiki/ros2_ws/install/person_msgs/bin'
[4.023s] INFO:colcon.colcon_core.shell:Creating package script '/home/yoshinotaiki/ros2_ws/install/person_msgs/share/person_msgs/package.ps1'
[4.023s] INFO:colcon.colcon_core.shell:Creating package descriptor '/home/yoshinotaiki/ros2_ws/install/person_msgs/share/person_msgs/package.dsv'
[4.024s] INFO:colcon.colcon_core.shell:Creating package script '/home/yoshinotaiki/ros2_ws/install/person_msgs/share/person_msgs/package.sh'
[4.024s] INFO:colcon.colcon_core.shell:Creating package script '/home/yoshinotaiki/ros2_ws/install/person_msgs/share/person_msgs/package.bash'
[4.024s] INFO:colcon.colcon_core.shell:Creating package script '/home/yoshinotaiki/ros2_ws/install/person_msgs/share/person_msgs/package.zsh'
[4.024s] Level 1:colcon.colcon_core.environment:create_file_with_runtime_dependencies(/home/yoshinotaiki/ros2_ws/install/person_msgs/share/colcon-core/packages/person_msgs)
[4.025s] DEBUG:colcon.colcon_parallel_executor.executor.parallel:closing loop
[4.025s] DEBUG:colcon.colcon_parallel_executor.executor.parallel:loop closed
[4.025s] DEBUG:colcon.colcon_parallel_executor.executor.parallel:run_until_complete finished with '0'
[4.025s] DEBUG:colcon.colcon_core.event_reactor:joining thread
[4.061s] INFO:colcon.colcon_core.plugin_system:Skipping extension 'colcon_notification.desktop_notification.notify_send': Could not find 'notify-send'
[4.061s] INFO:colcon.colcon_core.plugin_system:Skipping extension 'colcon_notification.desktop_notification.terminal_notifier': Not used on non-Darwin systems
[4.061s] INFO:colcon.colcon_core.plugin_system:Skipping extension 'colcon_notification.desktop_notification.win32': Not used on non-Windows systems
[4.061s] INFO:colcon.colcon_notification.desktop_notification:Sending desktop notification using 'notify2'
[4.061s] DEBUG:colcon.colcon_notification.desktop_notification.notify2:Failed to initialize notify2: org.freedesktop.DBus.Error.NotSupported: Unable to autolaunch a dbus-daemon without a $DISPLAY for X11
[4.061s] DEBUG:colcon.colcon_core.event_reactor:joined thread
[4.062s] INFO:colcon.colcon_core.shell:Creating prefix script '/home/yoshinotaiki/ros2_ws/install/local_setup.ps1'
[4.063s] INFO:colcon.colcon_core.shell:Creating prefix util module '/home/yoshinotaiki/ros2_ws/install/_local_setup_util_ps1.py'
[4.064s] INFO:colcon.colcon_core.shell:Creating prefix chain script '/home/yoshinotaiki/ros2_ws/install/setup.ps1'
[4.065s] INFO:colcon.colcon_core.shell:Creating prefix script '/home/yoshinotaiki/ros2_ws/install/local_setup.sh'
[4.066s] INFO:colcon.colcon_core.shell:Creating prefix util module '/home/yoshinotaiki/ros2_ws/install/_local_setup_util_sh.py'
[4.066s] INFO:colcon.colcon_core.shell:Creating prefix chain script '/home/yoshinotaiki/ros2_ws/install/setup.sh'
[4.067s] INFO:colcon.colcon_core.shell:Creating prefix script '/home/yoshinotaiki/ros2_ws/install/local_setup.bash'
[4.068s] INFO:colcon.colcon_core.shell:Creating prefix chain script '/home/yoshinotaiki/ros2_ws/install/setup.bash'
[4.068s] INFO:colcon.colcon_core.shell:Creating prefix script '/home/yoshinotaiki/ros2_ws/install/local_setup.zsh'
[4.069s] INFO:colcon.colcon_core.shell:Creating prefix chain script '/home/yoshinotaiki/ros2_ws/install/setup.zsh'
