[0.354s] DEBUG:colcon:Command line arguments: ['/usr/bin/colcon', 'build']
[0.354s] DEBUG:colcon:Parsed command line arguments: Namespace(log_base=None, log_level=None, verb_name='build', build_base='build', install_base='install', merge_install=False, symlink_install=False, test_result_base=None, continue_on_error=False, executor='parallel', parallel_workers=8, event_handlers=None, ignore_user_meta=False, metas=['./colcon.meta'], base_paths=['.'], packages_ignore=None, packages_ignore_regex=None, paths=None, packages_up_to=None, packages_up_to_regex=None, packages_above=None, packages_above_and_dependencies=None, packages_above_depth=None, packages_select_by_dep=None, packages_skip_by_dep=None, packages_skip_up_to=None, packages_select_build_failed=False, packages_skip_build_finished=False, packages_select_test_failures=False, packages_skip_test_passed=False, packages_select=None, packages_skip=None, packages_select_regex=None, packages_skip_regex=None, packages_start=None, packages_end=None, allow_overriding=[], cmake_args=None, cmake_target=None, cmake_target_skip_unavailable=False, cmake_clean_cache=False, cmake_clean_first=False, cmake_force_configure=False, ament_cmake_args=None, catkin_cmake_args=None, catkin_skip_building_tests=False, verb_parser=<colcon_defaults.argument_parser.defaults.DefaultArgumentsDecorator object at 0x7f0f2bb49ab0>, verb_extension=<colcon_core.verb.build.BuildVerb object at 0x7f0f2c4760e0>, main=<bound method BuildVerb.main of <colcon_core.verb.build.BuildVerb object at 0x7f0f2c4760e0>>)
[0.375s] Level 1:colcon.colcon_core.package_discovery:discover_packages(colcon_meta) check parameters
[0.375s] Level 1:colcon.colcon_core.package_discovery:discover_packages(recursive) check parameters
[0.375s] Level 1:colcon.colcon_core.package_discovery:discover_packages(ignore) check parameters
[0.375s] Level 1:colcon.colcon_core.package_discovery:discover_packages(path) check parameters
[0.375s] Level 1:colcon.colcon_core.package_discovery:discover_packages(colcon_meta) discover
[0.375s] Level 1:colcon.colcon_core.package_discovery:discover_packages(recursive) discover
[0.375s] INFO:colcon.colcon_core.package_discovery:Crawling recursively for packages in '/home/yoshinotaiki/ros2_ws'
[0.375s] Level 1:colcon.colcon_core.package_identification:_identify(.) by extensions ['ignore', 'ignore_ament_install']
[0.375s] Level 1:colcon.colcon_core.package_identification:_identify(.) by extension 'ignore'
[0.375s] Level 1:colcon.colcon_core.package_identification:_identify(.) by extension 'ignore_ament_install'
[0.375s] Level 1:colcon.colcon_core.package_identification:_identify(.) by extensions ['colcon_pkg']
[0.375s] Level 1:colcon.colcon_core.package_identification:_identify(.) by extension 'colcon_pkg'
[0.375s] Level 1:colcon.colcon_core.package_identification:_identify(.) by extensions ['colcon_meta']
[0.375s] Level 1:colcon.colcon_core.package_identification:_identify(.) by extension 'colcon_meta'
[0.375s] Level 1:colcon.colcon_core.package_identification:_identify(.) by extensions ['ros']
[0.375s] Level 1:colcon.colcon_core.package_identification:_identify(.) by extension 'ros'
[0.394s] Level 1:colcon.colcon_core.package_identification:_identify(.) by extensions ['cmake', 'python']
[0.394s] Level 1:colcon.colcon_core.package_identification:_identify(.) by extension 'cmake'
[0.394s] Level 1:colcon.colcon_core.package_identification:_identify(.) by extension 'python'
[0.394s] Level 1:colcon.colcon_core.package_identification:_identify(.) by extensions ['python_setup_py']
[0.394s] Level 1:colcon.colcon_core.package_identification:_identify(.) by extension 'python_setup_py'
[0.394s] Level 1:colcon.colcon_core.package_identification:_identify(build) by extensions ['ignore', 'ignore_ament_install']
[0.394s] Level 1:colcon.colcon_core.package_identification:_identify(build) by extension 'ignore'
[0.394s] Level 1:colcon.colcon_core.package_identification:_identify(build) ignored
[0.394s] Level 1:colcon.colcon_core.package_identification:_identify(install) by extensions ['ignore', 'ignore_ament_install']
[0.394s] Level 1:colcon.colcon_core.package_identification:_identify(install) by extension 'ignore'
[0.395s] Level 1:colcon.colcon_core.package_identification:_identify(install) ignored
[0.395s] Level 1:colcon.colcon_core.package_identification:_identify(log) by extensions ['ignore', 'ignore_ament_install']
[0.395s] Level 1:colcon.colcon_core.package_identification:_identify(log) by extension 'ignore'
[0.395s] Level 1:colcon.colcon_core.package_identification:_identify(log) ignored
[0.395s] Level 1:colcon.colcon_core.package_identification:_identify(src) by extensions ['ignore', 'ignore_ament_install']
[0.395s] Level 1:colcon.colcon_core.package_identification:_identify(src) by extension 'ignore'
[0.395s] Level 1:colcon.colcon_core.package_identification:_identify(src) by extension 'ignore_ament_install'
[0.395s] Level 1:colcon.colcon_core.package_identification:_identify(src) by extensions ['colcon_pkg']
[0.395s] Level 1:colcon.colcon_core.package_identification:_identify(src) by extension 'colcon_pkg'
[0.395s] Level 1:colcon.colcon_core.package_identification:_identify(src) by extensions ['colcon_meta']
[0.395s] Level 1:colcon.colcon_core.package_identification:_identify(src) by extension 'colcon_meta'
[0.395s] Level 1:colcon.colcon_core.package_identification:_identify(src) by extensions ['ros']
[0.395s] Level 1:colcon.colcon_core.package_identification:_identify(src) by extension 'ros'
[0.395s] Level 1:colcon.colcon_core.package_identification:_identify(src) by extensions ['cmake', 'python']
[0.395s] Level 1:colcon.colcon_core.package_identification:_identify(src) by extension 'cmake'
[0.395s] Level 1:colcon.colcon_core.package_identification:_identify(src) by extension 'python'
[0.395s] Level 1:colcon.colcon_core.package_identification:_identify(src) by extensions ['python_setup_py']
[0.395s] Level 1:colcon.colcon_core.package_identification:_identify(src) by extension 'python_setup_py'
[0.395s] Level 1:colcon.colcon_core.package_identification:_identify(src/mypkg) by extensions ['ignore', 'ignore_ament_install']
[0.396s] Level 1:colcon.colcon_core.package_identification:_identify(src/mypkg) by extension 'ignore'
[0.396s] Level 1:colcon.colcon_core.package_identification:_identify(src/mypkg) by extension 'ignore_ament_install'
[0.396s] Level 1:colcon.colcon_core.package_identification:_identify(src/mypkg) by extensions ['colcon_pkg']
[0.396s] Level 1:colcon.colcon_core.package_identification:_identify(src/mypkg) by extension 'colcon_pkg'
[0.396s] Level 1:colcon.colcon_core.package_identification:_identify(src/mypkg) by extensions ['colcon_meta']
[0.396s] Level 1:colcon.colcon_core.package_identification:_identify(src/mypkg) by extension 'colcon_meta'
[0.396s] Level 1:colcon.colcon_core.package_identification:_identify(src/mypkg) by extensions ['ros']
[0.396s] Level 1:colcon.colcon_core.package_identification:_identify(src/mypkg) by extension 'ros'
[0.398s] DEBUG:colcon.colcon_core.package_identification:Package 'src/mypkg' with type 'ros.ament_python' and name 'mypkg'
[0.398s] Level 1:colcon.colcon_core.package_discovery:discover_packages(recursive) using defaults
[0.398s] Level 1:colcon.colcon_core.package_discovery:discover_packages(ignore) discover
[0.398s] Level 1:colcon.colcon_core.package_discovery:discover_packages(ignore) using defaults
[0.398s] Level 1:colcon.colcon_core.package_discovery:discover_packages(path) discover
[0.398s] Level 1:colcon.colcon_core.package_discovery:discover_packages(path) using defaults
[0.421s] Level 1:colcon.colcon_core.package_discovery:discover_packages(prefix_path) check parameters
[0.421s] Level 1:colcon.colcon_core.package_discovery:discover_packages(prefix_path) discover
[0.424s] DEBUG:colcon.colcon_installed_package_information.package_discovery:Found 1 installed packages in /home/yoshinotaiki/ros2_ws/install
[0.425s] DEBUG:colcon.colcon_installed_package_information.package_discovery:Found 270 installed packages in /opt/ros/humble
[0.427s] Level 1:colcon.colcon_core.package_discovery:discover_packages(prefix_path) using defaults
[0.486s] Level 5:colcon.colcon_core.verb:set package 'mypkg' build argument 'cmake_args' from command line to 'None'
[0.486s] Level 5:colcon.colcon_core.verb:set package 'mypkg' build argument 'cmake_target' from command line to 'None'
[0.486s] Level 5:colcon.colcon_core.verb:set package 'mypkg' build argument 'cmake_target_skip_unavailable' from command line to 'False'
[0.486s] Level 5:colcon.colcon_core.verb:set package 'mypkg' build argument 'cmake_clean_cache' from command line to 'False'
[0.486s] Level 5:colcon.colcon_core.verb:set package 'mypkg' build argument 'cmake_clean_first' from command line to 'False'
[0.486s] Level 5:colcon.colcon_core.verb:set package 'mypkg' build argument 'cmake_force_configure' from command line to 'False'
[0.486s] Level 5:colcon.colcon_core.verb:set package 'mypkg' build argument 'ament_cmake_args' from command line to 'None'
[0.486s] Level 5:colcon.colcon_core.verb:set package 'mypkg' build argument 'catkin_cmake_args' from command line to 'None'
[0.486s] Level 5:colcon.colcon_core.verb:set package 'mypkg' build argument 'catkin_skip_building_tests' from command line to 'False'
[0.486s] DEBUG:colcon.colcon_core.verb:Building package 'mypkg' with the following arguments: {'ament_cmake_args': None, 'build_base': '/home/yoshinotaiki/ros2_ws/build/mypkg', 'catkin_cmake_args': None, 'catkin_skip_building_tests': False, 'cmake_args': None, 'cmake_clean_cache': False, 'cmake_clean_first': False, 'cmake_force_configure': False, 'cmake_target': None, 'cmake_target_skip_unavailable': False, 'install_base': '/home/yoshinotaiki/ros2_ws/install/mypkg', 'merge_install': False, 'path': '/home/yoshinotaiki/ros2_ws/src/mypkg', 'symlink_install': False, 'test_result_base': None}
[0.487s] INFO:colcon.colcon_core.executor:Executing jobs using 'parallel' executor
[0.491s] DEBUG:colcon.colcon_parallel_executor.executor.parallel:run_until_complete
[0.491s] INFO:colcon.colcon_ros.task.ament_python.build:Building ROS package in '/home/yoshinotaiki/ros2_ws/src/mypkg' with build type 'ament_python'
[0.491s] Level 1:colcon.colcon_core.shell:create_environment_hook('mypkg', 'ament_prefix_path')
[0.495s] INFO:colcon.colcon_core.plugin_system:Skipping extension 'colcon_core.shell.bat': Not used on non-Windows systems
[0.496s] INFO:colcon.colcon_core.shell:Creating environment hook '/home/yoshinotaiki/ros2_ws/install/mypkg/share/mypkg/hook/ament_prefix_path.ps1'
[0.496s] INFO:colcon.colcon_core.shell:Creating environment descriptor '/home/yoshinotaiki/ros2_ws/install/mypkg/share/mypkg/hook/ament_prefix_path.dsv'
[0.496s] INFO:colcon.colcon_core.shell:Creating environment hook '/home/yoshinotaiki/ros2_ws/install/mypkg/share/mypkg/hook/ament_prefix_path.sh'
[0.498s] INFO:colcon.colcon_core.shell:Skip shell extension 'powershell' for command environment: Not usable outside of PowerShell
[0.498s] DEBUG:colcon.colcon_core.shell:Skip shell extension 'dsv' for command environment
[0.735s] INFO:colcon.colcon_core.task.python.build:Building Python package in '/home/yoshinotaiki/ros2_ws/src/mypkg'
[0.737s] INFO:colcon.colcon_core.shell:Skip shell extension 'powershell' for command environment: Not usable outside of PowerShell
[0.737s] DEBUG:colcon.colcon_core.shell:Skip shell extension 'dsv' for command environment
[1.048s] DEBUG:colcon.colcon_core.event_handler.log_command:Invoking command in '/home/yoshinotaiki/ros2_ws/src/mypkg': PYTHONPATH=/home/yoshinotaiki/ros2_ws/install/mypkg/lib/python3.10/site-packages:${PYTHONPATH} /usr/bin/python3 setup.py egg_info --egg-base ../../build/mypkg build --build-base /home/yoshinotaiki/ros2_ws/build/mypkg/build install --prefix /home/yoshinotaiki/ros2_ws/install/mypkg --record /home/yoshinotaiki/ros2_ws/build/mypkg/install.log --single-version-externally-managed
[1.337s] DEBUG:colcon.colcon_core.event_handler.log_command:Invoked command in '/home/yoshinotaiki/ros2_ws/src/mypkg' returned '0': PYTHONPATH=/home/yoshinotaiki/ros2_ws/install/mypkg/lib/python3.10/site-packages:${PYTHONPATH} /usr/bin/python3 setup.py egg_info --egg-base ../../build/mypkg build --build-base /home/yoshinotaiki/ros2_ws/build/mypkg/build install --prefix /home/yoshinotaiki/ros2_ws/install/mypkg --record /home/yoshinotaiki/ros2_ws/build/mypkg/install.log --single-version-externally-managed
[1.340s] Level 1:colcon.colcon_core.environment:checking '/home/yoshinotaiki/ros2_ws/install/mypkg' for CMake module files
[1.340s] Level 1:colcon.colcon_core.environment:checking '/home/yoshinotaiki/ros2_ws/install/mypkg' for CMake config files
[1.341s] Level 1:colcon.colcon_core.environment:checking '/home/yoshinotaiki/ros2_ws/install/mypkg/lib'
[1.341s] Level 1:colcon.colcon_core.environment:checking '/home/yoshinotaiki/ros2_ws/install/mypkg/bin'
[1.341s] Level 1:colcon.colcon_core.environment:checking '/home/yoshinotaiki/ros2_ws/install/mypkg/lib/pkgconfig/mypkg.pc'
[1.342s] Level 1:colcon.colcon_core.environment:checking '/home/yoshinotaiki/ros2_ws/install/mypkg/lib/python3.10/site-packages'
[1.342s] Level 1:colcon.colcon_core.shell:create_environment_hook('mypkg', 'pythonpath')
[1.344s] INFO:colcon.colcon_core.shell:Creating environment hook '/home/yoshinotaiki/ros2_ws/install/mypkg/share/mypkg/hook/pythonpath.ps1'
[1.344s] INFO:colcon.colcon_core.shell:Creating environment descriptor '/home/yoshinotaiki/ros2_ws/install/mypkg/share/mypkg/hook/pythonpath.dsv'
[1.345s] INFO:colcon.colcon_core.shell:Creating environment hook '/home/yoshinotaiki/ros2_ws/install/mypkg/share/mypkg/hook/pythonpath.sh'
[1.345s] Level 1:colcon.colcon_core.environment:checking '/home/yoshinotaiki/ros2_ws/install/mypkg/bin'
[1.345s] Level 1:colcon.colcon_core.environment:create_environment_scripts_only(mypkg)
[1.347s] INFO:colcon.colcon_core.shell:Creating package script '/home/yoshinotaiki/ros2_ws/install/mypkg/share/mypkg/package.ps1'
[1.349s] INFO:colcon.colcon_core.shell:Creating package descriptor '/home/yoshinotaiki/ros2_ws/install/mypkg/share/mypkg/package.dsv'
[1.349s] INFO:colcon.colcon_core.shell:Creating package script '/home/yoshinotaiki/ros2_ws/install/mypkg/share/mypkg/package.sh'
[1.351s] INFO:colcon.colcon_core.shell:Creating package script '/home/yoshinotaiki/ros2_ws/install/mypkg/share/mypkg/package.bash'
[1.352s] INFO:colcon.colcon_core.shell:Creating package script '/home/yoshinotaiki/ros2_ws/install/mypkg/share/mypkg/package.zsh'
[1.353s] Level 1:colcon.colcon_core.environment:create_file_with_runtime_dependencies(/home/yoshinotaiki/ros2_ws/install/mypkg/share/colcon-core/packages/mypkg)
[1.354s] DEBUG:colcon.colcon_parallel_executor.executor.parallel:closing loop
[1.354s] DEBUG:colcon.colcon_parallel_executor.executor.parallel:loop closed
[1.354s] DEBUG:colcon.colcon_parallel_executor.executor.parallel:run_until_complete finished with '0'
[1.355s] DEBUG:colcon.colcon_core.event_reactor:joining thread
[1.423s] INFO:colcon.colcon_core.plugin_system:Skipping extension 'colcon_notification.desktop_notification.notify_send': Could not find 'notify-send'
[1.424s] INFO:colcon.colcon_core.plugin_system:Skipping extension 'colcon_notification.desktop_notification.terminal_notifier': Not used on non-Darwin systems
[1.424s] INFO:colcon.colcon_core.plugin_system:Skipping extension 'colcon_notification.desktop_notification.win32': Not used on non-Windows systems
[1.424s] INFO:colcon.colcon_notification.desktop_notification:Sending desktop notification using 'notify2'
[1.424s] DEBUG:colcon.colcon_notification.desktop_notification.notify2:Failed to initialize notify2: org.freedesktop.DBus.Error.NotSupported: Unable to autolaunch a dbus-daemon without a $DISPLAY for X11
[1.424s] DEBUG:colcon.colcon_core.event_reactor:joined thread
[1.426s] INFO:colcon.colcon_core.shell:Creating prefix script '/home/yoshinotaiki/ros2_ws/install/local_setup.ps1'
[1.428s] INFO:colcon.colcon_core.shell:Creating prefix util module '/home/yoshinotaiki/ros2_ws/install/_local_setup_util_ps1.py'
[1.429s] INFO:colcon.colcon_core.shell:Creating prefix chain script '/home/yoshinotaiki/ros2_ws/install/setup.ps1'
[1.432s] INFO:colcon.colcon_core.shell:Creating prefix script '/home/yoshinotaiki/ros2_ws/install/local_setup.sh'
[1.432s] INFO:colcon.colcon_core.shell:Creating prefix util module '/home/yoshinotaiki/ros2_ws/install/_local_setup_util_sh.py'
[1.433s] INFO:colcon.colcon_core.shell:Creating prefix chain script '/home/yoshinotaiki/ros2_ws/install/setup.sh'
[1.436s] INFO:colcon.colcon_core.shell:Creating prefix script '/home/yoshinotaiki/ros2_ws/install/local_setup.bash'
[1.436s] INFO:colcon.colcon_core.shell:Creating prefix chain script '/home/yoshinotaiki/ros2_ws/install/setup.bash'
[1.438s] INFO:colcon.colcon_core.shell:Creating prefix script '/home/yoshinotaiki/ros2_ws/install/local_setup.zsh'
[1.439s] INFO:colcon.colcon_core.shell:Creating prefix chain script '/home/yoshinotaiki/ros2_ws/install/setup.zsh'
