[0.590s] Invoking command in '/home/yoshinotaiki/ros2_ws/src/mypkg': PYTHONPATH=/home/yoshinotaiki/ros2_ws/install/mypkg/lib/python3.10/site-packages:${PYTHONPATH} /usr/bin/python3 setup.py egg_info --egg-base ../../build/mypkg build --build-base /home/yoshinotaiki/ros2_ws/build/mypkg/build install --prefix /home/yoshinotaiki/ros2_ws/install/mypkg --record /home/yoshinotaiki/ros2_ws/build/mypkg/install.log --single-version-externally-managed
[0.738s] running egg_info
[0.739s] creating ../../build/mypkg/mypkg.egg-info
[0.739s] writing ../../build/mypkg/mypkg.egg-info/PKG-INFO
[0.739s] writing dependency_links to ../../build/mypkg/mypkg.egg-info/dependency_links.txt
[0.740s] writing entry points to ../../build/mypkg/mypkg.egg-info/entry_points.txt
[0.740s] writing requirements to ../../build/mypkg/mypkg.egg-info/requires.txt
[0.740s] writing top-level names to ../../build/mypkg/mypkg.egg-info/top_level.txt
[0.740s] writing manifest file '../../build/mypkg/mypkg.egg-info/SOURCES.txt'
[0.741s] reading manifest file '../../build/mypkg/mypkg.egg-info/SOURCES.txt'
[0.742s] writing manifest file '../../build/mypkg/mypkg.egg-info/SOURCES.txt'
[0.742s] running build
[0.742s] running build_py
[0.743s] creating /home/yoshinotaiki/ros2_ws/build/mypkg/build
[0.743s] creating /home/yoshinotaiki/ros2_ws/build/mypkg/build/lib
[0.743s] creating /home/yoshinotaiki/ros2_ws/build/mypkg/build/lib/mypkg
[0.743s] copying mypkg/__init__.py -> /home/yoshinotaiki/ros2_ws/build/mypkg/build/lib/mypkg
[0.743s] running install
[0.750s] /usr/lib/python3/dist-packages/setuptools/command/install.py:34: SetuptoolsDeprecationWarning: setup.py install is deprecated. Use build and pip and other standards-based tools.
[0.750s]   warnings.warn(
[0.750s] running install_lib
[0.751s] creating /home/yoshinotaiki/ros2_ws/install/mypkg/lib/python3.10/site-packages/mypkg
[0.751s] copying /home/yoshinotaiki/ros2_ws/build/mypkg/build/lib/mypkg/__init__.py -> /home/yoshinotaiki/ros2_ws/install/mypkg/lib/python3.10/site-packages/mypkg
[0.751s] byte-compiling /home/yoshinotaiki/ros2_ws/install/mypkg/lib/python3.10/site-packages/mypkg/__init__.py to __init__.cpython-310.pyc
[0.752s] running install_data
[0.752s] creating /home/yoshinotaiki/ros2_ws/install/mypkg/share/ament_index
[0.752s] creating /home/yoshinotaiki/ros2_ws/install/mypkg/share/ament_index/resource_index
[0.753s] creating /home/yoshinotaiki/ros2_ws/install/mypkg/share/ament_index/resource_index/packages
[0.753s] copying resource/mypkg -> /home/yoshinotaiki/ros2_ws/install/mypkg/share/ament_index/resource_index/packages
[0.753s] copying package.xml -> /home/yoshinotaiki/ros2_ws/install/mypkg/share/mypkg
[0.753s] running install_egg_info
[0.754s] Copying ../../build/mypkg/mypkg.egg-info to /home/yoshinotaiki/ros2_ws/install/mypkg/lib/python3.10/site-packages/mypkg-0.0.0-py3.10.egg-info
[0.755s] running install_scripts
[0.769s] writing list of installed files to '/home/yoshinotaiki/ros2_ws/build/mypkg/install.log'
[0.787s] Invoked command in '/home/yoshinotaiki/ros2_ws/src/mypkg' returned '0': PYTHONPATH=/home/yoshinotaiki/ros2_ws/install/mypkg/lib/python3.10/site-packages:${PYTHONPATH} /usr/bin/python3 setup.py egg_info --egg-base ../../build/mypkg build --build-base /home/yoshinotaiki/ros2_ws/build/mypkg/build install --prefix /home/yoshinotaiki/ros2_ws/install/mypkg --record /home/yoshinotaiki/ros2_ws/build/mypkg/install.log --single-version-externally-managed
