[0.303s] Invoking command in '/home/yoshinotaiki/ros2_ws/build/person_msgs': CMAKE_PREFIX_PATH=${CMAKE_PREFIX_PATH}:/home/yoshinotaiki/ros2_ws/install/mypkg:/opt/ros/humble /usr/bin/cmake --build /home/yoshinotaiki/ros2_ws/build/person_msgs -- -j8 -l8
[0.485s] -- Found ament_cmake: 1.3.2 (/opt/ros/humble/share/ament_cmake/cmake)
[0.688s] -- Found rosidl_default_generators: 1.2.0 (/opt/ros/humble/share/rosidl_default_generators/cmake)
[0.692s] -- Using all available rosidl_typesupport_c: rosidl_typesupport_fastrtps_c;rosidl_typesupport_introspection_c
[0.699s] -- Found rosidl_adapter: 3.1.3 (/opt/ros/humble/share/rosidl_adapter/cmake)
[0.923s] -- Using all available rosidl_typesupport_cpp: rosidl_typesupport_fastrtps_cpp;rosidl_typesupport_introspection_cpp
[1.289s] -- Found ament_cmake_ros: 0.10.0 (/opt/ros/humble/share/ament_cmake_ros/cmake)
[1.493s] -- Using all available rosidl_typesupport_c: rosidl_typesupport_fastrtps_c;rosidl_typesupport_introspection_c
[1.788s] -- Using all available rosidl_typesupport_cpp: rosidl_typesupport_fastrtps_cpp;rosidl_typesupport_introspection_cpp
[1.823s] -- Found python_cmake_module: 0.10.0 (/opt/ros/humble/share/python_cmake_module/cmake)
[1.848s] -- Using PYTHON_EXECUTABLE: /usr/bin/python3
[1.848s] -- Using PYTHON_INCLUDE_DIRS: /usr/include/python3.10
[1.848s] -- Using PYTHON_LIBRARIES: /usr/lib/x86_64-linux-gnu/libpython3.10.so
[1.866s] -- Found ament_lint_auto: 0.12.4 (/opt/ros/humble/share/ament_lint_auto/cmake)
[1.914s] -- Added test 'lint_cmake' to check CMake code style
[1.917s] -- Added test 'xmllint' to check XML markup files
[1.923s] -- Configuring done
[2.044s] -- Generating done
[2.048s] -- Build files have been written to: /home/yoshinotaiki/ros2_ws/build/person_msgs
[2.085s] [  2%] [34m[1mGenerating C code for ROS interfaces[0m
[2.098s] [  5%] [34m[1mGenerating C++ code for ROS interfaces[0m
[2.109s] [  5%] Built target ament_cmake_python_copy_person_msgs
[2.389s] running egg_info
[2.389s] writing person_msgs.egg-info/PKG-INFO
[2.390s] writing dependency_links to person_msgs.egg-info/dependency_links.txt
[2.390s] writing top-level names to person_msgs.egg-info/top_level.txt
[2.393s] reading manifest file 'person_msgs.egg-info/SOURCES.txt'
[2.394s] writing manifest file 'person_msgs.egg-info/SOURCES.txt'
[2.420s] [  5%] Built target ament_cmake_python_build_person_msgs_egg
[2.453s] [35m[1mConsolidate compiler generated dependencies of target person_msgs__rosidl_generator_c[0m
[2.466s] [  7%] [32mBuilding C object CMakeFiles/person_msgs__rosidl_generator_c.dir/rosidl_generator_c/person_msgs/srv/detail/query__functions.c.o[0m
[2.467s] [ 10%] [32mBuilding C object CMakeFiles/person_msgs__rosidl_generator_c.dir/rosidl_generator_c/person_msgs/msg/detail/person__functions.c.o[0m
[2.509s] [ 10%] Built target person_msgs__cpp
[2.516s] [ 15%] [34m[1mGenerating C++ introspection for ROS interfaces[0m
[2.517s] [ 15%] [34m[1mGenerating C++ type support dispatch for ROS interfaces[0m
[2.517s] [ 17%] [34m[1mGenerating C++ type support for eProsima Fast-RTPS[0m
[2.604s] [ 20%] [32m[1mLinking C shared library libperson_msgs__rosidl_generator_c.so[0m
[2.751s] [ 20%] Built target person_msgs__rosidl_generator_c
[2.757s] [ 23%] [34m[1mGenerating C type support dispatch for ROS interfaces[0m
[2.758s] [ 25%] [34m[1mGenerating C introspection for ROS interfaces[0m
[2.758s] [ 28%] [34m[1mGenerating C type support for eProsima Fast-RTPS[0m
[2.790s] [35m[1mConsolidate compiler generated dependencies of target person_msgs__rosidl_typesupport_cpp[0m
[2.805s] [ 30%] [32mBuilding CXX object CMakeFiles/person_msgs__rosidl_typesupport_cpp.dir/rosidl_typesupport_cpp/person_msgs/msg/person__type_support.cpp.o[0m
[2.805s] [ 33%] [32mBuilding CXX object CMakeFiles/person_msgs__rosidl_typesupport_cpp.dir/rosidl_typesupport_cpp/person_msgs/srv/query__type_support.cpp.o[0m
[2.889s] [35m[1mConsolidate compiler generated dependencies of target person_msgs__rosidl_typesupport_introspection_cpp[0m
[2.889s] [35m[1mConsolidate compiler generated dependencies of target person_msgs__rosidl_typesupport_fastrtps_cpp[0m
[2.900s] [ 41%] [32mBuilding CXX object CMakeFiles/person_msgs__rosidl_typesupport_introspection_cpp.dir/rosidl_typesupport_introspection_cpp/person_msgs/srv/detail/query__type_support.cpp.o[0m
[2.900s] [ 41%] [32mBuilding CXX object CMakeFiles/person_msgs__rosidl_typesupport_introspection_cpp.dir/rosidl_typesupport_introspection_cpp/person_msgs/msg/detail/person__type_support.cpp.o[0m
[2.901s] [ 41%] [32mBuilding CXX object CMakeFiles/person_msgs__rosidl_typesupport_fastrtps_cpp.dir/rosidl_typesupport_fastrtps_cpp/person_msgs/msg/detail/dds_fastrtps/person__type_support.cpp.o[0m
[3.061s] [35m[1mConsolidate compiler generated dependencies of target person_msgs__rosidl_typesupport_c[0m
[3.070s] [ 43%] [32mBuilding CXX object CMakeFiles/person_msgs__rosidl_typesupport_c.dir/rosidl_typesupport_c/person_msgs/msg/person__type_support.cpp.o[0m
[3.116s] [ 46%] [32mBuilding CXX object CMakeFiles/person_msgs__rosidl_typesupport_c.dir/rosidl_typesupport_c/person_msgs/srv/query__type_support.cpp.o[0m
[3.141s] [35m[1mConsolidate compiler generated dependencies of target person_msgs__rosidl_typesupport_introspection_c[0m
[3.147s] [35m[1mConsolidate compiler generated dependencies of target person_msgs__rosidl_typesupport_fastrtps_c[0m
[3.152s] [ 48%] [32m[1mLinking CXX shared library libperson_msgs__rosidl_typesupport_c.so[0m
[3.153s] [ 51%] [32mBuilding C object CMakeFiles/person_msgs__rosidl_typesupport_introspection_c.dir/rosidl_typesupport_introspection_c/person_msgs/msg/detail/person__type_support.c.o[0m
[3.166s] [ 53%] [32mBuilding CXX object CMakeFiles/person_msgs__rosidl_typesupport_fastrtps_c.dir/rosidl_typesupport_fastrtps_c/person_msgs/msg/detail/person__type_support_c.cpp.o[0m
[3.177s] [ 56%] [32mBuilding CXX object CMakeFiles/person_msgs__rosidl_typesupport_fastrtps_c.dir/rosidl_typesupport_fastrtps_c/person_msgs/srv/detail/query__type_support_c.cpp.o[0m
[3.180s] [ 58%] [32m[1mLinking CXX shared library libperson_msgs__rosidl_typesupport_cpp.so[0m
[3.193s] [ 61%] [32mBuilding C object CMakeFiles/person_msgs__rosidl_typesupport_introspection_c.dir/rosidl_typesupport_introspection_c/person_msgs/srv/detail/query__type_support.c.o[0m
[3.240s] [ 64%] [32m[1mLinking C shared library libperson_msgs__rosidl_typesupport_introspection_c.so[0m
[3.242s] [ 64%] Built target person_msgs__rosidl_typesupport_c
[3.250s] [ 66%] [32mBuilding CXX object CMakeFiles/person_msgs__rosidl_typesupport_fastrtps_cpp.dir/rosidl_typesupport_fastrtps_cpp/person_msgs/srv/detail/dds_fastrtps/query__type_support.cpp.o[0m
[3.267s] [ 66%] Built target person_msgs__rosidl_typesupport_cpp
[3.321s] [ 66%] Built target person_msgs__rosidl_typesupport_introspection_c
[3.326s] [ 69%] [32m[1mLinking CXX shared library libperson_msgs__rosidl_typesupport_introspection_cpp.so[0m
[3.445s] [ 69%] Built target person_msgs__rosidl_typesupport_introspection_cpp
[3.524s] [ 71%] [32m[1mLinking CXX shared library libperson_msgs__rosidl_typesupport_fastrtps_c.so[0m
[3.603s] [ 74%] [32m[1mLinking CXX shared library libperson_msgs__rosidl_typesupport_fastrtps_cpp.so[0m
[3.681s] [ 74%] Built target person_msgs__rosidl_typesupport_fastrtps_c
[3.725s] [ 74%] Built target person_msgs__rosidl_typesupport_fastrtps_cpp
[3.738s] [ 74%] Built target person_msgs
[3.749s] [ 76%] [34m[1mGenerating Python code for ROS interfaces[0m
[4.220s] [ 76%] Built target person_msgs__py
[4.227s] [35m[1mConsolidate compiler generated dependencies of target person_msgs__rosidl_generator_py[0m
[4.239s] [ 79%] [32mBuilding C object CMakeFiles/person_msgs__rosidl_generator_py.dir/rosidl_generator_py/person_msgs/srv/_query_s.c.o[0m
[4.239s] [ 82%] [32mBuilding C object CMakeFiles/person_msgs__rosidl_generator_py.dir/rosidl_generator_py/person_msgs/msg/_person_s.c.o[0m
[4.364s] [ 84%] [32m[1mLinking C shared library rosidl_generator_py/person_msgs/libperson_msgs__rosidl_generator_py.so[0m
[4.445s] [ 84%] Built target person_msgs__rosidl_generator_py
[4.453s] [35m[1mConsolidate compiler generated dependencies of target person_msgs__rosidl_typesupport_fastrtps_c__pyext[0m
[4.453s] [35m[1mConsolidate compiler generated dependencies of target person_msgs__rosidl_typesupport_introspection_c__pyext[0m
[4.453s] [35m[1mConsolidate compiler generated dependencies of target person_msgs__rosidl_typesupport_c__pyext[0m
[4.461s] [ 87%] [32mBuilding C object CMakeFiles/person_msgs__rosidl_typesupport_fastrtps_c__pyext.dir/rosidl_generator_py/person_msgs/_person_msgs_s.ep.rosidl_typesupport_fastrtps_c.c.o[0m
[4.461s] [ 89%] [32mBuilding C object CMakeFiles/person_msgs__rosidl_typesupport_introspection_c__pyext.dir/rosidl_generator_py/person_msgs/_person_msgs_s.ep.rosidl_typesupport_introspection_c.c.o[0m
[4.462s] [ 92%] [32mBuilding C object CMakeFiles/person_msgs__rosidl_typesupport_c__pyext.dir/rosidl_generator_py/person_msgs/_person_msgs_s.ep.rosidl_typesupport_c.c.o[0m
[4.530s] [ 94%] [32m[1mLinking C shared library rosidl_generator_py/person_msgs/person_msgs_s__rosidl_typesupport_introspection_c.cpython-310-x86_64-linux-gnu.so[0m
[4.535s] [ 97%] [32m[1mLinking C shared library rosidl_generator_py/person_msgs/person_msgs_s__rosidl_typesupport_fastrtps_c.cpython-310-x86_64-linux-gnu.so[0m
[4.537s] [100%] [32m[1mLinking C shared library rosidl_generator_py/person_msgs/person_msgs_s__rosidl_typesupport_c.cpython-310-x86_64-linux-gnu.so[0m
[4.623s] [100%] Built target person_msgs__rosidl_typesupport_introspection_c__pyext
[4.623s] [100%] Built target person_msgs__rosidl_typesupport_fastrtps_c__pyext
[4.641s] [100%] Built target person_msgs__rosidl_typesupport_c__pyext
[4.650s] Invoked command in '/home/yoshinotaiki/ros2_ws/build/person_msgs' returned '0': CMAKE_PREFIX_PATH=${CMAKE_PREFIX_PATH}:/home/yoshinotaiki/ros2_ws/install/mypkg:/opt/ros/humble /usr/bin/cmake --build /home/yoshinotaiki/ros2_ws/build/person_msgs -- -j8 -l8
[4.709s] Invoking command in '/home/yoshinotaiki/ros2_ws/build/person_msgs': CMAKE_PREFIX_PATH=${CMAKE_PREFIX_PATH}:/home/yoshinotaiki/ros2_ws/install/mypkg:/opt/ros/humble /usr/bin/cmake --install /home/yoshinotaiki/ros2_ws/build/person_msgs
[4.713s] -- Install configuration: ""
[4.714s] -- Installing: /home/yoshinotaiki/ros2_ws/install/person_msgs/share/ament_index/resource_index/rosidl_interfaces/person_msgs
[4.715s] -- Up-to-date: /home/yoshinotaiki/ros2_ws/install/person_msgs/include/person_msgs/person_msgs
[4.715s] -- Installing: /home/yoshinotaiki/ros2_ws/install/person_msgs/include/person_msgs/person_msgs/srv
[4.715s] -- Installing: /home/yoshinotaiki/ros2_ws/install/person_msgs/include/person_msgs/person_msgs/srv/query.h
[4.715s] -- Installing: /home/yoshinotaiki/ros2_ws/install/person_msgs/include/person_msgs/person_msgs/srv/detail
[4.716s] -- Installing: /home/yoshinotaiki/ros2_ws/install/person_msgs/include/person_msgs/person_msgs/srv/detail/query__functions.c
[4.716s] -- Installing: /home/yoshinotaiki/ros2_ws/install/person_msgs/include/person_msgs/person_msgs/srv/detail/query__type_support.h
[4.716s] -- Installing: /home/yoshinotaiki/ros2_ws/install/person_msgs/include/person_msgs/person_msgs/srv/detail/query__functions.h
[4.716s] -- Installing: /home/yoshinotaiki/ros2_ws/install/person_msgs/include/person_msgs/person_msgs/srv/detail/query__struct.h
[4.716s] -- Up-to-date: /home/yoshinotaiki/ros2_ws/install/person_msgs/include/person_msgs/person_msgs/msg
[4.716s] -- Installing: /home/yoshinotaiki/ros2_ws/install/person_msgs/include/person_msgs/person_msgs/msg/person.h
[4.716s] -- Up-to-date: /home/yoshinotaiki/ros2_ws/install/person_msgs/include/person_msgs/person_msgs/msg/rosidl_generator_c__visibility_control.h
[4.716s] -- Up-to-date: /home/yoshinotaiki/ros2_ws/install/person_msgs/include/person_msgs/person_msgs/msg/detail
[4.717s] -- Installing: /home/yoshinotaiki/ros2_ws/install/person_msgs/include/person_msgs/person_msgs/msg/detail/person__functions.c
[4.717s] -- Installing: /home/yoshinotaiki/ros2_ws/install/person_msgs/include/person_msgs/person_msgs/msg/detail/person__type_support.h
[4.717s] -- Installing: /home/yoshinotaiki/ros2_ws/install/person_msgs/include/person_msgs/person_msgs/msg/detail/person__functions.h
[4.717s] -- Installing: /home/yoshinotaiki/ros2_ws/install/person_msgs/include/person_msgs/person_msgs/msg/detail/person__struct.h
[4.717s] -- Up-to-date: /home/yoshinotaiki/ros2_ws/install/person_msgs/share/person_msgs/environment/library_path.sh
[4.717s] -- Installing: /home/yoshinotaiki/ros2_ws/install/person_msgs/share/person_msgs/environment/library_path.dsv
[4.718s] -- Installing: /home/yoshinotaiki/ros2_ws/install/person_msgs/lib/libperson_msgs__rosidl_generator_c.so
[4.718s] -- Set runtime path of "/home/yoshinotaiki/ros2_ws/install/person_msgs/lib/libperson_msgs__rosidl_generator_c.so" to ""
[4.719s] -- Up-to-date: /home/yoshinotaiki/ros2_ws/install/person_msgs/include/person_msgs/person_msgs
[4.719s] -- Up-to-date: /home/yoshinotaiki/ros2_ws/install/person_msgs/include/person_msgs/person_msgs/srv
[4.719s] -- Up-to-date: /home/yoshinotaiki/ros2_ws/install/person_msgs/include/person_msgs/person_msgs/srv/detail
[4.719s] -- Installing: /home/yoshinotaiki/ros2_ws/install/person_msgs/include/person_msgs/person_msgs/srv/detail/query__rosidl_typesupport_fastrtps_c.h
[4.719s] -- Up-to-date: /home/yoshinotaiki/ros2_ws/install/person_msgs/include/person_msgs/person_msgs/msg
[4.719s] -- Up-to-date: /home/yoshinotaiki/ros2_ws/install/person_msgs/include/person_msgs/person_msgs/msg/rosidl_typesupport_fastrtps_c__visibility_control.h
[4.719s] -- Up-to-date: /home/yoshinotaiki/ros2_ws/install/person_msgs/include/person_msgs/person_msgs/msg/detail
[4.719s] -- Installing: /home/yoshinotaiki/ros2_ws/install/person_msgs/include/person_msgs/person_msgs/msg/detail/person__rosidl_typesupport_fastrtps_c.h
[4.720s] -- Installing: /home/yoshinotaiki/ros2_ws/install/person_msgs/lib/libperson_msgs__rosidl_typesupport_fastrtps_c.so
[4.720s] -- Set runtime path of "/home/yoshinotaiki/ros2_ws/install/person_msgs/lib/libperson_msgs__rosidl_typesupport_fastrtps_c.so" to ""
[4.720s] -- Up-to-date: /home/yoshinotaiki/ros2_ws/install/person_msgs/include/person_msgs/person_msgs
[4.720s] -- Up-to-date: /home/yoshinotaiki/ros2_ws/install/person_msgs/include/person_msgs/person_msgs/srv
[4.721s] -- Up-to-date: /home/yoshinotaiki/ros2_ws/install/person_msgs/include/person_msgs/person_msgs/srv/detail
[4.721s] -- Installing: /home/yoshinotaiki/ros2_ws/install/person_msgs/include/person_msgs/person_msgs/srv/detail/query__type_support.c
[4.721s] -- Installing: /home/yoshinotaiki/ros2_ws/install/person_msgs/include/person_msgs/person_msgs/srv/detail/query__rosidl_typesupport_introspection_c.h
[4.721s] -- Up-to-date: /home/yoshinotaiki/ros2_ws/install/person_msgs/include/person_msgs/person_msgs/msg
[4.721s] -- Up-to-date: /home/yoshinotaiki/ros2_ws/install/person_msgs/include/person_msgs/person_msgs/msg/rosidl_typesupport_introspection_c__visibility_control.h
[4.721s] -- Up-to-date: /home/yoshinotaiki/ros2_ws/install/person_msgs/include/person_msgs/person_msgs/msg/detail
[4.721s] -- Installing: /home/yoshinotaiki/ros2_ws/install/person_msgs/include/person_msgs/person_msgs/msg/detail/person__type_support.c
[4.721s] -- Installing: /home/yoshinotaiki/ros2_ws/install/person_msgs/include/person_msgs/person_msgs/msg/detail/person__rosidl_typesupport_introspection_c.h
[4.721s] -- Installing: /home/yoshinotaiki/ros2_ws/install/person_msgs/lib/libperson_msgs__rosidl_typesupport_introspection_c.so
[4.721s] -- Set runtime path of "/home/yoshinotaiki/ros2_ws/install/person_msgs/lib/libperson_msgs__rosidl_typesupport_introspection_c.so" to ""
[4.722s] -- Installing: /home/yoshinotaiki/ros2_ws/install/person_msgs/lib/libperson_msgs__rosidl_typesupport_c.so
[4.722s] -- Set runtime path of "/home/yoshinotaiki/ros2_ws/install/person_msgs/lib/libperson_msgs__rosidl_typesupport_c.so" to ""
[4.722s] -- Up-to-date: /home/yoshinotaiki/ros2_ws/install/person_msgs/include/person_msgs/person_msgs
[4.722s] -- Up-to-date: /home/yoshinotaiki/ros2_ws/install/person_msgs/include/person_msgs/person_msgs/srv
[4.723s] -- Installing: /home/yoshinotaiki/ros2_ws/install/person_msgs/include/person_msgs/person_msgs/srv/query.hpp
[4.723s] -- Up-to-date: /home/yoshinotaiki/ros2_ws/install/person_msgs/include/person_msgs/person_msgs/srv/detail
[4.723s] -- Installing: /home/yoshinotaiki/ros2_ws/install/person_msgs/include/person_msgs/person_msgs/srv/detail/query__builder.hpp
[4.723s] -- Installing: /home/yoshinotaiki/ros2_ws/install/person_msgs/include/person_msgs/person_msgs/srv/detail/query__struct.hpp
[4.723s] -- Installing: /home/yoshinotaiki/ros2_ws/install/person_msgs/include/person_msgs/person_msgs/srv/detail/query__traits.hpp
[4.723s] -- Up-to-date: /home/yoshinotaiki/ros2_ws/install/person_msgs/include/person_msgs/person_msgs/msg
[4.723s] -- Installing: /home/yoshinotaiki/ros2_ws/install/person_msgs/include/person_msgs/person_msgs/msg/person.hpp
[4.723s] -- Up-to-date: /home/yoshinotaiki/ros2_ws/install/person_msgs/include/person_msgs/person_msgs/msg/detail
[4.724s] -- Installing: /home/yoshinotaiki/ros2_ws/install/person_msgs/include/person_msgs/person_msgs/msg/detail/person__builder.hpp
[4.724s] -- Installing: /home/yoshinotaiki/ros2_ws/install/person_msgs/include/person_msgs/person_msgs/msg/detail/person__traits.hpp
[4.724s] -- Installing: /home/yoshinotaiki/ros2_ws/install/person_msgs/include/person_msgs/person_msgs/msg/detail/person__struct.hpp
[4.724s] -- Up-to-date: /home/yoshinotaiki/ros2_ws/install/person_msgs/include/person_msgs/person_msgs
[4.724s] -- Up-to-date: /home/yoshinotaiki/ros2_ws/install/person_msgs/include/person_msgs/person_msgs/srv
[4.724s] -- Up-to-date: /home/yoshinotaiki/ros2_ws/install/person_msgs/include/person_msgs/person_msgs/srv/detail
[4.724s] -- Installing: /home/yoshinotaiki/ros2_ws/install/person_msgs/include/person_msgs/person_msgs/srv/detail/dds_fastrtps
[4.724s] -- Installing: /home/yoshinotaiki/ros2_ws/install/person_msgs/include/person_msgs/person_msgs/srv/detail/query__rosidl_typesupport_fastrtps_cpp.hpp
[4.724s] -- Up-to-date: /home/yoshinotaiki/ros2_ws/install/person_msgs/include/person_msgs/person_msgs/msg
[4.725s] -- Up-to-date: /home/yoshinotaiki/ros2_ws/install/person_msgs/include/person_msgs/person_msgs/msg/rosidl_typesupport_fastrtps_cpp__visibility_control.h
[4.725s] -- Up-to-date: /home/yoshinotaiki/ros2_ws/install/person_msgs/include/person_msgs/person_msgs/msg/detail
[4.725s] -- Up-to-date: /home/yoshinotaiki/ros2_ws/install/person_msgs/include/person_msgs/person_msgs/msg/detail/dds_fastrtps
[4.725s] -- Installing: /home/yoshinotaiki/ros2_ws/install/person_msgs/include/person_msgs/person_msgs/msg/detail/person__rosidl_typesupport_fastrtps_cpp.hpp
[4.725s] -- Installing: /home/yoshinotaiki/ros2_ws/install/person_msgs/lib/libperson_msgs__rosidl_typesupport_fastrtps_cpp.so
[4.725s] -- Set runtime path of "/home/yoshinotaiki/ros2_ws/install/person_msgs/lib/libperson_msgs__rosidl_typesupport_fastrtps_cpp.so" to ""
[4.725s] -- Up-to-date: /home/yoshinotaiki/ros2_ws/install/person_msgs/include/person_msgs/person_msgs
[4.726s] -- Up-to-date: /home/yoshinotaiki/ros2_ws/install/person_msgs/include/person_msgs/person_msgs/srv
[4.726s] -- Up-to-date: /home/yoshinotaiki/ros2_ws/install/person_msgs/include/person_msgs/person_msgs/srv/detail
[4.726s] -- Installing: /home/yoshinotaiki/ros2_ws/install/person_msgs/include/person_msgs/person_msgs/srv/detail/query__type_support.cpp
[4.726s] -- Installing: /home/yoshinotaiki/ros2_ws/install/person_msgs/include/person_msgs/person_msgs/srv/detail/query__rosidl_typesupport_introspection_cpp.hpp
[4.726s] -- Up-to-date: /home/yoshinotaiki/ros2_ws/install/person_msgs/include/person_msgs/person_msgs/msg
[4.726s] -- Up-to-date: /home/yoshinotaiki/ros2_ws/install/person_msgs/include/person_msgs/person_msgs/msg/detail
[4.726s] -- Installing: /home/yoshinotaiki/ros2_ws/install/person_msgs/include/person_msgs/person_msgs/msg/detail/person__rosidl_typesupport_introspection_cpp.hpp
[4.726s] -- Installing: /home/yoshinotaiki/ros2_ws/install/person_msgs/include/person_msgs/person_msgs/msg/detail/person__type_support.cpp
[4.726s] -- Installing: /home/yoshinotaiki/ros2_ws/install/person_msgs/lib/libperson_msgs__rosidl_typesupport_introspection_cpp.so
[4.727s] -- Set runtime path of "/home/yoshinotaiki/ros2_ws/install/person_msgs/lib/libperson_msgs__rosidl_typesupport_introspection_cpp.so" to ""
[4.727s] -- Installing: /home/yoshinotaiki/ros2_ws/install/person_msgs/lib/libperson_msgs__rosidl_typesupport_cpp.so
[4.727s] -- Set runtime path of "/home/yoshinotaiki/ros2_ws/install/person_msgs/lib/libperson_msgs__rosidl_typesupport_cpp.so" to ""
[4.728s] -- Up-to-date: /home/yoshinotaiki/ros2_ws/install/person_msgs/share/person_msgs/environment/pythonpath.sh
[4.728s] -- Installing: /home/yoshinotaiki/ros2_ws/install/person_msgs/share/person_msgs/environment/pythonpath.dsv
[4.728s] -- Up-to-date: /home/yoshinotaiki/ros2_ws/install/person_msgs/local/lib/python3.10/dist-packages/person_msgs-0.0.0-py3.10.egg-info
[4.728s] -- Installing: /home/yoshinotaiki/ros2_ws/install/person_msgs/local/lib/python3.10/dist-packages/person_msgs-0.0.0-py3.10.egg-info/top_level.txt
[4.728s] -- Installing: /home/yoshinotaiki/ros2_ws/install/person_msgs/local/lib/python3.10/dist-packages/person_msgs-0.0.0-py3.10.egg-info/dependency_links.txt
[4.728s] -- Installing: /home/yoshinotaiki/ros2_ws/install/person_msgs/local/lib/python3.10/dist-packages/person_msgs-0.0.0-py3.10.egg-info/SOURCES.txt
[4.729s] -- Installing: /home/yoshinotaiki/ros2_ws/install/person_msgs/local/lib/python3.10/dist-packages/person_msgs-0.0.0-py3.10.egg-info/PKG-INFO
[4.729s] -- Up-to-date: /home/yoshinotaiki/ros2_ws/install/person_msgs/local/lib/python3.10/dist-packages/person_msgs
[4.729s] -- Installing: /home/yoshinotaiki/ros2_ws/install/person_msgs/local/lib/python3.10/dist-packages/person_msgs/srv
[4.729s] -- Installing: /home/yoshinotaiki/ros2_ws/install/person_msgs/local/lib/python3.10/dist-packages/person_msgs/srv/_query_s.c
[4.729s] -- Installing: /home/yoshinotaiki/ros2_ws/install/person_msgs/local/lib/python3.10/dist-packages/person_msgs/srv/_query.py
[4.729s] -- Installing: /home/yoshinotaiki/ros2_ws/install/person_msgs/local/lib/python3.10/dist-packages/person_msgs/srv/__init__.py
[4.729s] -- Installing: /home/yoshinotaiki/ros2_ws/install/person_msgs/local/lib/python3.10/dist-packages/person_msgs/libperson_msgs__rosidl_generator_py.so
[4.729s] -- Installing: /home/yoshinotaiki/ros2_ws/install/person_msgs/local/lib/python3.10/dist-packages/person_msgs/_person_msgs_s.ep.rosidl_typesupport_introspection_c.c
[4.730s] -- Installing: /home/yoshinotaiki/ros2_ws/install/person_msgs/local/lib/python3.10/dist-packages/person_msgs/_person_msgs_s.ep.rosidl_typesupport_c.c
[4.730s] -- Installing: /home/yoshinotaiki/ros2_ws/install/person_msgs/local/lib/python3.10/dist-packages/person_msgs/person_msgs_s__rosidl_typesupport_fastrtps_c.cpython-310-x86_64-linux-gnu.so
[4.730s] -- Up-to-date: /home/yoshinotaiki/ros2_ws/install/person_msgs/local/lib/python3.10/dist-packages/person_msgs/msg
[4.730s] -- Installing: /home/yoshinotaiki/ros2_ws/install/person_msgs/local/lib/python3.10/dist-packages/person_msgs/msg/_person.py
[4.730s] -- Installing: /home/yoshinotaiki/ros2_ws/install/person_msgs/local/lib/python3.10/dist-packages/person_msgs/msg/_person_s.c
[4.730s] -- Installing: /home/yoshinotaiki/ros2_ws/install/person_msgs/local/lib/python3.10/dist-packages/person_msgs/msg/__init__.py
[4.731s] -- Installing: /home/yoshinotaiki/ros2_ws/install/person_msgs/local/lib/python3.10/dist-packages/person_msgs/person_msgs_s__rosidl_typesupport_introspection_c.cpython-310-x86_64-linux-gnu.so
[4.731s] -- Installing: /home/yoshinotaiki/ros2_ws/install/person_msgs/local/lib/python3.10/dist-packages/person_msgs/person_msgs_s__rosidl_typesupport_c.cpython-310-x86_64-linux-gnu.so
[4.731s] -- Installing: /home/yoshinotaiki/ros2_ws/install/person_msgs/local/lib/python3.10/dist-packages/person_msgs/_person_msgs_s.ep.rosidl_typesupport_fastrtps_c.c
[4.731s] -- Installing: /home/yoshinotaiki/ros2_ws/install/person_msgs/local/lib/python3.10/dist-packages/person_msgs/__init__.py
[4.757s] Listing '/home/yoshinotaiki/ros2_ws/install/person_msgs/local/lib/python3.10/dist-packages/person_msgs'...
[4.757s] Compiling '/home/yoshinotaiki/ros2_ws/install/person_msgs/local/lib/python3.10/dist-packages/person_msgs/__init__.py'...
[4.757s] Listing '/home/yoshinotaiki/ros2_ws/install/person_msgs/local/lib/python3.10/dist-packages/person_msgs/msg'...
[4.757s] Compiling '/home/yoshinotaiki/ros2_ws/install/person_msgs/local/lib/python3.10/dist-packages/person_msgs/msg/__init__.py'...
[4.757s] Compiling '/home/yoshinotaiki/ros2_ws/install/person_msgs/local/lib/python3.10/dist-packages/person_msgs/msg/_person.py'...
[4.757s] Listing '/home/yoshinotaiki/ros2_ws/install/person_msgs/local/lib/python3.10/dist-packages/person_msgs/srv'...
[4.757s] Compiling '/home/yoshinotaiki/ros2_ws/install/person_msgs/local/lib/python3.10/dist-packages/person_msgs/srv/__init__.py'...
[4.757s] Compiling '/home/yoshinotaiki/ros2_ws/install/person_msgs/local/lib/python3.10/dist-packages/person_msgs/srv/_query.py'...
[4.760s] -- Installing: /home/yoshinotaiki/ros2_ws/install/person_msgs/local/lib/python3.10/dist-packages/person_msgs/person_msgs_s__rosidl_typesupport_fastrtps_c.cpython-310-x86_64-linux-gnu.so
[4.760s] -- Set runtime path of "/home/yoshinotaiki/ros2_ws/install/person_msgs/local/lib/python3.10/dist-packages/person_msgs/person_msgs_s__rosidl_typesupport_fastrtps_c.cpython-310-x86_64-linux-gnu.so" to ""
[4.761s] -- Installing: /home/yoshinotaiki/ros2_ws/install/person_msgs/local/lib/python3.10/dist-packages/person_msgs/person_msgs_s__rosidl_typesupport_introspection_c.cpython-310-x86_64-linux-gnu.so
[4.761s] -- Set runtime path of "/home/yoshinotaiki/ros2_ws/install/person_msgs/local/lib/python3.10/dist-packages/person_msgs/person_msgs_s__rosidl_typesupport_introspection_c.cpython-310-x86_64-linux-gnu.so" to ""
[4.761s] -- Installing: /home/yoshinotaiki/ros2_ws/install/person_msgs/local/lib/python3.10/dist-packages/person_msgs/person_msgs_s__rosidl_typesupport_c.cpython-310-x86_64-linux-gnu.so
[4.761s] -- Set runtime path of "/home/yoshinotaiki/ros2_ws/install/person_msgs/local/lib/python3.10/dist-packages/person_msgs/person_msgs_s__rosidl_typesupport_c.cpython-310-x86_64-linux-gnu.so" to ""
[4.762s] -- Installing: /home/yoshinotaiki/ros2_ws/install/person_msgs/lib/libperson_msgs__rosidl_generator_py.so
[4.762s] -- Set runtime path of "/home/yoshinotaiki/ros2_ws/install/person_msgs/lib/libperson_msgs__rosidl_generator_py.so" to ""
[4.763s] -- Up-to-date: /home/yoshinotaiki/ros2_ws/install/person_msgs/share/person_msgs/msg/Person.idl
[4.763s] -- Installing: /home/yoshinotaiki/ros2_ws/install/person_msgs/share/person_msgs/srv/Query.idl
[4.763s] -- Up-to-date: /home/yoshinotaiki/ros2_ws/install/person_msgs/share/person_msgs/msg/Person.msg
[4.763s] -- Installing: /home/yoshinotaiki/ros2_ws/install/person_msgs/share/person_msgs/srv/Query.srv
[4.763s] -- Installing: /home/yoshinotaiki/ros2_ws/install/person_msgs/share/person_msgs/srv/Query_Request.msg
[4.763s] -- Installing: /home/yoshinotaiki/ros2_ws/install/person_msgs/share/person_msgs/srv/Query_Response.msg
[4.764s] -- Up-to-date: /home/yoshinotaiki/ros2_ws/install/person_msgs/share/ament_index/resource_index/package_run_dependencies/person_msgs
[4.764s] -- Up-to-date: /home/yoshinotaiki/ros2_ws/install/person_msgs/share/ament_index/resource_index/parent_prefix_path/person_msgs
[4.764s] -- Up-to-date: /home/yoshinotaiki/ros2_ws/install/person_msgs/share/person_msgs/environment/ament_prefix_path.sh
[4.764s] -- Installing: /home/yoshinotaiki/ros2_ws/install/person_msgs/share/person_msgs/environment/ament_prefix_path.dsv
[4.764s] -- Up-to-date: /home/yoshinotaiki/ros2_ws/install/person_msgs/share/person_msgs/environment/path.sh
[4.764s] -- Installing: /home/yoshinotaiki/ros2_ws/install/person_msgs/share/person_msgs/environment/path.dsv
[4.765s] -- Up-to-date: /home/yoshinotaiki/ros2_ws/install/person_msgs/share/person_msgs/local_setup.bash
[4.765s] -- Up-to-date: /home/yoshinotaiki/ros2_ws/install/person_msgs/share/person_msgs/local_setup.sh
[4.765s] -- Up-to-date: /home/yoshinotaiki/ros2_ws/install/person_msgs/share/person_msgs/local_setup.zsh
[4.765s] -- Installing: /home/yoshinotaiki/ros2_ws/install/person_msgs/share/person_msgs/local_setup.dsv
[4.765s] -- Installing: /home/yoshinotaiki/ros2_ws/install/person_msgs/share/person_msgs/package.dsv
[4.765s] -- Up-to-date: /home/yoshinotaiki/ros2_ws/install/person_msgs/share/ament_index/resource_index/packages/person_msgs
[4.765s] -- Up-to-date: /home/yoshinotaiki/ros2_ws/install/person_msgs/share/person_msgs/cmake/export_person_msgs__rosidl_generator_cExport.cmake
[4.766s] -- Up-to-date: /home/yoshinotaiki/ros2_ws/install/person_msgs/share/person_msgs/cmake/export_person_msgs__rosidl_generator_cExport-noconfig.cmake
[4.766s] -- Up-to-date: /home/yoshinotaiki/ros2_ws/install/person_msgs/share/person_msgs/cmake/export_person_msgs__rosidl_typesupport_fastrtps_cExport.cmake
[4.766s] -- Up-to-date: /home/yoshinotaiki/ros2_ws/install/person_msgs/share/person_msgs/cmake/export_person_msgs__rosidl_typesupport_fastrtps_cExport-noconfig.cmake
[4.766s] -- Up-to-date: /home/yoshinotaiki/ros2_ws/install/person_msgs/share/person_msgs/cmake/person_msgs__rosidl_typesupport_introspection_cExport.cmake
[4.766s] -- Up-to-date: /home/yoshinotaiki/ros2_ws/install/person_msgs/share/person_msgs/cmake/person_msgs__rosidl_typesupport_introspection_cExport-noconfig.cmake
[4.767s] -- Up-to-date: /home/yoshinotaiki/ros2_ws/install/person_msgs/share/person_msgs/cmake/person_msgs__rosidl_typesupport_cExport.cmake
[4.767s] -- Up-to-date: /home/yoshinotaiki/ros2_ws/install/person_msgs/share/person_msgs/cmake/person_msgs__rosidl_typesupport_cExport-noconfig.cmake
[4.767s] -- Up-to-date: /home/yoshinotaiki/ros2_ws/install/person_msgs/share/person_msgs/cmake/export_person_msgs__rosidl_generator_cppExport.cmake
[4.768s] -- Up-to-date: /home/yoshinotaiki/ros2_ws/install/person_msgs/share/person_msgs/cmake/export_person_msgs__rosidl_typesupport_fastrtps_cppExport.cmake
[4.768s] -- Up-to-date: /home/yoshinotaiki/ros2_ws/install/person_msgs/share/person_msgs/cmake/export_person_msgs__rosidl_typesupport_fastrtps_cppExport-noconfig.cmake
[4.768s] -- Up-to-date: /home/yoshinotaiki/ros2_ws/install/person_msgs/share/person_msgs/cmake/person_msgs__rosidl_typesupport_introspection_cppExport.cmake
[4.768s] -- Up-to-date: /home/yoshinotaiki/ros2_ws/install/person_msgs/share/person_msgs/cmake/person_msgs__rosidl_typesupport_introspection_cppExport-noconfig.cmake
[4.769s] -- Up-to-date: /home/yoshinotaiki/ros2_ws/install/person_msgs/share/person_msgs/cmake/person_msgs__rosidl_typesupport_cppExport.cmake
[4.769s] -- Up-to-date: /home/yoshinotaiki/ros2_ws/install/person_msgs/share/person_msgs/cmake/person_msgs__rosidl_typesupport_cppExport-noconfig.cmake
[4.769s] -- Up-to-date: /home/yoshinotaiki/ros2_ws/install/person_msgs/share/person_msgs/cmake/export_person_msgs__rosidl_generator_pyExport.cmake
[4.769s] -- Up-to-date: /home/yoshinotaiki/ros2_ws/install/person_msgs/share/person_msgs/cmake/export_person_msgs__rosidl_generator_pyExport-noconfig.cmake
[4.769s] -- Installing: /home/yoshinotaiki/ros2_ws/install/person_msgs/share/person_msgs/cmake/rosidl_cmake-extras.cmake
[4.770s] -- Up-to-date: /home/yoshinotaiki/ros2_ws/install/person_msgs/share/person_msgs/cmake/ament_cmake_export_include_directories-extras.cmake
[4.770s] -- Up-to-date: /home/yoshinotaiki/ros2_ws/install/person_msgs/share/person_msgs/cmake/ament_cmake_export_libraries-extras.cmake
[4.770s] -- Up-to-date: /home/yoshinotaiki/ros2_ws/install/person_msgs/share/person_msgs/cmake/ament_cmake_export_targets-extras.cmake
[4.770s] -- Up-to-date: /home/yoshinotaiki/ros2_ws/install/person_msgs/share/person_msgs/cmake/rosidl_cmake_export_typesupport_targets-extras.cmake
[4.770s] -- Up-to-date: /home/yoshinotaiki/ros2_ws/install/person_msgs/share/person_msgs/cmake/ament_cmake_export_dependencies-extras.cmake
[4.770s] -- Up-to-date: /home/yoshinotaiki/ros2_ws/install/person_msgs/share/person_msgs/cmake/rosidl_cmake_export_typesupport_libraries-extras.cmake
[4.770s] -- Up-to-date: /home/yoshinotaiki/ros2_ws/install/person_msgs/share/person_msgs/cmake/person_msgsConfig.cmake
[4.770s] -- Up-to-date: /home/yoshinotaiki/ros2_ws/install/person_msgs/share/person_msgs/cmake/person_msgsConfig-version.cmake
[4.770s] -- Up-to-date: /home/yoshinotaiki/ros2_ws/install/person_msgs/share/person_msgs/package.xml
[4.773s] Invoked command in '/home/yoshinotaiki/ros2_ws/build/person_msgs' returned '0': CMAKE_PREFIX_PATH=${CMAKE_PREFIX_PATH}:/home/yoshinotaiki/ros2_ws/install/mypkg:/opt/ros/humble /usr/bin/cmake --install /home/yoshinotaiki/ros2_ws/build/person_msgs
