[0.265s] Invoking command in '/home/yoshinotaiki/ros2_ws/build/person_msgs': CMAKE_PREFIX_PATH=/home/yoshinotaiki/ros2_ws/install/mypkg:/opt/ros/humble /usr/bin/cmake /home/yoshinotaiki/ros2_ws/src/person_msgs -DCMAKE_INSTALL_PREFIX=/home/yoshinotaiki/ros2_ws/install/person_msgs
[0.595s] -- The C compiler identification is GNU 11.3.0
[1.219s] -- The CXX compiler identification is GNU 11.3.0
[1.656s] -- Detecting C compiler ABI info
[1.781s] -- Detecting C compiler ABI info - done
[1.789s] -- Check for working C compiler: /usr/bin/cc - skipped
[1.796s] -- Detecting C compile features
[1.797s] -- Detecting C compile features - done
[1.802s] -- Detecting CXX compiler ABI info
[2.010s] -- Detecting CXX compiler ABI info - done
[2.023s] -- Check for working CXX compiler: /usr/bin/c++ - skipped
[2.023s] -- Detecting CXX compile features
[2.024s] -- Detecting CXX compile features - done
[2.032s] -- Found ament_cmake: 1.3.2 (/opt/ros/humble/share/ament_cmake/cmake)
[2.222s] -- Found Python3: /usr/bin/python3.10 (found version "3.10.6") found components: Interpreter 
[2.368s] -- Found rosidl_default_generators: 1.2.0 (/opt/ros/humble/share/rosidl_default_generators/cmake)
[2.378s] -- Using all available rosidl_typesupport_c: rosidl_typesupport_fastrtps_c;rosidl_typesupport_introspection_c
[2.395s] -- Found rosidl_adapter: 3.1.3 (/opt/ros/humble/share/rosidl_adapter/cmake)
[2.590s] -- Using all available rosidl_typesupport_cpp: rosidl_typesupport_fastrtps_cpp;rosidl_typesupport_introspection_cpp
[2.911s] -- Found ament_cmake_ros: 0.10.0 (/opt/ros/humble/share/ament_cmake_ros/cmake)
[3.043s] -- Using all available rosidl_typesupport_c: rosidl_typesupport_fastrtps_c;rosidl_typesupport_introspection_c
[3.197s] -- Using all available rosidl_typesupport_cpp: rosidl_typesupport_fastrtps_cpp;rosidl_typesupport_introspection_cpp
[3.304s] -- Found PythonInterp: /usr/bin/python3 (found suitable version "3.10.6", minimum required is "3.6") 
[3.306s] -- Found python_cmake_module: 0.10.0 (/opt/ros/humble/share/python_cmake_module/cmake)
[3.564s] -- Found PythonLibs: /usr/lib/x86_64-linux-gnu/libpython3.10.so (found suitable version "3.10.6", minimum required is "3.5") 
[3.564s] -- Using PYTHON_EXECUTABLE: /usr/bin/python3
[3.565s] -- Using PYTHON_INCLUDE_DIRS: /usr/include/python3.10
[3.565s] -- Using PYTHON_LIBRARIES: /usr/lib/x86_64-linux-gnu/libpython3.10.so
[3.578s] -- Found PythonExtra: .so  
[3.619s] -- Found ament_lint_auto: 0.12.4 (/opt/ros/humble/share/ament_lint_auto/cmake)
[3.639s] -- Added test 'lint_cmake' to check CMake code style
[3.640s] -- Added test 'xmllint' to check XML markup files
[3.643s] -- Configuring done
[3.657s] -- Generating done
[3.659s] -- Build files have been written to: /home/yoshinotaiki/ros2_ws/build/person_msgs
[3.664s] Invoked command in '/home/yoshinotaiki/ros2_ws/build/person_msgs' returned '0': CMAKE_PREFIX_PATH=/home/yoshinotaiki/ros2_ws/install/mypkg:/opt/ros/humble /usr/bin/cmake /home/yoshinotaiki/ros2_ws/src/person_msgs -DCMAKE_INSTALL_PREFIX=/home/yoshinotaiki/ros2_ws/install/person_msgs
[3.666s] Invoking command in '/home/yoshinotaiki/ros2_ws/build/person_msgs': CMAKE_PREFIX_PATH=/home/yoshinotaiki/ros2_ws/install/mypkg:/opt/ros/humble /usr/bin/cmake --build /home/yoshinotaiki/ros2_ws/build/person_msgs -- -j8 -l8
[3.686s] [  3%] [34m[1mGenerating C code for ROS interfaces[0m
[3.693s] [  6%] [34m[1mGenerating C++ code for ROS interfaces[0m
[3.696s] [  6%] Built target ament_cmake_python_copy_person_msgs
[3.912s] [  9%] [32mBuilding C object CMakeFiles/person_msgs__rosidl_generator_c.dir/rosidl_generator_c/person_msgs/msg/detail/person__functions.c.o[0m
[3.915s] running egg_info
[3.915s] creating person_msgs.egg-info
[3.915s] writing person_msgs.egg-info/PKG-INFO
[3.916s] writing dependency_links to person_msgs.egg-info/dependency_links.txt
[3.916s] writing top-level names to person_msgs.egg-info/top_level.txt
[3.916s] writing manifest file 'person_msgs.egg-info/SOURCES.txt'
[3.917s] reading manifest file 'person_msgs.egg-info/SOURCES.txt'
[3.918s] writing manifest file 'person_msgs.egg-info/SOURCES.txt'
[3.940s] [  9%] Built target ament_cmake_python_build_person_msgs_egg
[3.948s] [  9%] Built target person_msgs__cpp
[3.953s] [ 12%] [34m[1mGenerating C++ type support dispatch for ROS interfaces[0m
[3.954s] [ 19%] [34m[1mGenerating C++ type support for eProsima Fast-RTPS[0m
[3.955s] [ 19%] [34m[1mGenerating C++ introspection for ROS interfaces[0m
[3.980s] [ 22%] [32m[1mLinking C shared library libperson_msgs__rosidl_generator_c.so[0m
[4.043s] [ 22%] Built target person_msgs__rosidl_generator_c
[4.051s] [ 29%] [34m[1mGenerating C introspection for ROS interfaces[0m
[4.051s] [ 29%] [34m[1mGenerating C type support dispatch for ROS interfaces[0m
[4.051s] [ 32%] [34m[1mGenerating C type support for eProsima Fast-RTPS[0m
[4.159s] [ 35%] [32mBuilding CXX object CMakeFiles/person_msgs__rosidl_typesupport_cpp.dir/rosidl_typesupport_cpp/person_msgs/msg/person__type_support.cpp.o[0m
[4.184s] [ 38%] [32mBuilding CXX object CMakeFiles/person_msgs__rosidl_typesupport_introspection_cpp.dir/rosidl_typesupport_introspection_cpp/person_msgs/msg/detail/person__type_support.cpp.o[0m
[4.192s] [ 41%] [32mBuilding CXX object CMakeFiles/person_msgs__rosidl_typesupport_fastrtps_cpp.dir/rosidl_typesupport_fastrtps_cpp/person_msgs/msg/detail/dds_fastrtps/person__type_support.cpp.o[0m
[4.292s] [ 45%] [32mBuilding CXX object CMakeFiles/person_msgs__rosidl_typesupport_c.dir/rosidl_typesupport_c/person_msgs/msg/person__type_support.cpp.o[0m
[4.317s] [ 48%] [32m[1mLinking CXX shared library libperson_msgs__rosidl_typesupport_c.so[0m
[4.318s] [ 51%] [32mBuilding C object CMakeFiles/person_msgs__rosidl_typesupport_introspection_c.dir/rosidl_typesupport_introspection_c/person_msgs/msg/detail/person__type_support.c.o[0m
[4.322s] [ 54%] [32mBuilding CXX object CMakeFiles/person_msgs__rosidl_typesupport_fastrtps_c.dir/rosidl_typesupport_fastrtps_c/person_msgs/msg/detail/person__type_support_c.cpp.o[0m
[4.346s] [ 58%] [32m[1mLinking C shared library libperson_msgs__rosidl_typesupport_introspection_c.so[0m
[4.387s] [ 58%] Built target person_msgs__rosidl_typesupport_c
[4.410s] [ 58%] Built target person_msgs__rosidl_typesupport_introspection_c
[4.426s] [ 61%] [32m[1mLinking CXX shared library libperson_msgs__rosidl_typesupport_cpp.so[0m
[4.502s] [ 61%] Built target person_msgs__rosidl_typesupport_cpp
[4.528s] [ 64%] [32m[1mLinking CXX shared library libperson_msgs__rosidl_typesupport_introspection_cpp.so[0m
[4.590s] [ 67%] [32m[1mLinking CXX shared library libperson_msgs__rosidl_typesupport_fastrtps_c.so[0m
[4.590s] [ 70%] [32m[1mLinking CXX shared library libperson_msgs__rosidl_typesupport_fastrtps_cpp.so[0m
[4.634s] [ 70%] Built target person_msgs__rosidl_typesupport_introspection_cpp
[4.667s] [ 70%] Built target person_msgs__rosidl_typesupport_fastrtps_cpp
[4.675s] [ 70%] Built target person_msgs__rosidl_typesupport_fastrtps_c
[4.684s] [ 70%] Built target person_msgs
[4.693s] [ 74%] [34m[1mGenerating Python code for ROS interfaces[0m
[5.072s] [ 74%] Built target person_msgs__py
[5.082s] [ 77%] [32mBuilding C object CMakeFiles/person_msgs__rosidl_generator_py.dir/rosidl_generator_py/person_msgs/msg/_person_s.c.o[0m
[5.204s] [ 80%] [32m[1mLinking C shared library rosidl_generator_py/person_msgs/libperson_msgs__rosidl_generator_py.so[0m
[5.305s] [ 80%] Built target person_msgs__rosidl_generator_py
[5.316s] [ 83%] [32mBuilding C object CMakeFiles/person_msgs__rosidl_typesupport_introspection_c__pyext.dir/rosidl_generator_py/person_msgs/_person_msgs_s.ep.rosidl_typesupport_introspection_c.c.o[0m
[5.317s] [ 87%] [32mBuilding C object CMakeFiles/person_msgs__rosidl_typesupport_fastrtps_c__pyext.dir/rosidl_generator_py/person_msgs/_person_msgs_s.ep.rosidl_typesupport_fastrtps_c.c.o[0m
[5.317s] [ 90%] [32mBuilding C object CMakeFiles/person_msgs__rosidl_typesupport_c__pyext.dir/rosidl_generator_py/person_msgs/_person_msgs_s.ep.rosidl_typesupport_c.c.o[0m
[5.372s] [ 93%] [32m[1mLinking C shared library rosidl_generator_py/person_msgs/person_msgs_s__rosidl_typesupport_introspection_c.cpython-310-x86_64-linux-gnu.so[0m
[5.395s] [ 96%] [32m[1mLinking C shared library rosidl_generator_py/person_msgs/person_msgs_s__rosidl_typesupport_c.cpython-310-x86_64-linux-gnu.so[0m
[5.395s] [100%] [32m[1mLinking C shared library rosidl_generator_py/person_msgs/person_msgs_s__rosidl_typesupport_fastrtps_c.cpython-310-x86_64-linux-gnu.so[0m
[5.440s] [100%] Built target person_msgs__rosidl_typesupport_introspection_c__pyext
[5.468s] [100%] Built target person_msgs__rosidl_typesupport_c__pyext
[5.478s] [100%] Built target person_msgs__rosidl_typesupport_fastrtps_c__pyext
[5.484s] Invoked command in '/home/yoshinotaiki/ros2_ws/build/person_msgs' returned '0': CMAKE_PREFIX_PATH=/home/yoshinotaiki/ros2_ws/install/mypkg:/opt/ros/humble /usr/bin/cmake --build /home/yoshinotaiki/ros2_ws/build/person_msgs -- -j8 -l8
[5.521s] Invoking command in '/home/yoshinotaiki/ros2_ws/build/person_msgs': CMAKE_PREFIX_PATH=/home/yoshinotaiki/ros2_ws/install/mypkg:/opt/ros/humble /usr/bin/cmake --install /home/yoshinotaiki/ros2_ws/build/person_msgs
[5.525s] -- Install configuration: ""
[5.525s] -- Installing: /home/yoshinotaiki/ros2_ws/install/person_msgs/share/ament_index/resource_index/rosidl_interfaces/person_msgs
[5.525s] -- Installing: /home/yoshinotaiki/ros2_ws/install/person_msgs/include/person_msgs/person_msgs
[5.525s] -- Installing: /home/yoshinotaiki/ros2_ws/install/person_msgs/include/person_msgs/person_msgs/msg
[5.525s] -- Installing: /home/yoshinotaiki/ros2_ws/install/person_msgs/include/person_msgs/person_msgs/msg/person.h
[5.526s] -- Installing: /home/yoshinotaiki/ros2_ws/install/person_msgs/include/person_msgs/person_msgs/msg/rosidl_generator_c__visibility_control.h
[5.526s] -- Installing: /home/yoshinotaiki/ros2_ws/install/person_msgs/include/person_msgs/person_msgs/msg/detail
[5.526s] -- Installing: /home/yoshinotaiki/ros2_ws/install/person_msgs/include/person_msgs/person_msgs/msg/detail/person__functions.c
[5.526s] -- Installing: /home/yoshinotaiki/ros2_ws/install/person_msgs/include/person_msgs/person_msgs/msg/detail/person__type_support.h
[5.526s] -- Installing: /home/yoshinotaiki/ros2_ws/install/person_msgs/include/person_msgs/person_msgs/msg/detail/person__functions.h
[5.526s] -- Installing: /home/yoshinotaiki/ros2_ws/install/person_msgs/include/person_msgs/person_msgs/msg/detail/person__struct.h
[5.526s] -- Installing: /home/yoshinotaiki/ros2_ws/install/person_msgs/share/person_msgs/environment/library_path.sh
[5.526s] -- Installing: /home/yoshinotaiki/ros2_ws/install/person_msgs/share/person_msgs/environment/library_path.dsv
[5.527s] -- Installing: /home/yoshinotaiki/ros2_ws/install/person_msgs/lib/libperson_msgs__rosidl_generator_c.so
[5.527s] -- Set runtime path of "/home/yoshinotaiki/ros2_ws/install/person_msgs/lib/libperson_msgs__rosidl_generator_c.so" to ""
[5.527s] -- Up-to-date: /home/yoshinotaiki/ros2_ws/install/person_msgs/include/person_msgs/person_msgs
[5.527s] -- Up-to-date: /home/yoshinotaiki/ros2_ws/install/person_msgs/include/person_msgs/person_msgs/msg
[5.527s] -- Installing: /home/yoshinotaiki/ros2_ws/install/person_msgs/include/person_msgs/person_msgs/msg/rosidl_typesupport_fastrtps_c__visibility_control.h
[5.527s] -- Up-to-date: /home/yoshinotaiki/ros2_ws/install/person_msgs/include/person_msgs/person_msgs/msg/detail
[5.527s] -- Installing: /home/yoshinotaiki/ros2_ws/install/person_msgs/include/person_msgs/person_msgs/msg/detail/person__rosidl_typesupport_fastrtps_c.h
[5.527s] -- Installing: /home/yoshinotaiki/ros2_ws/install/person_msgs/lib/libperson_msgs__rosidl_typesupport_fastrtps_c.so
[5.528s] -- Set runtime path of "/home/yoshinotaiki/ros2_ws/install/person_msgs/lib/libperson_msgs__rosidl_typesupport_fastrtps_c.so" to ""
[5.528s] -- Up-to-date: /home/yoshinotaiki/ros2_ws/install/person_msgs/include/person_msgs/person_msgs
[5.528s] -- Up-to-date: /home/yoshinotaiki/ros2_ws/install/person_msgs/include/person_msgs/person_msgs/msg
[5.528s] -- Installing: /home/yoshinotaiki/ros2_ws/install/person_msgs/include/person_msgs/person_msgs/msg/rosidl_typesupport_introspection_c__visibility_control.h
[5.528s] -- Up-to-date: /home/yoshinotaiki/ros2_ws/install/person_msgs/include/person_msgs/person_msgs/msg/detail
[5.528s] -- Installing: /home/yoshinotaiki/ros2_ws/install/person_msgs/include/person_msgs/person_msgs/msg/detail/person__type_support.c
[5.528s] -- Installing: /home/yoshinotaiki/ros2_ws/install/person_msgs/include/person_msgs/person_msgs/msg/detail/person__rosidl_typesupport_introspection_c.h
[5.529s] -- Installing: /home/yoshinotaiki/ros2_ws/install/person_msgs/lib/libperson_msgs__rosidl_typesupport_introspection_c.so
[5.529s] -- Set runtime path of "/home/yoshinotaiki/ros2_ws/install/person_msgs/lib/libperson_msgs__rosidl_typesupport_introspection_c.so" to ""
[5.529s] -- Installing: /home/yoshinotaiki/ros2_ws/install/person_msgs/lib/libperson_msgs__rosidl_typesupport_c.so
[5.529s] -- Set runtime path of "/home/yoshinotaiki/ros2_ws/install/person_msgs/lib/libperson_msgs__rosidl_typesupport_c.so" to ""
[5.529s] -- Up-to-date: /home/yoshinotaiki/ros2_ws/install/person_msgs/include/person_msgs/person_msgs
[5.529s] -- Up-to-date: /home/yoshinotaiki/ros2_ws/install/person_msgs/include/person_msgs/person_msgs/msg
[5.529s] -- Installing: /home/yoshinotaiki/ros2_ws/install/person_msgs/include/person_msgs/person_msgs/msg/person.hpp
[5.530s] -- Up-to-date: /home/yoshinotaiki/ros2_ws/install/person_msgs/include/person_msgs/person_msgs/msg/detail
[5.530s] -- Installing: /home/yoshinotaiki/ros2_ws/install/person_msgs/include/person_msgs/person_msgs/msg/detail/person__builder.hpp
[5.530s] -- Installing: /home/yoshinotaiki/ros2_ws/install/person_msgs/include/person_msgs/person_msgs/msg/detail/person__traits.hpp
[5.530s] -- Installing: /home/yoshinotaiki/ros2_ws/install/person_msgs/include/person_msgs/person_msgs/msg/detail/person__struct.hpp
[5.530s] -- Up-to-date: /home/yoshinotaiki/ros2_ws/install/person_msgs/include/person_msgs/person_msgs
[5.530s] -- Up-to-date: /home/yoshinotaiki/ros2_ws/install/person_msgs/include/person_msgs/person_msgs/msg
[5.530s] -- Installing: /home/yoshinotaiki/ros2_ws/install/person_msgs/include/person_msgs/person_msgs/msg/rosidl_typesupport_fastrtps_cpp__visibility_control.h
[5.530s] -- Up-to-date: /home/yoshinotaiki/ros2_ws/install/person_msgs/include/person_msgs/person_msgs/msg/detail
[5.531s] -- Installing: /home/yoshinotaiki/ros2_ws/install/person_msgs/include/person_msgs/person_msgs/msg/detail/dds_fastrtps
[5.531s] -- Installing: /home/yoshinotaiki/ros2_ws/install/person_msgs/include/person_msgs/person_msgs/msg/detail/person__rosidl_typesupport_fastrtps_cpp.hpp
[5.531s] -- Installing: /home/yoshinotaiki/ros2_ws/install/person_msgs/lib/libperson_msgs__rosidl_typesupport_fastrtps_cpp.so
[5.531s] -- Set runtime path of "/home/yoshinotaiki/ros2_ws/install/person_msgs/lib/libperson_msgs__rosidl_typesupport_fastrtps_cpp.so" to ""
[5.531s] -- Up-to-date: /home/yoshinotaiki/ros2_ws/install/person_msgs/include/person_msgs/person_msgs
[5.532s] -- Up-to-date: /home/yoshinotaiki/ros2_ws/install/person_msgs/include/person_msgs/person_msgs/msg
[5.532s] -- Up-to-date: /home/yoshinotaiki/ros2_ws/install/person_msgs/include/person_msgs/person_msgs/msg/detail
[5.532s] -- Installing: /home/yoshinotaiki/ros2_ws/install/person_msgs/include/person_msgs/person_msgs/msg/detail/person__rosidl_typesupport_introspection_cpp.hpp
[5.532s] -- Installing: /home/yoshinotaiki/ros2_ws/install/person_msgs/include/person_msgs/person_msgs/msg/detail/person__type_support.cpp
[5.532s] -- Installing: /home/yoshinotaiki/ros2_ws/install/person_msgs/lib/libperson_msgs__rosidl_typesupport_introspection_cpp.so
[5.532s] -- Set runtime path of "/home/yoshinotaiki/ros2_ws/install/person_msgs/lib/libperson_msgs__rosidl_typesupport_introspection_cpp.so" to ""
[5.532s] -- Installing: /home/yoshinotaiki/ros2_ws/install/person_msgs/lib/libperson_msgs__rosidl_typesupport_cpp.so
[5.532s] -- Set runtime path of "/home/yoshinotaiki/ros2_ws/install/person_msgs/lib/libperson_msgs__rosidl_typesupport_cpp.so" to ""
[5.533s] -- Installing: /home/yoshinotaiki/ros2_ws/install/person_msgs/share/person_msgs/environment/pythonpath.sh
[5.533s] -- Installing: /home/yoshinotaiki/ros2_ws/install/person_msgs/share/person_msgs/environment/pythonpath.dsv
[5.533s] -- Installing: /home/yoshinotaiki/ros2_ws/install/person_msgs/local/lib/python3.10/dist-packages/person_msgs-0.0.0-py3.10.egg-info
[5.533s] -- Installing: /home/yoshinotaiki/ros2_ws/install/person_msgs/local/lib/python3.10/dist-packages/person_msgs-0.0.0-py3.10.egg-info/top_level.txt
[5.533s] -- Installing: /home/yoshinotaiki/ros2_ws/install/person_msgs/local/lib/python3.10/dist-packages/person_msgs-0.0.0-py3.10.egg-info/dependency_links.txt
[5.533s] -- Installing: /home/yoshinotaiki/ros2_ws/install/person_msgs/local/lib/python3.10/dist-packages/person_msgs-0.0.0-py3.10.egg-info/SOURCES.txt
[5.533s] -- Installing: /home/yoshinotaiki/ros2_ws/install/person_msgs/local/lib/python3.10/dist-packages/person_msgs-0.0.0-py3.10.egg-info/PKG-INFO
[5.534s] -- Installing: /home/yoshinotaiki/ros2_ws/install/person_msgs/local/lib/python3.10/dist-packages/person_msgs
[5.534s] -- Installing: /home/yoshinotaiki/ros2_ws/install/person_msgs/local/lib/python3.10/dist-packages/person_msgs/libperson_msgs__rosidl_generator_py.so
[5.534s] -- Installing: /home/yoshinotaiki/ros2_ws/install/person_msgs/local/lib/python3.10/dist-packages/person_msgs/_person_msgs_s.ep.rosidl_typesupport_introspection_c.c
[5.534s] -- Installing: /home/yoshinotaiki/ros2_ws/install/person_msgs/local/lib/python3.10/dist-packages/person_msgs/_person_msgs_s.ep.rosidl_typesupport_c.c
[5.534s] -- Installing: /home/yoshinotaiki/ros2_ws/install/person_msgs/local/lib/python3.10/dist-packages/person_msgs/person_msgs_s__rosidl_typesupport_fastrtps_c.cpython-310-x86_64-linux-gnu.so
[5.534s] -- Installing: /home/yoshinotaiki/ros2_ws/install/person_msgs/local/lib/python3.10/dist-packages/person_msgs/msg
[5.534s] -- Installing: /home/yoshinotaiki/ros2_ws/install/person_msgs/local/lib/python3.10/dist-packages/person_msgs/msg/_person.py
[5.534s] -- Installing: /home/yoshinotaiki/ros2_ws/install/person_msgs/local/lib/python3.10/dist-packages/person_msgs/msg/_person_s.c
[5.534s] -- Installing: /home/yoshinotaiki/ros2_ws/install/person_msgs/local/lib/python3.10/dist-packages/person_msgs/msg/__init__.py
[5.534s] -- Installing: /home/yoshinotaiki/ros2_ws/install/person_msgs/local/lib/python3.10/dist-packages/person_msgs/person_msgs_s__rosidl_typesupport_introspection_c.cpython-310-x86_64-linux-gnu.so
[5.534s] -- Installing: /home/yoshinotaiki/ros2_ws/install/person_msgs/local/lib/python3.10/dist-packages/person_msgs/person_msgs_s__rosidl_typesupport_c.cpython-310-x86_64-linux-gnu.so
[5.535s] -- Installing: /home/yoshinotaiki/ros2_ws/install/person_msgs/local/lib/python3.10/dist-packages/person_msgs/_person_msgs_s.ep.rosidl_typesupport_fastrtps_c.c
[5.535s] -- Installing: /home/yoshinotaiki/ros2_ws/install/person_msgs/local/lib/python3.10/dist-packages/person_msgs/__init__.py
[5.555s] Listing '/home/yoshinotaiki/ros2_ws/install/person_msgs/local/lib/python3.10/dist-packages/person_msgs'...
[5.555s] Compiling '/home/yoshinotaiki/ros2_ws/install/person_msgs/local/lib/python3.10/dist-packages/person_msgs/__init__.py'...
[5.555s] Listing '/home/yoshinotaiki/ros2_ws/install/person_msgs/local/lib/python3.10/dist-packages/person_msgs/msg'...
[5.555s] Compiling '/home/yoshinotaiki/ros2_ws/install/person_msgs/local/lib/python3.10/dist-packages/person_msgs/msg/__init__.py'...
[5.555s] Compiling '/home/yoshinotaiki/ros2_ws/install/person_msgs/local/lib/python3.10/dist-packages/person_msgs/msg/_person.py'...
[5.559s] -- Installing: /home/yoshinotaiki/ros2_ws/install/person_msgs/local/lib/python3.10/dist-packages/person_msgs/person_msgs_s__rosidl_typesupport_fastrtps_c.cpython-310-x86_64-linux-gnu.so
[5.559s] -- Set runtime path of "/home/yoshinotaiki/ros2_ws/install/person_msgs/local/lib/python3.10/dist-packages/person_msgs/person_msgs_s__rosidl_typesupport_fastrtps_c.cpython-310-x86_64-linux-gnu.so" to ""
[5.559s] -- Installing: /home/yoshinotaiki/ros2_ws/install/person_msgs/local/lib/python3.10/dist-packages/person_msgs/person_msgs_s__rosidl_typesupport_introspection_c.cpython-310-x86_64-linux-gnu.so
[5.559s] -- Set runtime path of "/home/yoshinotaiki/ros2_ws/install/person_msgs/local/lib/python3.10/dist-packages/person_msgs/person_msgs_s__rosidl_typesupport_introspection_c.cpython-310-x86_64-linux-gnu.so" to ""
[5.559s] -- Installing: /home/yoshinotaiki/ros2_ws/install/person_msgs/local/lib/python3.10/dist-packages/person_msgs/person_msgs_s__rosidl_typesupport_c.cpython-310-x86_64-linux-gnu.so
[5.559s] -- Set runtime path of "/home/yoshinotaiki/ros2_ws/install/person_msgs/local/lib/python3.10/dist-packages/person_msgs/person_msgs_s__rosidl_typesupport_c.cpython-310-x86_64-linux-gnu.so" to ""
[5.560s] -- Installing: /home/yoshinotaiki/ros2_ws/install/person_msgs/lib/libperson_msgs__rosidl_generator_py.so
[5.560s] -- Set runtime path of "/home/yoshinotaiki/ros2_ws/install/person_msgs/lib/libperson_msgs__rosidl_generator_py.so" to ""
[5.560s] -- Installing: /home/yoshinotaiki/ros2_ws/install/person_msgs/share/person_msgs/msg/Person.idl
[5.560s] -- Installing: /home/yoshinotaiki/ros2_ws/install/person_msgs/share/person_msgs/msg/Person.msg
[5.560s] -- Installing: /home/yoshinotaiki/ros2_ws/install/person_msgs/share/ament_index/resource_index/package_run_dependencies/person_msgs
[5.560s] -- Installing: /home/yoshinotaiki/ros2_ws/install/person_msgs/share/ament_index/resource_index/parent_prefix_path/person_msgs
[5.560s] -- Installing: /home/yoshinotaiki/ros2_ws/install/person_msgs/share/person_msgs/environment/ament_prefix_path.sh
[5.560s] -- Installing: /home/yoshinotaiki/ros2_ws/install/person_msgs/share/person_msgs/environment/ament_prefix_path.dsv
[5.560s] -- Installing: /home/yoshinotaiki/ros2_ws/install/person_msgs/share/person_msgs/environment/path.sh
[5.561s] -- Installing: /home/yoshinotaiki/ros2_ws/install/person_msgs/share/person_msgs/environment/path.dsv
[5.561s] -- Installing: /home/yoshinotaiki/ros2_ws/install/person_msgs/share/person_msgs/local_setup.bash
[5.561s] -- Installing: /home/yoshinotaiki/ros2_ws/install/person_msgs/share/person_msgs/local_setup.sh
[5.561s] -- Installing: /home/yoshinotaiki/ros2_ws/install/person_msgs/share/person_msgs/local_setup.zsh
[5.561s] -- Installing: /home/yoshinotaiki/ros2_ws/install/person_msgs/share/person_msgs/local_setup.dsv
[5.561s] -- Installing: /home/yoshinotaiki/ros2_ws/install/person_msgs/share/person_msgs/package.dsv
[5.561s] -- Installing: /home/yoshinotaiki/ros2_ws/install/person_msgs/share/ament_index/resource_index/packages/person_msgs
[5.561s] -- Installing: /home/yoshinotaiki/ros2_ws/install/person_msgs/share/person_msgs/cmake/export_person_msgs__rosidl_generator_cExport.cmake
[5.561s] -- Installing: /home/yoshinotaiki/ros2_ws/install/person_msgs/share/person_msgs/cmake/export_person_msgs__rosidl_generator_cExport-noconfig.cmake
[5.562s] -- Installing: /home/yoshinotaiki/ros2_ws/install/person_msgs/share/person_msgs/cmake/export_person_msgs__rosidl_typesupport_fastrtps_cExport.cmake
[5.562s] -- Installing: /home/yoshinotaiki/ros2_ws/install/person_msgs/share/person_msgs/cmake/export_person_msgs__rosidl_typesupport_fastrtps_cExport-noconfig.cmake
[5.562s] -- Installing: /home/yoshinotaiki/ros2_ws/install/person_msgs/share/person_msgs/cmake/person_msgs__rosidl_typesupport_introspection_cExport.cmake
[5.562s] -- Installing: /home/yoshinotaiki/ros2_ws/install/person_msgs/share/person_msgs/cmake/person_msgs__rosidl_typesupport_introspection_cExport-noconfig.cmake
[5.562s] -- Installing: /home/yoshinotaiki/ros2_ws/install/person_msgs/share/person_msgs/cmake/person_msgs__rosidl_typesupport_cExport.cmake
[5.562s] -- Installing: /home/yoshinotaiki/ros2_ws/install/person_msgs/share/person_msgs/cmake/person_msgs__rosidl_typesupport_cExport-noconfig.cmake
[5.562s] -- Installing: /home/yoshinotaiki/ros2_ws/install/person_msgs/share/person_msgs/cmake/export_person_msgs__rosidl_generator_cppExport.cmake
[5.562s] -- Installing: /home/yoshinotaiki/ros2_ws/install/person_msgs/share/person_msgs/cmake/export_person_msgs__rosidl_typesupport_fastrtps_cppExport.cmake
[5.563s] -- Installing: /home/yoshinotaiki/ros2_ws/install/person_msgs/share/person_msgs/cmake/export_person_msgs__rosidl_typesupport_fastrtps_cppExport-noconfig.cmake
[5.563s] -- Installing: /home/yoshinotaiki/ros2_ws/install/person_msgs/share/person_msgs/cmake/person_msgs__rosidl_typesupport_introspection_cppExport.cmake
[5.563s] -- Installing: /home/yoshinotaiki/ros2_ws/install/person_msgs/share/person_msgs/cmake/person_msgs__rosidl_typesupport_introspection_cppExport-noconfig.cmake
[5.563s] -- Installing: /home/yoshinotaiki/ros2_ws/install/person_msgs/share/person_msgs/cmake/person_msgs__rosidl_typesupport_cppExport.cmake
[5.563s] -- Installing: /home/yoshinotaiki/ros2_ws/install/person_msgs/share/person_msgs/cmake/person_msgs__rosidl_typesupport_cppExport-noconfig.cmake
[5.563s] -- Installing: /home/yoshinotaiki/ros2_ws/install/person_msgs/share/person_msgs/cmake/export_person_msgs__rosidl_generator_pyExport.cmake
[5.563s] -- Installing: /home/yoshinotaiki/ros2_ws/install/person_msgs/share/person_msgs/cmake/export_person_msgs__rosidl_generator_pyExport-noconfig.cmake
[5.563s] -- Installing: /home/yoshinotaiki/ros2_ws/install/person_msgs/share/person_msgs/cmake/rosidl_cmake-extras.cmake
[5.563s] -- Installing: /home/yoshinotaiki/ros2_ws/install/person_msgs/share/person_msgs/cmake/ament_cmake_export_include_directories-extras.cmake
[5.564s] -- Installing: /home/yoshinotaiki/ros2_ws/install/person_msgs/share/person_msgs/cmake/ament_cmake_export_libraries-extras.cmake
[5.565s] -- Installing: /home/yoshinotaiki/ros2_ws/install/person_msgs/share/person_msgs/cmake/ament_cmake_export_targets-extras.cmake
[5.565s] -- Installing: /home/yoshinotaiki/ros2_ws/install/person_msgs/share/person_msgs/cmake/rosidl_cmake_export_typesupport_targets-extras.cmake
[5.565s] -- Installing: /home/yoshinotaiki/ros2_ws/install/person_msgs/share/person_msgs/cmake/ament_cmake_export_dependencies-extras.cmake
[5.565s] -- Installing: /home/yoshinotaiki/ros2_ws/install/person_msgs/share/person_msgs/cmake/rosidl_cmake_export_typesupport_libraries-extras.cmake
[5.565s] -- Installing: /home/yoshinotaiki/ros2_ws/install/person_msgs/share/person_msgs/cmake/person_msgsConfig.cmake
[5.565s] -- Installing: /home/yoshinotaiki/ros2_ws/install/person_msgs/share/person_msgs/cmake/person_msgsConfig-version.cmake
[5.565s] -- Installing: /home/yoshinotaiki/ros2_ws/install/person_msgs/share/person_msgs/package.xml
[5.568s] Invoked command in '/home/yoshinotaiki/ros2_ws/build/person_msgs' returned '0': CMAKE_PREFIX_PATH=/home/yoshinotaiki/ros2_ws/install/mypkg:/opt/ros/humble /usr/bin/cmake --install /home/yoshinotaiki/ros2_ws/build/person_msgs
