[0.254s] Invoking command in '/home/yoshinotaiki/ros2_ws/build/person_msgs': CMAKE_PREFIX_PATH=${CMAKE_PREFIX_PATH}:/home/yoshinotaiki/ros2_ws/install/mypkg:/opt/ros/humble /usr/bin/cmake --build /home/yoshinotaiki/ros2_ws/build/person_msgs -- -j8 -l8
[0.300s] [  9%] Built target person_msgs__rosidl_generator_c
[0.301s] [ 12%] Built target person_msgs__cpp
[0.308s] [ 12%] Built target ament_cmake_python_copy_person_msgs
[0.317s] [ 22%] Built target person_msgs__rosidl_typesupport_introspection_c
[0.319s] [ 32%] Built target person_msgs__rosidl_typesupport_fastrtps_cpp
[0.319s] [ 41%] Built target person_msgs__rosidl_typesupport_introspection_cpp
[0.320s] [ 51%] Built target person_msgs__rosidl_typesupport_c
[0.320s] [ 61%] Built target person_msgs__rosidl_typesupport_fastrtps_c
[0.322s] [ 70%] Built target person_msgs__rosidl_typesupport_cpp
[0.336s] [ 70%] Built target person_msgs
[0.350s] [ 74%] Built target person_msgs__py
[0.365s] [ 80%] Built target person_msgs__rosidl_generator_py
[0.380s] [ 87%] Built target person_msgs__rosidl_typesupport_introspection_c__pyext
[0.382s] [ 93%] Built target person_msgs__rosidl_typesupport_fastrtps_c__pyext
[0.383s] [100%] Built target person_msgs__rosidl_typesupport_c__pyext
[0.560s] running egg_info
[0.561s] writing person_msgs.egg-info/PKG-INFO
[0.561s] writing dependency_links to person_msgs.egg-info/dependency_links.txt
[0.562s] writing top-level names to person_msgs.egg-info/top_level.txt
[0.565s] reading manifest file 'person_msgs.egg-info/SOURCES.txt'
[0.565s] writing manifest file 'person_msgs.egg-info/SOURCES.txt'
[0.593s] [100%] Built target ament_cmake_python_build_person_msgs_egg
[0.602s] Invoked command in '/home/yoshinotaiki/ros2_ws/build/person_msgs' returned '0': CMAKE_PREFIX_PATH=${CMAKE_PREFIX_PATH}:/home/yoshinotaiki/ros2_ws/install/mypkg:/opt/ros/humble /usr/bin/cmake --build /home/yoshinotaiki/ros2_ws/build/person_msgs -- -j8 -l8
[0.658s] Invoking command in '/home/yoshinotaiki/ros2_ws/build/person_msgs': CMAKE_PREFIX_PATH=${CMAKE_PREFIX_PATH}:/home/yoshinotaiki/ros2_ws/install/mypkg:/opt/ros/humble /usr/bin/cmake --install /home/yoshinotaiki/ros2_ws/build/person_msgs
[0.663s] -- Install configuration: ""
[0.664s] -- Up-to-date: /home/yoshinotaiki/ros2_ws/install/person_msgs/share/ament_index/resource_index/rosidl_interfaces/person_msgs
[0.664s] -- Up-to-date: /home/yoshinotaiki/ros2_ws/install/person_msgs/include/person_msgs/person_msgs
[0.664s] -- Up-to-date: /home/yoshinotaiki/ros2_ws/install/person_msgs/include/person_msgs/person_msgs/msg
[0.664s] -- Up-to-date: /home/yoshinotaiki/ros2_ws/install/person_msgs/include/person_msgs/person_msgs/msg/person.h
[0.664s] -- Up-to-date: /home/yoshinotaiki/ros2_ws/install/person_msgs/include/person_msgs/person_msgs/msg/rosidl_generator_c__visibility_control.h
[0.665s] -- Up-to-date: /home/yoshinotaiki/ros2_ws/install/person_msgs/include/person_msgs/person_msgs/msg/detail
[0.665s] -- Up-to-date: /home/yoshinotaiki/ros2_ws/install/person_msgs/include/person_msgs/person_msgs/msg/detail/person__functions.c
[0.665s] -- Up-to-date: /home/yoshinotaiki/ros2_ws/install/person_msgs/include/person_msgs/person_msgs/msg/detail/person__type_support.h
[0.665s] -- Up-to-date: /home/yoshinotaiki/ros2_ws/install/person_msgs/include/person_msgs/person_msgs/msg/detail/person__functions.h
[0.666s] -- Up-to-date: /home/yoshinotaiki/ros2_ws/install/person_msgs/include/person_msgs/person_msgs/msg/detail/person__struct.h
[0.666s] -- Up-to-date: /home/yoshinotaiki/ros2_ws/install/person_msgs/share/person_msgs/environment/library_path.sh
[0.666s] -- Up-to-date: /home/yoshinotaiki/ros2_ws/install/person_msgs/share/person_msgs/environment/library_path.dsv
[0.666s] -- Up-to-date: /home/yoshinotaiki/ros2_ws/install/person_msgs/lib/libperson_msgs__rosidl_generator_c.so
[0.666s] -- Up-to-date: /home/yoshinotaiki/ros2_ws/install/person_msgs/include/person_msgs/person_msgs
[0.666s] -- Up-to-date: /home/yoshinotaiki/ros2_ws/install/person_msgs/include/person_msgs/person_msgs/msg
[0.667s] -- Up-to-date: /home/yoshinotaiki/ros2_ws/install/person_msgs/include/person_msgs/person_msgs/msg/rosidl_typesupport_fastrtps_c__visibility_control.h
[0.667s] -- Up-to-date: /home/yoshinotaiki/ros2_ws/install/person_msgs/include/person_msgs/person_msgs/msg/detail
[0.667s] -- Up-to-date: /home/yoshinotaiki/ros2_ws/install/person_msgs/include/person_msgs/person_msgs/msg/detail/person__rosidl_typesupport_fastrtps_c.h
[0.667s] -- Up-to-date: /home/yoshinotaiki/ros2_ws/install/person_msgs/lib/libperson_msgs__rosidl_typesupport_fastrtps_c.so
[0.667s] -- Up-to-date: /home/yoshinotaiki/ros2_ws/install/person_msgs/include/person_msgs/person_msgs
[0.667s] -- Up-to-date: /home/yoshinotaiki/ros2_ws/install/person_msgs/include/person_msgs/person_msgs/msg
[0.668s] -- Up-to-date: /home/yoshinotaiki/ros2_ws/install/person_msgs/include/person_msgs/person_msgs/msg/rosidl_typesupport_introspection_c__visibility_control.h
[0.668s] -- Up-to-date: /home/yoshinotaiki/ros2_ws/install/person_msgs/include/person_msgs/person_msgs/msg/detail
[0.668s] -- Up-to-date: /home/yoshinotaiki/ros2_ws/install/person_msgs/include/person_msgs/person_msgs/msg/detail/person__type_support.c
[0.668s] -- Up-to-date: /home/yoshinotaiki/ros2_ws/install/person_msgs/include/person_msgs/person_msgs/msg/detail/person__rosidl_typesupport_introspection_c.h
[0.668s] -- Up-to-date: /home/yoshinotaiki/ros2_ws/install/person_msgs/lib/libperson_msgs__rosidl_typesupport_introspection_c.so
[0.668s] -- Up-to-date: /home/yoshinotaiki/ros2_ws/install/person_msgs/lib/libperson_msgs__rosidl_typesupport_c.so
[0.668s] -- Up-to-date: /home/yoshinotaiki/ros2_ws/install/person_msgs/include/person_msgs/person_msgs
[0.669s] -- Up-to-date: /home/yoshinotaiki/ros2_ws/install/person_msgs/include/person_msgs/person_msgs/msg
[0.669s] -- Up-to-date: /home/yoshinotaiki/ros2_ws/install/person_msgs/include/person_msgs/person_msgs/msg/person.hpp
[0.669s] -- Up-to-date: /home/yoshinotaiki/ros2_ws/install/person_msgs/include/person_msgs/person_msgs/msg/detail
[0.669s] -- Up-to-date: /home/yoshinotaiki/ros2_ws/install/person_msgs/include/person_msgs/person_msgs/msg/detail/person__builder.hpp
[0.669s] -- Up-to-date: /home/yoshinotaiki/ros2_ws/install/person_msgs/include/person_msgs/person_msgs/msg/detail/person__traits.hpp
[0.669s] -- Up-to-date: /home/yoshinotaiki/ros2_ws/install/person_msgs/include/person_msgs/person_msgs/msg/detail/person__struct.hpp
[0.670s] -- Up-to-date: /home/yoshinotaiki/ros2_ws/install/person_msgs/include/person_msgs/person_msgs
[0.670s] -- Up-to-date: /home/yoshinotaiki/ros2_ws/install/person_msgs/include/person_msgs/person_msgs/msg
[0.670s] -- Up-to-date: /home/yoshinotaiki/ros2_ws/install/person_msgs/include/person_msgs/person_msgs/msg/rosidl_typesupport_fastrtps_cpp__visibility_control.h
[0.670s] -- Up-to-date: /home/yoshinotaiki/ros2_ws/install/person_msgs/include/person_msgs/person_msgs/msg/detail
[0.670s] -- Up-to-date: /home/yoshinotaiki/ros2_ws/install/person_msgs/include/person_msgs/person_msgs/msg/detail/dds_fastrtps
[0.670s] -- Up-to-date: /home/yoshinotaiki/ros2_ws/install/person_msgs/include/person_msgs/person_msgs/msg/detail/person__rosidl_typesupport_fastrtps_cpp.hpp
[0.670s] -- Up-to-date: /home/yoshinotaiki/ros2_ws/install/person_msgs/lib/libperson_msgs__rosidl_typesupport_fastrtps_cpp.so
[0.671s] -- Up-to-date: /home/yoshinotaiki/ros2_ws/install/person_msgs/include/person_msgs/person_msgs
[0.671s] -- Up-to-date: /home/yoshinotaiki/ros2_ws/install/person_msgs/include/person_msgs/person_msgs/msg
[0.671s] -- Up-to-date: /home/yoshinotaiki/ros2_ws/install/person_msgs/include/person_msgs/person_msgs/msg/detail
[0.671s] -- Up-to-date: /home/yoshinotaiki/ros2_ws/install/person_msgs/include/person_msgs/person_msgs/msg/detail/person__rosidl_typesupport_introspection_cpp.hpp
[0.671s] -- Up-to-date: /home/yoshinotaiki/ros2_ws/install/person_msgs/include/person_msgs/person_msgs/msg/detail/person__type_support.cpp
[0.672s] -- Up-to-date: /home/yoshinotaiki/ros2_ws/install/person_msgs/lib/libperson_msgs__rosidl_typesupport_introspection_cpp.so
[0.672s] -- Up-to-date: /home/yoshinotaiki/ros2_ws/install/person_msgs/lib/libperson_msgs__rosidl_typesupport_cpp.so
[0.672s] -- Up-to-date: /home/yoshinotaiki/ros2_ws/install/person_msgs/share/person_msgs/environment/pythonpath.sh
[0.672s] -- Up-to-date: /home/yoshinotaiki/ros2_ws/install/person_msgs/share/person_msgs/environment/pythonpath.dsv
[0.672s] -- Up-to-date: /home/yoshinotaiki/ros2_ws/install/person_msgs/local/lib/python3.10/dist-packages/person_msgs-0.0.0-py3.10.egg-info
[0.672s] -- Installing: /home/yoshinotaiki/ros2_ws/install/person_msgs/local/lib/python3.10/dist-packages/person_msgs-0.0.0-py3.10.egg-info/top_level.txt
[0.672s] -- Installing: /home/yoshinotaiki/ros2_ws/install/person_msgs/local/lib/python3.10/dist-packages/person_msgs-0.0.0-py3.10.egg-info/dependency_links.txt
[0.672s] -- Installing: /home/yoshinotaiki/ros2_ws/install/person_msgs/local/lib/python3.10/dist-packages/person_msgs-0.0.0-py3.10.egg-info/SOURCES.txt
[0.672s] -- Installing: /home/yoshinotaiki/ros2_ws/install/person_msgs/local/lib/python3.10/dist-packages/person_msgs-0.0.0-py3.10.egg-info/PKG-INFO
[0.672s] -- Up-to-date: /home/yoshinotaiki/ros2_ws/install/person_msgs/local/lib/python3.10/dist-packages/person_msgs
[0.672s] -- Up-to-date: /home/yoshinotaiki/ros2_ws/install/person_msgs/local/lib/python3.10/dist-packages/person_msgs/libperson_msgs__rosidl_generator_py.so
[0.672s] -- Up-to-date: /home/yoshinotaiki/ros2_ws/install/person_msgs/local/lib/python3.10/dist-packages/person_msgs/_person_msgs_s.ep.rosidl_typesupport_introspection_c.c
[0.672s] -- Up-to-date: /home/yoshinotaiki/ros2_ws/install/person_msgs/local/lib/python3.10/dist-packages/person_msgs/_person_msgs_s.ep.rosidl_typesupport_c.c
[0.672s] -- Up-to-date: /home/yoshinotaiki/ros2_ws/install/person_msgs/local/lib/python3.10/dist-packages/person_msgs/person_msgs_s__rosidl_typesupport_fastrtps_c.cpython-310-x86_64-linux-gnu.so
[0.672s] -- Up-to-date: /home/yoshinotaiki/ros2_ws/install/person_msgs/local/lib/python3.10/dist-packages/person_msgs/msg
[0.672s] -- Up-to-date: /home/yoshinotaiki/ros2_ws/install/person_msgs/local/lib/python3.10/dist-packages/person_msgs/msg/_person.py
[0.672s] -- Up-to-date: /home/yoshinotaiki/ros2_ws/install/person_msgs/local/lib/python3.10/dist-packages/person_msgs/msg/_person_s.c
[0.672s] -- Up-to-date: /home/yoshinotaiki/ros2_ws/install/person_msgs/local/lib/python3.10/dist-packages/person_msgs/msg/__init__.py
[0.673s] -- Up-to-date: /home/yoshinotaiki/ros2_ws/install/person_msgs/local/lib/python3.10/dist-packages/person_msgs/person_msgs_s__rosidl_typesupport_introspection_c.cpython-310-x86_64-linux-gnu.so
[0.673s] -- Up-to-date: /home/yoshinotaiki/ros2_ws/install/person_msgs/local/lib/python3.10/dist-packages/person_msgs/person_msgs_s__rosidl_typesupport_c.cpython-310-x86_64-linux-gnu.so
[0.673s] -- Up-to-date: /home/yoshinotaiki/ros2_ws/install/person_msgs/local/lib/python3.10/dist-packages/person_msgs/_person_msgs_s.ep.rosidl_typesupport_fastrtps_c.c
[0.673s] -- Up-to-date: /home/yoshinotaiki/ros2_ws/install/person_msgs/local/lib/python3.10/dist-packages/person_msgs/__init__.py
[0.693s] Listing '/home/yoshinotaiki/ros2_ws/install/person_msgs/local/lib/python3.10/dist-packages/person_msgs'...
[0.693s] Listing '/home/yoshinotaiki/ros2_ws/install/person_msgs/local/lib/python3.10/dist-packages/person_msgs/msg'...
[0.697s] -- Up-to-date: /home/yoshinotaiki/ros2_ws/install/person_msgs/local/lib/python3.10/dist-packages/person_msgs/person_msgs_s__rosidl_typesupport_fastrtps_c.cpython-310-x86_64-linux-gnu.so
[0.697s] -- Up-to-date: /home/yoshinotaiki/ros2_ws/install/person_msgs/local/lib/python3.10/dist-packages/person_msgs/person_msgs_s__rosidl_typesupport_introspection_c.cpython-310-x86_64-linux-gnu.so
[0.698s] -- Up-to-date: /home/yoshinotaiki/ros2_ws/install/person_msgs/local/lib/python3.10/dist-packages/person_msgs/person_msgs_s__rosidl_typesupport_c.cpython-310-x86_64-linux-gnu.so
[0.698s] -- Up-to-date: /home/yoshinotaiki/ros2_ws/install/person_msgs/lib/libperson_msgs__rosidl_generator_py.so
[0.698s] -- Up-to-date: /home/yoshinotaiki/ros2_ws/install/person_msgs/share/person_msgs/msg/Person.idl
[0.698s] -- Up-to-date: /home/yoshinotaiki/ros2_ws/install/person_msgs/share/person_msgs/msg/Person.msg
[0.698s] -- Up-to-date: /home/yoshinotaiki/ros2_ws/install/person_msgs/share/ament_index/resource_index/package_run_dependencies/person_msgs
[0.698s] -- Up-to-date: /home/yoshinotaiki/ros2_ws/install/person_msgs/share/ament_index/resource_index/parent_prefix_path/person_msgs
[0.698s] -- Up-to-date: /home/yoshinotaiki/ros2_ws/install/person_msgs/share/person_msgs/environment/ament_prefix_path.sh
[0.699s] -- Up-to-date: /home/yoshinotaiki/ros2_ws/install/person_msgs/share/person_msgs/environment/ament_prefix_path.dsv
[0.699s] -- Up-to-date: /home/yoshinotaiki/ros2_ws/install/person_msgs/share/person_msgs/environment/path.sh
[0.699s] -- Up-to-date: /home/yoshinotaiki/ros2_ws/install/person_msgs/share/person_msgs/environment/path.dsv
[0.699s] -- Up-to-date: /home/yoshinotaiki/ros2_ws/install/person_msgs/share/person_msgs/local_setup.bash
[0.699s] -- Up-to-date: /home/yoshinotaiki/ros2_ws/install/person_msgs/share/person_msgs/local_setup.sh
[0.699s] -- Up-to-date: /home/yoshinotaiki/ros2_ws/install/person_msgs/share/person_msgs/local_setup.zsh
[0.699s] -- Up-to-date: /home/yoshinotaiki/ros2_ws/install/person_msgs/share/person_msgs/local_setup.dsv
[0.700s] -- Installing: /home/yoshinotaiki/ros2_ws/install/person_msgs/share/person_msgs/package.dsv
[0.700s] -- Up-to-date: /home/yoshinotaiki/ros2_ws/install/person_msgs/share/ament_index/resource_index/packages/person_msgs
[0.700s] -- Up-to-date: /home/yoshinotaiki/ros2_ws/install/person_msgs/share/person_msgs/cmake/export_person_msgs__rosidl_generator_cExport.cmake
[0.700s] -- Up-to-date: /home/yoshinotaiki/ros2_ws/install/person_msgs/share/person_msgs/cmake/export_person_msgs__rosidl_generator_cExport-noconfig.cmake
[0.700s] -- Up-to-date: /home/yoshinotaiki/ros2_ws/install/person_msgs/share/person_msgs/cmake/export_person_msgs__rosidl_typesupport_fastrtps_cExport.cmake
[0.700s] -- Up-to-date: /home/yoshinotaiki/ros2_ws/install/person_msgs/share/person_msgs/cmake/export_person_msgs__rosidl_typesupport_fastrtps_cExport-noconfig.cmake
[0.700s] -- Up-to-date: /home/yoshinotaiki/ros2_ws/install/person_msgs/share/person_msgs/cmake/person_msgs__rosidl_typesupport_introspection_cExport.cmake
[0.700s] -- Up-to-date: /home/yoshinotaiki/ros2_ws/install/person_msgs/share/person_msgs/cmake/person_msgs__rosidl_typesupport_introspection_cExport-noconfig.cmake
[0.700s] -- Up-to-date: /home/yoshinotaiki/ros2_ws/install/person_msgs/share/person_msgs/cmake/person_msgs__rosidl_typesupport_cExport.cmake
[0.700s] -- Up-to-date: /home/yoshinotaiki/ros2_ws/install/person_msgs/share/person_msgs/cmake/person_msgs__rosidl_typesupport_cExport-noconfig.cmake
[0.700s] -- Up-to-date: /home/yoshinotaiki/ros2_ws/install/person_msgs/share/person_msgs/cmake/export_person_msgs__rosidl_generator_cppExport.cmake
[0.700s] -- Up-to-date: /home/yoshinotaiki/ros2_ws/install/person_msgs/share/person_msgs/cmake/export_person_msgs__rosidl_typesupport_fastrtps_cppExport.cmake
[0.700s] -- Up-to-date: /home/yoshinotaiki/ros2_ws/install/person_msgs/share/person_msgs/cmake/export_person_msgs__rosidl_typesupport_fastrtps_cppExport-noconfig.cmake
[0.700s] -- Up-to-date: /home/yoshinotaiki/ros2_ws/install/person_msgs/share/person_msgs/cmake/person_msgs__rosidl_typesupport_introspection_cppExport.cmake
[0.700s] -- Up-to-date: /home/yoshinotaiki/ros2_ws/install/person_msgs/share/person_msgs/cmake/person_msgs__rosidl_typesupport_introspection_cppExport-noconfig.cmake
[0.701s] -- Up-to-date: /home/yoshinotaiki/ros2_ws/install/person_msgs/share/person_msgs/cmake/person_msgs__rosidl_typesupport_cppExport.cmake
[0.701s] -- Up-to-date: /home/yoshinotaiki/ros2_ws/install/person_msgs/share/person_msgs/cmake/person_msgs__rosidl_typesupport_cppExport-noconfig.cmake
[0.701s] -- Up-to-date: /home/yoshinotaiki/ros2_ws/install/person_msgs/share/person_msgs/cmake/export_person_msgs__rosidl_generator_pyExport.cmake
[0.701s] -- Up-to-date: /home/yoshinotaiki/ros2_ws/install/person_msgs/share/person_msgs/cmake/export_person_msgs__rosidl_generator_pyExport-noconfig.cmake
[0.701s] -- Up-to-date: /home/yoshinotaiki/ros2_ws/install/person_msgs/share/person_msgs/cmake/rosidl_cmake-extras.cmake
[0.701s] -- Up-to-date: /home/yoshinotaiki/ros2_ws/install/person_msgs/share/person_msgs/cmake/ament_cmake_export_include_directories-extras.cmake
[0.701s] -- Up-to-date: /home/yoshinotaiki/ros2_ws/install/person_msgs/share/person_msgs/cmake/ament_cmake_export_libraries-extras.cmake
[0.701s] -- Up-to-date: /home/yoshinotaiki/ros2_ws/install/person_msgs/share/person_msgs/cmake/ament_cmake_export_targets-extras.cmake
[0.701s] -- Up-to-date: /home/yoshinotaiki/ros2_ws/install/person_msgs/share/person_msgs/cmake/rosidl_cmake_export_typesupport_targets-extras.cmake
[0.701s] -- Up-to-date: /home/yoshinotaiki/ros2_ws/install/person_msgs/share/person_msgs/cmake/ament_cmake_export_dependencies-extras.cmake
[0.701s] -- Up-to-date: /home/yoshinotaiki/ros2_ws/install/person_msgs/share/person_msgs/cmake/rosidl_cmake_export_typesupport_libraries-extras.cmake
[0.701s] -- Up-to-date: /home/yoshinotaiki/ros2_ws/install/person_msgs/share/person_msgs/cmake/person_msgsConfig.cmake
[0.701s] -- Up-to-date: /home/yoshinotaiki/ros2_ws/install/person_msgs/share/person_msgs/cmake/person_msgsConfig-version.cmake
[0.701s] -- Up-to-date: /home/yoshinotaiki/ros2_ws/install/person_msgs/share/person_msgs/package.xml
[0.703s] Invoked command in '/home/yoshinotaiki/ros2_ws/build/person_msgs' returned '0': CMAKE_PREFIX_PATH=${CMAKE_PREFIX_PATH}:/home/yoshinotaiki/ros2_ws/install/mypkg:/opt/ros/humble /usr/bin/cmake --install /home/yoshinotaiki/ros2_ws/build/person_msgs
