[0.417s] Invoking command in '/home/yoshinotaiki/ros2_ws/src/mypkg': PYTHONPATH=/home/yoshinotaiki/ros2_ws/install/mypkg/lib/python3.10/site-packages:${PYTHONPATH} /usr/bin/python3 setup.py egg_info --egg-base ../../build/mypkg build --build-base /home/yoshinotaiki/ros2_ws/build/mypkg/build install --prefix /home/yoshinotaiki/ros2_ws/install/mypkg --record /home/yoshinotaiki/ros2_ws/build/mypkg/install.log --single-version-externally-managed
[0.570s] running egg_info
[0.571s] writing ../../build/mypkg/mypkg.egg-info/PKG-INFO
[0.571s] writing dependency_links to ../../build/mypkg/mypkg.egg-info/dependency_links.txt
[0.571s] writing entry points to ../../build/mypkg/mypkg.egg-info/entry_points.txt
[0.571s] writing requirements to ../../build/mypkg/mypkg.egg-info/requires.txt
[0.572s] writing top-level names to ../../build/mypkg/mypkg.egg-info/top_level.txt
[0.572s] reading manifest file '../../build/mypkg/mypkg.egg-info/SOURCES.txt'
[0.573s] writing manifest file '../../build/mypkg/mypkg.egg-info/SOURCES.txt'
[0.573s] running build
[0.573s] running build_py
[0.574s] running install
[0.574s] /usr/lib/python3/dist-packages/setuptools/command/install.py:34: SetuptoolsDeprecationWarning: setup.py install is deprecated. Use build and pip and other standards-based tools.
[0.574s]   warnings.warn(
[0.574s] running install_lib
[0.575s] running install_data
[0.575s] copying package.xml -> /home/yoshinotaiki/ros2_ws/install/mypkg/share/mypkg
[0.576s] copying launch/talk_listen.launch.py -> /home/yoshinotaiki/ros2_ws/install/mypkg/share/mypkg
[0.576s] running install_egg_info
[0.577s] removing '/home/yoshinotaiki/ros2_ws/install/mypkg/lib/python3.10/site-packages/mypkg-0.0.0-py3.10.egg-info' (and everything under it)
[0.577s] Copying ../../build/mypkg/mypkg.egg-info to /home/yoshinotaiki/ros2_ws/install/mypkg/lib/python3.10/site-packages/mypkg-0.0.0-py3.10.egg-info
[0.578s] running install_scripts
[0.592s] Installing listener script to /home/yoshinotaiki/ros2_ws/install/mypkg/lib/mypkg
[0.592s] Installing talker script to /home/yoshinotaiki/ros2_ws/install/mypkg/lib/mypkg
[0.593s] writing list of installed files to '/home/yoshinotaiki/ros2_ws/build/mypkg/install.log'
[0.611s] Invoked command in '/home/yoshinotaiki/ros2_ws/src/mypkg' returned '0': PYTHONPATH=/home/yoshinotaiki/ros2_ws/install/mypkg/lib/python3.10/site-packages:${PYTHONPATH} /usr/bin/python3 setup.py egg_info --egg-base ../../build/mypkg build --build-base /home/yoshinotaiki/ros2_ws/build/mypkg/build install --prefix /home/yoshinotaiki/ros2_ws/install/mypkg --record /home/yoshinotaiki/ros2_ws/build/mypkg/install.log --single-version-externally-managed
