[0.272s] Invoking command in '/home/yoshinotaiki/ros2_ws/build/person_msgs': CMAKE_PREFIX_PATH=${CMAKE_PREFIX_PATH}:/home/yoshinotaiki/ros2_ws/install/mypkg:/opt/ros/humble /usr/bin/cmake --build /home/yoshinotaiki/ros2_ws/build/person_msgs -- -j8 -l8
[0.312s] [35m[1mConsolidate compiler generated dependencies of target person_msgs__rosidl_generator_c[0m
[0.321s] [  9%] Built target person_msgs__rosidl_generator_c
[0.322s] [ 12%] Built target person_msgs__cpp
[0.326s] [ 12%] Built target ament_cmake_python_copy_person_msgs
[0.330s] [35m[1mConsolidate compiler generated dependencies of target person_msgs__rosidl_typesupport_introspection_c[0m
[0.330s] [35m[1mConsolidate compiler generated dependencies of target person_msgs__rosidl_typesupport_c[0m
[0.330s] [35m[1mConsolidate compiler generated dependencies of target person_msgs__rosidl_typesupport_cpp[0m
[0.330s] [35m[1mConsolidate compiler generated dependencies of target person_msgs__rosidl_typesupport_fastrtps_c[0m
[0.331s] [35m[1mConsolidate compiler generated dependencies of target person_msgs__rosidl_typesupport_fastrtps_cpp[0m
[0.331s] [35m[1mConsolidate compiler generated dependencies of target person_msgs__rosidl_typesupport_introspection_cpp[0m
[0.340s] [ 22%] Built target person_msgs__rosidl_typesupport_c
[0.340s] [ 32%] Built target person_msgs__rosidl_typesupport_introspection_c
[0.340s] [ 41%] Built target person_msgs__rosidl_typesupport_cpp
[0.342s] [ 51%] Built target person_msgs__rosidl_typesupport_fastrtps_cpp
[0.342s] [ 61%] Built target person_msgs__rosidl_typesupport_fastrtps_c
[0.345s] [ 70%] Built target person_msgs__rosidl_typesupport_introspection_cpp
[0.358s] [ 70%] Built target person_msgs
[0.373s] [ 74%] Built target person_msgs__py
[0.379s] [35m[1mConsolidate compiler generated dependencies of target person_msgs__rosidl_generator_py[0m
[0.388s] [ 80%] Built target person_msgs__rosidl_generator_py
[0.395s] [35m[1mConsolidate compiler generated dependencies of target person_msgs__rosidl_typesupport_c__pyext[0m
[0.395s] [35m[1mConsolidate compiler generated dependencies of target person_msgs__rosidl_typesupport_introspection_c__pyext[0m
[0.396s] [35m[1mConsolidate compiler generated dependencies of target person_msgs__rosidl_typesupport_fastrtps_c__pyext[0m
[0.404s] [ 87%] Built target person_msgs__rosidl_typesupport_c__pyext
[0.406s] [ 93%] Built target person_msgs__rosidl_typesupport_fastrtps_c__pyext
[0.406s] [100%] Built target person_msgs__rosidl_typesupport_introspection_c__pyext
[0.544s] running egg_info
[0.545s] writing person_msgs.egg-info/PKG-INFO
[0.545s] writing dependency_links to person_msgs.egg-info/dependency_links.txt
[0.545s] writing top-level names to person_msgs.egg-info/top_level.txt
[0.547s] reading manifest file 'person_msgs.egg-info/SOURCES.txt'
[0.548s] writing manifest file 'person_msgs.egg-info/SOURCES.txt'
[0.569s] [100%] Built target ament_cmake_python_build_person_msgs_egg
[0.577s] Invoked command in '/home/yoshinotaiki/ros2_ws/build/person_msgs' returned '0': CMAKE_PREFIX_PATH=${CMAKE_PREFIX_PATH}:/home/yoshinotaiki/ros2_ws/install/mypkg:/opt/ros/humble /usr/bin/cmake --build /home/yoshinotaiki/ros2_ws/build/person_msgs -- -j8 -l8
[0.636s] Invoking command in '/home/yoshinotaiki/ros2_ws/build/person_msgs': CMAKE_PREFIX_PATH=${CMAKE_PREFIX_PATH}:/home/yoshinotaiki/ros2_ws/install/mypkg:/opt/ros/humble /usr/bin/cmake --install /home/yoshinotaiki/ros2_ws/build/person_msgs
[0.640s] -- Install configuration: ""
[0.640s] -- Up-to-date: /home/yoshinotaiki/ros2_ws/install/person_msgs/share/ament_index/resource_index/rosidl_interfaces/person_msgs
[0.641s] -- Up-to-date: /home/yoshinotaiki/ros2_ws/install/person_msgs/include/person_msgs/person_msgs
[0.641s] -- Up-to-date: /home/yoshinotaiki/ros2_ws/install/person_msgs/include/person_msgs/person_msgs/msg
[0.641s] -- Up-to-date: /home/yoshinotaiki/ros2_ws/install/person_msgs/include/person_msgs/person_msgs/msg/person.h
[0.641s] -- Up-to-date: /home/yoshinotaiki/ros2_ws/install/person_msgs/include/person_msgs/person_msgs/msg/rosidl_generator_c__visibility_control.h
[0.641s] -- Up-to-date: /home/yoshinotaiki/ros2_ws/install/person_msgs/include/person_msgs/person_msgs/msg/detail
[0.642s] -- Up-to-date: /home/yoshinotaiki/ros2_ws/install/person_msgs/include/person_msgs/person_msgs/msg/detail/person__functions.c
[0.642s] -- Up-to-date: /home/yoshinotaiki/ros2_ws/install/person_msgs/include/person_msgs/person_msgs/msg/detail/person__type_support.h
[0.642s] -- Up-to-date: /home/yoshinotaiki/ros2_ws/install/person_msgs/include/person_msgs/person_msgs/msg/detail/person__functions.h
[0.642s] -- Up-to-date: /home/yoshinotaiki/ros2_ws/install/person_msgs/include/person_msgs/person_msgs/msg/detail/person__struct.h
[0.642s] -- Up-to-date: /home/yoshinotaiki/ros2_ws/install/person_msgs/share/person_msgs/environment/library_path.sh
[0.642s] -- Up-to-date: /home/yoshinotaiki/ros2_ws/install/person_msgs/share/person_msgs/environment/library_path.dsv
[0.642s] -- Up-to-date: /home/yoshinotaiki/ros2_ws/install/person_msgs/lib/libperson_msgs__rosidl_generator_c.so
[0.643s] -- Up-to-date: /home/yoshinotaiki/ros2_ws/install/person_msgs/include/person_msgs/person_msgs
[0.643s] -- Up-to-date: /home/yoshinotaiki/ros2_ws/install/person_msgs/include/person_msgs/person_msgs/msg
[0.643s] -- Up-to-date: /home/yoshinotaiki/ros2_ws/install/person_msgs/include/person_msgs/person_msgs/msg/rosidl_typesupport_fastrtps_c__visibility_control.h
[0.643s] -- Up-to-date: /home/yoshinotaiki/ros2_ws/install/person_msgs/include/person_msgs/person_msgs/msg/detail
[0.643s] -- Up-to-date: /home/yoshinotaiki/ros2_ws/install/person_msgs/include/person_msgs/person_msgs/msg/detail/person__rosidl_typesupport_fastrtps_c.h
[0.643s] -- Up-to-date: /home/yoshinotaiki/ros2_ws/install/person_msgs/lib/libperson_msgs__rosidl_typesupport_fastrtps_c.so
[0.644s] -- Up-to-date: /home/yoshinotaiki/ros2_ws/install/person_msgs/include/person_msgs/person_msgs
[0.644s] -- Up-to-date: /home/yoshinotaiki/ros2_ws/install/person_msgs/include/person_msgs/person_msgs/msg
[0.644s] -- Up-to-date: /home/yoshinotaiki/ros2_ws/install/person_msgs/include/person_msgs/person_msgs/msg/rosidl_typesupport_introspection_c__visibility_control.h
[0.644s] -- Up-to-date: /home/yoshinotaiki/ros2_ws/install/person_msgs/include/person_msgs/person_msgs/msg/detail
[0.644s] -- Up-to-date: /home/yoshinotaiki/ros2_ws/install/person_msgs/include/person_msgs/person_msgs/msg/detail/person__type_support.c
[0.644s] -- Up-to-date: /home/yoshinotaiki/ros2_ws/install/person_msgs/include/person_msgs/person_msgs/msg/detail/person__rosidl_typesupport_introspection_c.h
[0.644s] -- Up-to-date: /home/yoshinotaiki/ros2_ws/install/person_msgs/lib/libperson_msgs__rosidl_typesupport_introspection_c.so
[0.645s] -- Up-to-date: /home/yoshinotaiki/ros2_ws/install/person_msgs/lib/libperson_msgs__rosidl_typesupport_c.so
[0.645s] -- Up-to-date: /home/yoshinotaiki/ros2_ws/install/person_msgs/include/person_msgs/person_msgs
[0.645s] -- Up-to-date: /home/yoshinotaiki/ros2_ws/install/person_msgs/include/person_msgs/person_msgs/msg
[0.645s] -- Up-to-date: /home/yoshinotaiki/ros2_ws/install/person_msgs/include/person_msgs/person_msgs/msg/person.hpp
[0.645s] -- Up-to-date: /home/yoshinotaiki/ros2_ws/install/person_msgs/include/person_msgs/person_msgs/msg/detail
[0.645s] -- Up-to-date: /home/yoshinotaiki/ros2_ws/install/person_msgs/include/person_msgs/person_msgs/msg/detail/person__builder.hpp
[0.645s] -- Up-to-date: /home/yoshinotaiki/ros2_ws/install/person_msgs/include/person_msgs/person_msgs/msg/detail/person__traits.hpp
[0.645s] -- Up-to-date: /home/yoshinotaiki/ros2_ws/install/person_msgs/include/person_msgs/person_msgs/msg/detail/person__struct.hpp
[0.646s] -- Up-to-date: /home/yoshinotaiki/ros2_ws/install/person_msgs/include/person_msgs/person_msgs
[0.646s] -- Up-to-date: /home/yoshinotaiki/ros2_ws/install/person_msgs/include/person_msgs/person_msgs/msg
[0.646s] -- Up-to-date: /home/yoshinotaiki/ros2_ws/install/person_msgs/include/person_msgs/person_msgs/msg/rosidl_typesupport_fastrtps_cpp__visibility_control.h
[0.646s] -- Up-to-date: /home/yoshinotaiki/ros2_ws/install/person_msgs/include/person_msgs/person_msgs/msg/detail
[0.646s] -- Up-to-date: /home/yoshinotaiki/ros2_ws/install/person_msgs/include/person_msgs/person_msgs/msg/detail/dds_fastrtps
[0.646s] -- Up-to-date: /home/yoshinotaiki/ros2_ws/install/person_msgs/include/person_msgs/person_msgs/msg/detail/person__rosidl_typesupport_fastrtps_cpp.hpp
[0.646s] -- Up-to-date: /home/yoshinotaiki/ros2_ws/install/person_msgs/lib/libperson_msgs__rosidl_typesupport_fastrtps_cpp.so
[0.646s] -- Up-to-date: /home/yoshinotaiki/ros2_ws/install/person_msgs/include/person_msgs/person_msgs
[0.646s] -- Up-to-date: /home/yoshinotaiki/ros2_ws/install/person_msgs/include/person_msgs/person_msgs/msg
[0.647s] -- Up-to-date: /home/yoshinotaiki/ros2_ws/install/person_msgs/include/person_msgs/person_msgs/msg/detail
[0.647s] -- Up-to-date: /home/yoshinotaiki/ros2_ws/install/person_msgs/include/person_msgs/person_msgs/msg/detail/person__rosidl_typesupport_introspection_cpp.hpp
[0.647s] -- Up-to-date: /home/yoshinotaiki/ros2_ws/install/person_msgs/include/person_msgs/person_msgs/msg/detail/person__type_support.cpp
[0.647s] -- Up-to-date: /home/yoshinotaiki/ros2_ws/install/person_msgs/lib/libperson_msgs__rosidl_typesupport_introspection_cpp.so
[0.647s] -- Up-to-date: /home/yoshinotaiki/ros2_ws/install/person_msgs/lib/libperson_msgs__rosidl_typesupport_cpp.so
[0.647s] -- Up-to-date: /home/yoshinotaiki/ros2_ws/install/person_msgs/share/person_msgs/environment/pythonpath.sh
[0.647s] -- Up-to-date: /home/yoshinotaiki/ros2_ws/install/person_msgs/share/person_msgs/environment/pythonpath.dsv
[0.647s] -- Up-to-date: /home/yoshinotaiki/ros2_ws/install/person_msgs/local/lib/python3.10/dist-packages/person_msgs-0.0.0-py3.10.egg-info
[0.647s] -- Installing: /home/yoshinotaiki/ros2_ws/install/person_msgs/local/lib/python3.10/dist-packages/person_msgs-0.0.0-py3.10.egg-info/top_level.txt
[0.647s] -- Installing: /home/yoshinotaiki/ros2_ws/install/person_msgs/local/lib/python3.10/dist-packages/person_msgs-0.0.0-py3.10.egg-info/dependency_links.txt
[0.647s] -- Installing: /home/yoshinotaiki/ros2_ws/install/person_msgs/local/lib/python3.10/dist-packages/person_msgs-0.0.0-py3.10.egg-info/SOURCES.txt
[0.648s] -- Installing: /home/yoshinotaiki/ros2_ws/install/person_msgs/local/lib/python3.10/dist-packages/person_msgs-0.0.0-py3.10.egg-info/PKG-INFO
[0.648s] -- Up-to-date: /home/yoshinotaiki/ros2_ws/install/person_msgs/local/lib/python3.10/dist-packages/person_msgs
[0.648s] -- Up-to-date: /home/yoshinotaiki/ros2_ws/install/person_msgs/local/lib/python3.10/dist-packages/person_msgs/libperson_msgs__rosidl_generator_py.so
[0.648s] -- Up-to-date: /home/yoshinotaiki/ros2_ws/install/person_msgs/local/lib/python3.10/dist-packages/person_msgs/_person_msgs_s.ep.rosidl_typesupport_introspection_c.c
[0.648s] -- Up-to-date: /home/yoshinotaiki/ros2_ws/install/person_msgs/local/lib/python3.10/dist-packages/person_msgs/_person_msgs_s.ep.rosidl_typesupport_c.c
[0.648s] -- Up-to-date: /home/yoshinotaiki/ros2_ws/install/person_msgs/local/lib/python3.10/dist-packages/person_msgs/person_msgs_s__rosidl_typesupport_fastrtps_c.cpython-310-x86_64-linux-gnu.so
[0.648s] -- Up-to-date: /home/yoshinotaiki/ros2_ws/install/person_msgs/local/lib/python3.10/dist-packages/person_msgs/msg
[0.648s] -- Up-to-date: /home/yoshinotaiki/ros2_ws/install/person_msgs/local/lib/python3.10/dist-packages/person_msgs/msg/_person.py
[0.648s] -- Up-to-date: /home/yoshinotaiki/ros2_ws/install/person_msgs/local/lib/python3.10/dist-packages/person_msgs/msg/_person_s.c
[0.648s] -- Up-to-date: /home/yoshinotaiki/ros2_ws/install/person_msgs/local/lib/python3.10/dist-packages/person_msgs/msg/__init__.py
[0.648s] -- Up-to-date: /home/yoshinotaiki/ros2_ws/install/person_msgs/local/lib/python3.10/dist-packages/person_msgs/person_msgs_s__rosidl_typesupport_introspection_c.cpython-310-x86_64-linux-gnu.so
[0.648s] -- Up-to-date: /home/yoshinotaiki/ros2_ws/install/person_msgs/local/lib/python3.10/dist-packages/person_msgs/person_msgs_s__rosidl_typesupport_c.cpython-310-x86_64-linux-gnu.so
[0.649s] -- Up-to-date: /home/yoshinotaiki/ros2_ws/install/person_msgs/local/lib/python3.10/dist-packages/person_msgs/_person_msgs_s.ep.rosidl_typesupport_fastrtps_c.c
[0.649s] -- Up-to-date: /home/yoshinotaiki/ros2_ws/install/person_msgs/local/lib/python3.10/dist-packages/person_msgs/__init__.py
[0.676s] Listing '/home/yoshinotaiki/ros2_ws/install/person_msgs/local/lib/python3.10/dist-packages/person_msgs'...
[0.676s] Listing '/home/yoshinotaiki/ros2_ws/install/person_msgs/local/lib/python3.10/dist-packages/person_msgs/msg'...
[0.681s] -- Up-to-date: /home/yoshinotaiki/ros2_ws/install/person_msgs/local/lib/python3.10/dist-packages/person_msgs/person_msgs_s__rosidl_typesupport_fastrtps_c.cpython-310-x86_64-linux-gnu.so
[0.681s] -- Up-to-date: /home/yoshinotaiki/ros2_ws/install/person_msgs/local/lib/python3.10/dist-packages/person_msgs/person_msgs_s__rosidl_typesupport_introspection_c.cpython-310-x86_64-linux-gnu.so
[0.681s] -- Up-to-date: /home/yoshinotaiki/ros2_ws/install/person_msgs/local/lib/python3.10/dist-packages/person_msgs/person_msgs_s__rosidl_typesupport_c.cpython-310-x86_64-linux-gnu.so
[0.681s] -- Up-to-date: /home/yoshinotaiki/ros2_ws/install/person_msgs/lib/libperson_msgs__rosidl_generator_py.so
[0.682s] -- Up-to-date: /home/yoshinotaiki/ros2_ws/install/person_msgs/share/person_msgs/msg/Person.idl
[0.682s] -- Up-to-date: /home/yoshinotaiki/ros2_ws/install/person_msgs/share/person_msgs/msg/Person.msg
[0.682s] -- Up-to-date: /home/yoshinotaiki/ros2_ws/install/person_msgs/share/ament_index/resource_index/package_run_dependencies/person_msgs
[0.682s] -- Up-to-date: /home/yoshinotaiki/ros2_ws/install/person_msgs/share/ament_index/resource_index/parent_prefix_path/person_msgs
[0.683s] -- Up-to-date: /home/yoshinotaiki/ros2_ws/install/person_msgs/share/person_msgs/environment/ament_prefix_path.sh
[0.683s] -- Up-to-date: /home/yoshinotaiki/ros2_ws/install/person_msgs/share/person_msgs/environment/ament_prefix_path.dsv
[0.684s] -- Up-to-date: /home/yoshinotaiki/ros2_ws/install/person_msgs/share/person_msgs/environment/path.sh
[0.684s] -- Up-to-date: /home/yoshinotaiki/ros2_ws/install/person_msgs/share/person_msgs/environment/path.dsv
[0.684s] -- Up-to-date: /home/yoshinotaiki/ros2_ws/install/person_msgs/share/person_msgs/local_setup.bash
[0.684s] -- Up-to-date: /home/yoshinotaiki/ros2_ws/install/person_msgs/share/person_msgs/local_setup.sh
[0.684s] -- Up-to-date: /home/yoshinotaiki/ros2_ws/install/person_msgs/share/person_msgs/local_setup.zsh
[0.684s] -- Up-to-date: /home/yoshinotaiki/ros2_ws/install/person_msgs/share/person_msgs/local_setup.dsv
[0.685s] -- Installing: /home/yoshinotaiki/ros2_ws/install/person_msgs/share/person_msgs/package.dsv
[0.685s] -- Up-to-date: /home/yoshinotaiki/ros2_ws/install/person_msgs/share/ament_index/resource_index/packages/person_msgs
[0.685s] -- Up-to-date: /home/yoshinotaiki/ros2_ws/install/person_msgs/share/person_msgs/cmake/export_person_msgs__rosidl_generator_cExport.cmake
[0.685s] -- Up-to-date: /home/yoshinotaiki/ros2_ws/install/person_msgs/share/person_msgs/cmake/export_person_msgs__rosidl_generator_cExport-noconfig.cmake
[0.685s] -- Up-to-date: /home/yoshinotaiki/ros2_ws/install/person_msgs/share/person_msgs/cmake/export_person_msgs__rosidl_typesupport_fastrtps_cExport.cmake
[0.686s] -- Up-to-date: /home/yoshinotaiki/ros2_ws/install/person_msgs/share/person_msgs/cmake/export_person_msgs__rosidl_typesupport_fastrtps_cExport-noconfig.cmake
[0.686s] -- Up-to-date: /home/yoshinotaiki/ros2_ws/install/person_msgs/share/person_msgs/cmake/person_msgs__rosidl_typesupport_introspection_cExport.cmake
[0.686s] -- Up-to-date: /home/yoshinotaiki/ros2_ws/install/person_msgs/share/person_msgs/cmake/person_msgs__rosidl_typesupport_introspection_cExport-noconfig.cmake
[0.686s] -- Up-to-date: /home/yoshinotaiki/ros2_ws/install/person_msgs/share/person_msgs/cmake/person_msgs__rosidl_typesupport_cExport.cmake
[0.686s] -- Up-to-date: /home/yoshinotaiki/ros2_ws/install/person_msgs/share/person_msgs/cmake/person_msgs__rosidl_typesupport_cExport-noconfig.cmake
[0.687s] -- Up-to-date: /home/yoshinotaiki/ros2_ws/install/person_msgs/share/person_msgs/cmake/export_person_msgs__rosidl_generator_cppExport.cmake
[0.687s] -- Up-to-date: /home/yoshinotaiki/ros2_ws/install/person_msgs/share/person_msgs/cmake/export_person_msgs__rosidl_typesupport_fastrtps_cppExport.cmake
[0.687s] -- Up-to-date: /home/yoshinotaiki/ros2_ws/install/person_msgs/share/person_msgs/cmake/export_person_msgs__rosidl_typesupport_fastrtps_cppExport-noconfig.cmake
[0.687s] -- Up-to-date: /home/yoshinotaiki/ros2_ws/install/person_msgs/share/person_msgs/cmake/person_msgs__rosidl_typesupport_introspection_cppExport.cmake
[0.688s] -- Up-to-date: /home/yoshinotaiki/ros2_ws/install/person_msgs/share/person_msgs/cmake/person_msgs__rosidl_typesupport_introspection_cppExport-noconfig.cmake
[0.688s] -- Up-to-date: /home/yoshinotaiki/ros2_ws/install/person_msgs/share/person_msgs/cmake/person_msgs__rosidl_typesupport_cppExport.cmake
[0.688s] -- Up-to-date: /home/yoshinotaiki/ros2_ws/install/person_msgs/share/person_msgs/cmake/person_msgs__rosidl_typesupport_cppExport-noconfig.cmake
[0.688s] -- Up-to-date: /home/yoshinotaiki/ros2_ws/install/person_msgs/share/person_msgs/cmake/export_person_msgs__rosidl_generator_pyExport.cmake
[0.688s] -- Up-to-date: /home/yoshinotaiki/ros2_ws/install/person_msgs/share/person_msgs/cmake/export_person_msgs__rosidl_generator_pyExport-noconfig.cmake
[0.688s] -- Up-to-date: /home/yoshinotaiki/ros2_ws/install/person_msgs/share/person_msgs/cmake/rosidl_cmake-extras.cmake
[0.688s] -- Up-to-date: /home/yoshinotaiki/ros2_ws/install/person_msgs/share/person_msgs/cmake/ament_cmake_export_include_directories-extras.cmake
[0.689s] -- Up-to-date: /home/yoshinotaiki/ros2_ws/install/person_msgs/share/person_msgs/cmake/ament_cmake_export_libraries-extras.cmake
[0.689s] -- Up-to-date: /home/yoshinotaiki/ros2_ws/install/person_msgs/share/person_msgs/cmake/ament_cmake_export_targets-extras.cmake
[0.689s] -- Up-to-date: /home/yoshinotaiki/ros2_ws/install/person_msgs/share/person_msgs/cmake/rosidl_cmake_export_typesupport_targets-extras.cmake
[0.689s] -- Up-to-date: /home/yoshinotaiki/ros2_ws/install/person_msgs/share/person_msgs/cmake/ament_cmake_export_dependencies-extras.cmake
[0.689s] -- Up-to-date: /home/yoshinotaiki/ros2_ws/install/person_msgs/share/person_msgs/cmake/rosidl_cmake_export_typesupport_libraries-extras.cmake
[0.690s] -- Up-to-date: /home/yoshinotaiki/ros2_ws/install/person_msgs/share/person_msgs/cmake/person_msgsConfig.cmake
[0.690s] -- Up-to-date: /home/yoshinotaiki/ros2_ws/install/person_msgs/share/person_msgs/cmake/person_msgsConfig-version.cmake
[0.690s] -- Up-to-date: /home/yoshinotaiki/ros2_ws/install/person_msgs/share/person_msgs/package.xml
[0.691s] Invoked command in '/home/yoshinotaiki/ros2_ws/build/person_msgs' returned '0': CMAKE_PREFIX_PATH=${CMAKE_PREFIX_PATH}:/home/yoshinotaiki/ros2_ws/install/mypkg:/opt/ros/humble /usr/bin/cmake --install /home/yoshinotaiki/ros2_ws/build/person_msgs
