[0.247s] Invoking command in '/home/yoshinotaiki/ros2_ws/build/person_msgs': CMAKE_PREFIX_PATH=${CMAKE_PREFIX_PATH}:/home/yoshinotaiki/ros2_ws/install/mypkg:/opt/ros/humble /usr/bin/cmake --build /home/yoshinotaiki/ros2_ws/build/person_msgs -- -j8 -l8
[0.303s] [  2%] Built target person_msgs__cpp
[0.304s] [ 12%] Built target person_msgs__rosidl_generator_c
[0.313s] [ 12%] Built target ament_cmake_python_copy_person_msgs
[0.325s] [ 30%] Built target person_msgs__rosidl_typesupport_introspection_cpp
[0.325s] [ 33%] Built target person_msgs__rosidl_typesupport_c
[0.326s] [ 43%] Built target person_msgs__rosidl_typesupport_fastrtps_cpp
[0.327s] [ 53%] Built target person_msgs__rosidl_typesupport_cpp
[0.327s] [ 64%] Built target person_msgs__rosidl_typesupport_introspection_c
[0.329s] [ 74%] Built target person_msgs__rosidl_typesupport_fastrtps_c
[0.344s] [ 74%] Built target person_msgs
[0.358s] [ 76%] Built target person_msgs__py
[0.374s] [ 84%] Built target person_msgs__rosidl_generator_py
[0.391s] [ 89%] Built target person_msgs__rosidl_typesupport_fastrtps_c__pyext
[0.392s] [ 94%] Built target person_msgs__rosidl_typesupport_c__pyext
[0.392s] [100%] Built target person_msgs__rosidl_typesupport_introspection_c__pyext
[0.611s] running egg_info
[0.612s] writing person_msgs.egg-info/PKG-INFO
[0.613s] writing dependency_links to person_msgs.egg-info/dependency_links.txt
[0.613s] writing top-level names to person_msgs.egg-info/top_level.txt
[0.616s] reading manifest file 'person_msgs.egg-info/SOURCES.txt'
[0.617s] writing manifest file 'person_msgs.egg-info/SOURCES.txt'
[0.647s] [100%] Built target ament_cmake_python_build_person_msgs_egg
[0.658s] Invoked command in '/home/yoshinotaiki/ros2_ws/build/person_msgs' returned '0': CMAKE_PREFIX_PATH=${CMAKE_PREFIX_PATH}:/home/yoshinotaiki/ros2_ws/install/mypkg:/opt/ros/humble /usr/bin/cmake --build /home/yoshinotaiki/ros2_ws/build/person_msgs -- -j8 -l8
[0.730s] Invoking command in '/home/yoshinotaiki/ros2_ws/build/person_msgs': CMAKE_PREFIX_PATH=${CMAKE_PREFIX_PATH}:/home/yoshinotaiki/ros2_ws/install/mypkg:/opt/ros/humble /usr/bin/cmake --install /home/yoshinotaiki/ros2_ws/build/person_msgs
[0.736s] -- Install configuration: ""
[0.736s] -- Up-to-date: /home/yoshinotaiki/ros2_ws/install/person_msgs/share/ament_index/resource_index/rosidl_interfaces/person_msgs
[0.736s] -- Up-to-date: /home/yoshinotaiki/ros2_ws/install/person_msgs/include/person_msgs/person_msgs
[0.736s] -- Up-to-date: /home/yoshinotaiki/ros2_ws/install/person_msgs/include/person_msgs/person_msgs/srv
[0.736s] -- Up-to-date: /home/yoshinotaiki/ros2_ws/install/person_msgs/include/person_msgs/person_msgs/srv/query.h
[0.736s] -- Up-to-date: /home/yoshinotaiki/ros2_ws/install/person_msgs/include/person_msgs/person_msgs/srv/detail
[0.737s] -- Up-to-date: /home/yoshinotaiki/ros2_ws/install/person_msgs/include/person_msgs/person_msgs/srv/detail/query__functions.c
[0.737s] -- Up-to-date: /home/yoshinotaiki/ros2_ws/install/person_msgs/include/person_msgs/person_msgs/srv/detail/query__type_support.h
[0.737s] -- Up-to-date: /home/yoshinotaiki/ros2_ws/install/person_msgs/include/person_msgs/person_msgs/srv/detail/query__functions.h
[0.737s] -- Up-to-date: /home/yoshinotaiki/ros2_ws/install/person_msgs/include/person_msgs/person_msgs/srv/detail/query__struct.h
[0.737s] -- Up-to-date: /home/yoshinotaiki/ros2_ws/install/person_msgs/include/person_msgs/person_msgs/msg
[0.737s] -- Up-to-date: /home/yoshinotaiki/ros2_ws/install/person_msgs/include/person_msgs/person_msgs/msg/person.h
[0.738s] -- Up-to-date: /home/yoshinotaiki/ros2_ws/install/person_msgs/include/person_msgs/person_msgs/msg/rosidl_generator_c__visibility_control.h
[0.738s] -- Up-to-date: /home/yoshinotaiki/ros2_ws/install/person_msgs/include/person_msgs/person_msgs/msg/detail
[0.738s] -- Up-to-date: /home/yoshinotaiki/ros2_ws/install/person_msgs/include/person_msgs/person_msgs/msg/detail/person__functions.c
[0.738s] -- Up-to-date: /home/yoshinotaiki/ros2_ws/install/person_msgs/include/person_msgs/person_msgs/msg/detail/person__type_support.h
[0.738s] -- Up-to-date: /home/yoshinotaiki/ros2_ws/install/person_msgs/include/person_msgs/person_msgs/msg/detail/person__functions.h
[0.738s] -- Up-to-date: /home/yoshinotaiki/ros2_ws/install/person_msgs/include/person_msgs/person_msgs/msg/detail/person__struct.h
[0.738s] -- Up-to-date: /home/yoshinotaiki/ros2_ws/install/person_msgs/share/person_msgs/environment/library_path.sh
[0.739s] -- Up-to-date: /home/yoshinotaiki/ros2_ws/install/person_msgs/share/person_msgs/environment/library_path.dsv
[0.739s] -- Up-to-date: /home/yoshinotaiki/ros2_ws/install/person_msgs/lib/libperson_msgs__rosidl_generator_c.so
[0.739s] -- Up-to-date: /home/yoshinotaiki/ros2_ws/install/person_msgs/include/person_msgs/person_msgs
[0.739s] -- Up-to-date: /home/yoshinotaiki/ros2_ws/install/person_msgs/include/person_msgs/person_msgs/srv
[0.739s] -- Up-to-date: /home/yoshinotaiki/ros2_ws/install/person_msgs/include/person_msgs/person_msgs/srv/detail
[0.740s] -- Up-to-date: /home/yoshinotaiki/ros2_ws/install/person_msgs/include/person_msgs/person_msgs/srv/detail/query__rosidl_typesupport_fastrtps_c.h
[0.740s] -- Up-to-date: /home/yoshinotaiki/ros2_ws/install/person_msgs/include/person_msgs/person_msgs/msg
[0.740s] -- Up-to-date: /home/yoshinotaiki/ros2_ws/install/person_msgs/include/person_msgs/person_msgs/msg/rosidl_typesupport_fastrtps_c__visibility_control.h
[0.740s] -- Up-to-date: /home/yoshinotaiki/ros2_ws/install/person_msgs/include/person_msgs/person_msgs/msg/detail
[0.740s] -- Up-to-date: /home/yoshinotaiki/ros2_ws/install/person_msgs/include/person_msgs/person_msgs/msg/detail/person__rosidl_typesupport_fastrtps_c.h
[0.740s] -- Up-to-date: /home/yoshinotaiki/ros2_ws/install/person_msgs/lib/libperson_msgs__rosidl_typesupport_fastrtps_c.so
[0.740s] -- Up-to-date: /home/yoshinotaiki/ros2_ws/install/person_msgs/include/person_msgs/person_msgs
[0.740s] -- Up-to-date: /home/yoshinotaiki/ros2_ws/install/person_msgs/include/person_msgs/person_msgs/srv
[0.740s] -- Up-to-date: /home/yoshinotaiki/ros2_ws/install/person_msgs/include/person_msgs/person_msgs/srv/detail
[0.741s] -- Up-to-date: /home/yoshinotaiki/ros2_ws/install/person_msgs/include/person_msgs/person_msgs/srv/detail/query__type_support.c
[0.741s] -- Up-to-date: /home/yoshinotaiki/ros2_ws/install/person_msgs/include/person_msgs/person_msgs/srv/detail/query__rosidl_typesupport_introspection_c.h
[0.741s] -- Up-to-date: /home/yoshinotaiki/ros2_ws/install/person_msgs/include/person_msgs/person_msgs/msg
[0.741s] -- Up-to-date: /home/yoshinotaiki/ros2_ws/install/person_msgs/include/person_msgs/person_msgs/msg/rosidl_typesupport_introspection_c__visibility_control.h
[0.741s] -- Up-to-date: /home/yoshinotaiki/ros2_ws/install/person_msgs/include/person_msgs/person_msgs/msg/detail
[0.741s] -- Up-to-date: /home/yoshinotaiki/ros2_ws/install/person_msgs/include/person_msgs/person_msgs/msg/detail/person__type_support.c
[0.741s] -- Up-to-date: /home/yoshinotaiki/ros2_ws/install/person_msgs/include/person_msgs/person_msgs/msg/detail/person__rosidl_typesupport_introspection_c.h
[0.741s] -- Up-to-date: /home/yoshinotaiki/ros2_ws/install/person_msgs/lib/libperson_msgs__rosidl_typesupport_introspection_c.so
[0.742s] -- Up-to-date: /home/yoshinotaiki/ros2_ws/install/person_msgs/lib/libperson_msgs__rosidl_typesupport_c.so
[0.742s] -- Up-to-date: /home/yoshinotaiki/ros2_ws/install/person_msgs/include/person_msgs/person_msgs
[0.742s] -- Up-to-date: /home/yoshinotaiki/ros2_ws/install/person_msgs/include/person_msgs/person_msgs/srv
[0.742s] -- Up-to-date: /home/yoshinotaiki/ros2_ws/install/person_msgs/include/person_msgs/person_msgs/srv/query.hpp
[0.742s] -- Up-to-date: /home/yoshinotaiki/ros2_ws/install/person_msgs/include/person_msgs/person_msgs/srv/detail
[0.742s] -- Up-to-date: /home/yoshinotaiki/ros2_ws/install/person_msgs/include/person_msgs/person_msgs/srv/detail/query__builder.hpp
[0.742s] -- Up-to-date: /home/yoshinotaiki/ros2_ws/install/person_msgs/include/person_msgs/person_msgs/srv/detail/query__struct.hpp
[0.743s] -- Up-to-date: /home/yoshinotaiki/ros2_ws/install/person_msgs/include/person_msgs/person_msgs/srv/detail/query__traits.hpp
[0.743s] -- Up-to-date: /home/yoshinotaiki/ros2_ws/install/person_msgs/include/person_msgs/person_msgs/msg
[0.743s] -- Up-to-date: /home/yoshinotaiki/ros2_ws/install/person_msgs/include/person_msgs/person_msgs/msg/person.hpp
[0.743s] -- Up-to-date: /home/yoshinotaiki/ros2_ws/install/person_msgs/include/person_msgs/person_msgs/msg/detail
[0.743s] -- Up-to-date: /home/yoshinotaiki/ros2_ws/install/person_msgs/include/person_msgs/person_msgs/msg/detail/person__builder.hpp
[0.743s] -- Up-to-date: /home/yoshinotaiki/ros2_ws/install/person_msgs/include/person_msgs/person_msgs/msg/detail/person__traits.hpp
[0.743s] -- Up-to-date: /home/yoshinotaiki/ros2_ws/install/person_msgs/include/person_msgs/person_msgs/msg/detail/person__struct.hpp
[0.743s] -- Up-to-date: /home/yoshinotaiki/ros2_ws/install/person_msgs/include/person_msgs/person_msgs
[0.743s] -- Up-to-date: /home/yoshinotaiki/ros2_ws/install/person_msgs/include/person_msgs/person_msgs/srv
[0.744s] -- Up-to-date: /home/yoshinotaiki/ros2_ws/install/person_msgs/include/person_msgs/person_msgs/srv/detail
[0.744s] -- Up-to-date: /home/yoshinotaiki/ros2_ws/install/person_msgs/include/person_msgs/person_msgs/srv/detail/dds_fastrtps
[0.744s] -- Up-to-date: /home/yoshinotaiki/ros2_ws/install/person_msgs/include/person_msgs/person_msgs/srv/detail/query__rosidl_typesupport_fastrtps_cpp.hpp
[0.744s] -- Up-to-date: /home/yoshinotaiki/ros2_ws/install/person_msgs/include/person_msgs/person_msgs/msg
[0.744s] -- Up-to-date: /home/yoshinotaiki/ros2_ws/install/person_msgs/include/person_msgs/person_msgs/msg/rosidl_typesupport_fastrtps_cpp__visibility_control.h
[0.744s] -- Up-to-date: /home/yoshinotaiki/ros2_ws/install/person_msgs/include/person_msgs/person_msgs/msg/detail
[0.744s] -- Up-to-date: /home/yoshinotaiki/ros2_ws/install/person_msgs/include/person_msgs/person_msgs/msg/detail/dds_fastrtps
[0.744s] -- Up-to-date: /home/yoshinotaiki/ros2_ws/install/person_msgs/include/person_msgs/person_msgs/msg/detail/person__rosidl_typesupport_fastrtps_cpp.hpp
[0.744s] -- Up-to-date: /home/yoshinotaiki/ros2_ws/install/person_msgs/lib/libperson_msgs__rosidl_typesupport_fastrtps_cpp.so
[0.744s] -- Up-to-date: /home/yoshinotaiki/ros2_ws/install/person_msgs/include/person_msgs/person_msgs
[0.744s] -- Up-to-date: /home/yoshinotaiki/ros2_ws/install/person_msgs/include/person_msgs/person_msgs/srv
[0.744s] -- Up-to-date: /home/yoshinotaiki/ros2_ws/install/person_msgs/include/person_msgs/person_msgs/srv/detail
[0.744s] -- Up-to-date: /home/yoshinotaiki/ros2_ws/install/person_msgs/include/person_msgs/person_msgs/srv/detail/query__type_support.cpp
[0.744s] -- Up-to-date: /home/yoshinotaiki/ros2_ws/install/person_msgs/include/person_msgs/person_msgs/srv/detail/query__rosidl_typesupport_introspection_cpp.hpp
[0.744s] -- Up-to-date: /home/yoshinotaiki/ros2_ws/install/person_msgs/include/person_msgs/person_msgs/msg
[0.744s] -- Up-to-date: /home/yoshinotaiki/ros2_ws/install/person_msgs/include/person_msgs/person_msgs/msg/detail
[0.744s] -- Up-to-date: /home/yoshinotaiki/ros2_ws/install/person_msgs/include/person_msgs/person_msgs/msg/detail/person__rosidl_typesupport_introspection_cpp.hpp
[0.744s] -- Up-to-date: /home/yoshinotaiki/ros2_ws/install/person_msgs/include/person_msgs/person_msgs/msg/detail/person__type_support.cpp
[0.744s] -- Up-to-date: /home/yoshinotaiki/ros2_ws/install/person_msgs/lib/libperson_msgs__rosidl_typesupport_introspection_cpp.so
[0.744s] -- Up-to-date: /home/yoshinotaiki/ros2_ws/install/person_msgs/lib/libperson_msgs__rosidl_typesupport_cpp.so
[0.744s] -- Up-to-date: /home/yoshinotaiki/ros2_ws/install/person_msgs/share/person_msgs/environment/pythonpath.sh
[0.744s] -- Up-to-date: /home/yoshinotaiki/ros2_ws/install/person_msgs/share/person_msgs/environment/pythonpath.dsv
[0.745s] -- Up-to-date: /home/yoshinotaiki/ros2_ws/install/person_msgs/local/lib/python3.10/dist-packages/person_msgs-0.0.0-py3.10.egg-info
[0.745s] -- Installing: /home/yoshinotaiki/ros2_ws/install/person_msgs/local/lib/python3.10/dist-packages/person_msgs-0.0.0-py3.10.egg-info/top_level.txt
[0.745s] -- Installing: /home/yoshinotaiki/ros2_ws/install/person_msgs/local/lib/python3.10/dist-packages/person_msgs-0.0.0-py3.10.egg-info/dependency_links.txt
[0.745s] -- Installing: /home/yoshinotaiki/ros2_ws/install/person_msgs/local/lib/python3.10/dist-packages/person_msgs-0.0.0-py3.10.egg-info/SOURCES.txt
[0.745s] -- Installing: /home/yoshinotaiki/ros2_ws/install/person_msgs/local/lib/python3.10/dist-packages/person_msgs-0.0.0-py3.10.egg-info/PKG-INFO
[0.745s] -- Up-to-date: /home/yoshinotaiki/ros2_ws/install/person_msgs/local/lib/python3.10/dist-packages/person_msgs
[0.745s] -- Up-to-date: /home/yoshinotaiki/ros2_ws/install/person_msgs/local/lib/python3.10/dist-packages/person_msgs/srv
[0.745s] -- Up-to-date: /home/yoshinotaiki/ros2_ws/install/person_msgs/local/lib/python3.10/dist-packages/person_msgs/srv/_query_s.c
[0.745s] -- Up-to-date: /home/yoshinotaiki/ros2_ws/install/person_msgs/local/lib/python3.10/dist-packages/person_msgs/srv/_query.py
[0.745s] -- Up-to-date: /home/yoshinotaiki/ros2_ws/install/person_msgs/local/lib/python3.10/dist-packages/person_msgs/srv/__init__.py
[0.745s] -- Up-to-date: /home/yoshinotaiki/ros2_ws/install/person_msgs/local/lib/python3.10/dist-packages/person_msgs/libperson_msgs__rosidl_generator_py.so
[0.745s] -- Up-to-date: /home/yoshinotaiki/ros2_ws/install/person_msgs/local/lib/python3.10/dist-packages/person_msgs/_person_msgs_s.ep.rosidl_typesupport_introspection_c.c
[0.745s] -- Up-to-date: /home/yoshinotaiki/ros2_ws/install/person_msgs/local/lib/python3.10/dist-packages/person_msgs/_person_msgs_s.ep.rosidl_typesupport_c.c
[0.745s] -- Up-to-date: /home/yoshinotaiki/ros2_ws/install/person_msgs/local/lib/python3.10/dist-packages/person_msgs/person_msgs_s__rosidl_typesupport_fastrtps_c.cpython-310-x86_64-linux-gnu.so
[0.745s] -- Up-to-date: /home/yoshinotaiki/ros2_ws/install/person_msgs/local/lib/python3.10/dist-packages/person_msgs/msg
[0.745s] -- Up-to-date: /home/yoshinotaiki/ros2_ws/install/person_msgs/local/lib/python3.10/dist-packages/person_msgs/msg/_person.py
[0.745s] -- Up-to-date: /home/yoshinotaiki/ros2_ws/install/person_msgs/local/lib/python3.10/dist-packages/person_msgs/msg/_person_s.c
[0.745s] -- Up-to-date: /home/yoshinotaiki/ros2_ws/install/person_msgs/local/lib/python3.10/dist-packages/person_msgs/msg/__init__.py
[0.745s] -- Up-to-date: /home/yoshinotaiki/ros2_ws/install/person_msgs/local/lib/python3.10/dist-packages/person_msgs/person_msgs_s__rosidl_typesupport_introspection_c.cpython-310-x86_64-linux-gnu.so
[0.745s] -- Up-to-date: /home/yoshinotaiki/ros2_ws/install/person_msgs/local/lib/python3.10/dist-packages/person_msgs/person_msgs_s__rosidl_typesupport_c.cpython-310-x86_64-linux-gnu.so
[0.745s] -- Up-to-date: /home/yoshinotaiki/ros2_ws/install/person_msgs/local/lib/python3.10/dist-packages/person_msgs/_person_msgs_s.ep.rosidl_typesupport_fastrtps_c.c
[0.745s] -- Up-to-date: /home/yoshinotaiki/ros2_ws/install/person_msgs/local/lib/python3.10/dist-packages/person_msgs/__init__.py
[0.768s] Listing '/home/yoshinotaiki/ros2_ws/install/person_msgs/local/lib/python3.10/dist-packages/person_msgs'...
[0.768s] Listing '/home/yoshinotaiki/ros2_ws/install/person_msgs/local/lib/python3.10/dist-packages/person_msgs/msg'...
[0.768s] Listing '/home/yoshinotaiki/ros2_ws/install/person_msgs/local/lib/python3.10/dist-packages/person_msgs/srv'...
[0.771s] -- Up-to-date: /home/yoshinotaiki/ros2_ws/install/person_msgs/local/lib/python3.10/dist-packages/person_msgs/person_msgs_s__rosidl_typesupport_fastrtps_c.cpython-310-x86_64-linux-gnu.so
[0.772s] -- Up-to-date: /home/yoshinotaiki/ros2_ws/install/person_msgs/local/lib/python3.10/dist-packages/person_msgs/person_msgs_s__rosidl_typesupport_introspection_c.cpython-310-x86_64-linux-gnu.so
[0.772s] -- Up-to-date: /home/yoshinotaiki/ros2_ws/install/person_msgs/local/lib/python3.10/dist-packages/person_msgs/person_msgs_s__rosidl_typesupport_c.cpython-310-x86_64-linux-gnu.so
[0.772s] -- Up-to-date: /home/yoshinotaiki/ros2_ws/install/person_msgs/lib/libperson_msgs__rosidl_generator_py.so
[0.773s] -- Up-to-date: /home/yoshinotaiki/ros2_ws/install/person_msgs/share/person_msgs/msg/Person.idl
[0.773s] -- Up-to-date: /home/yoshinotaiki/ros2_ws/install/person_msgs/share/person_msgs/srv/Query.idl
[0.773s] -- Up-to-date: /home/yoshinotaiki/ros2_ws/install/person_msgs/share/person_msgs/msg/Person.msg
[0.773s] -- Up-to-date: /home/yoshinotaiki/ros2_ws/install/person_msgs/share/person_msgs/srv/Query.srv
[0.773s] -- Up-to-date: /home/yoshinotaiki/ros2_ws/install/person_msgs/share/person_msgs/srv/Query_Request.msg
[0.773s] -- Up-to-date: /home/yoshinotaiki/ros2_ws/install/person_msgs/share/person_msgs/srv/Query_Response.msg
[0.774s] -- Up-to-date: /home/yoshinotaiki/ros2_ws/install/person_msgs/share/ament_index/resource_index/package_run_dependencies/person_msgs
[0.774s] -- Up-to-date: /home/yoshinotaiki/ros2_ws/install/person_msgs/share/ament_index/resource_index/parent_prefix_path/person_msgs
[0.774s] -- Up-to-date: /home/yoshinotaiki/ros2_ws/install/person_msgs/share/person_msgs/environment/ament_prefix_path.sh
[0.774s] -- Up-to-date: /home/yoshinotaiki/ros2_ws/install/person_msgs/share/person_msgs/environment/ament_prefix_path.dsv
[0.774s] -- Up-to-date: /home/yoshinotaiki/ros2_ws/install/person_msgs/share/person_msgs/environment/path.sh
[0.774s] -- Up-to-date: /home/yoshinotaiki/ros2_ws/install/person_msgs/share/person_msgs/environment/path.dsv
[0.774s] -- Up-to-date: /home/yoshinotaiki/ros2_ws/install/person_msgs/share/person_msgs/local_setup.bash
[0.775s] -- Up-to-date: /home/yoshinotaiki/ros2_ws/install/person_msgs/share/person_msgs/local_setup.sh
[0.775s] -- Up-to-date: /home/yoshinotaiki/ros2_ws/install/person_msgs/share/person_msgs/local_setup.zsh
[0.775s] -- Up-to-date: /home/yoshinotaiki/ros2_ws/install/person_msgs/share/person_msgs/local_setup.dsv
[0.775s] -- Installing: /home/yoshinotaiki/ros2_ws/install/person_msgs/share/person_msgs/package.dsv
[0.775s] -- Up-to-date: /home/yoshinotaiki/ros2_ws/install/person_msgs/share/ament_index/resource_index/packages/person_msgs
[0.775s] -- Up-to-date: /home/yoshinotaiki/ros2_ws/install/person_msgs/share/person_msgs/cmake/export_person_msgs__rosidl_generator_cExport.cmake
[0.775s] -- Up-to-date: /home/yoshinotaiki/ros2_ws/install/person_msgs/share/person_msgs/cmake/export_person_msgs__rosidl_generator_cExport-noconfig.cmake
[0.776s] -- Up-to-date: /home/yoshinotaiki/ros2_ws/install/person_msgs/share/person_msgs/cmake/export_person_msgs__rosidl_typesupport_fastrtps_cExport.cmake
[0.776s] -- Up-to-date: /home/yoshinotaiki/ros2_ws/install/person_msgs/share/person_msgs/cmake/export_person_msgs__rosidl_typesupport_fastrtps_cExport-noconfig.cmake
[0.776s] -- Up-to-date: /home/yoshinotaiki/ros2_ws/install/person_msgs/share/person_msgs/cmake/person_msgs__rosidl_typesupport_introspection_cExport.cmake
[0.777s] -- Up-to-date: /home/yoshinotaiki/ros2_ws/install/person_msgs/share/person_msgs/cmake/person_msgs__rosidl_typesupport_introspection_cExport-noconfig.cmake
[0.777s] -- Up-to-date: /home/yoshinotaiki/ros2_ws/install/person_msgs/share/person_msgs/cmake/person_msgs__rosidl_typesupport_cExport.cmake
[0.778s] -- Up-to-date: /home/yoshinotaiki/ros2_ws/install/person_msgs/share/person_msgs/cmake/person_msgs__rosidl_typesupport_cExport-noconfig.cmake
[0.778s] -- Up-to-date: /home/yoshinotaiki/ros2_ws/install/person_msgs/share/person_msgs/cmake/export_person_msgs__rosidl_generator_cppExport.cmake
[0.778s] -- Up-to-date: /home/yoshinotaiki/ros2_ws/install/person_msgs/share/person_msgs/cmake/export_person_msgs__rosidl_typesupport_fastrtps_cppExport.cmake
[0.778s] -- Up-to-date: /home/yoshinotaiki/ros2_ws/install/person_msgs/share/person_msgs/cmake/export_person_msgs__rosidl_typesupport_fastrtps_cppExport-noconfig.cmake
[0.778s] -- Up-to-date: /home/yoshinotaiki/ros2_ws/install/person_msgs/share/person_msgs/cmake/person_msgs__rosidl_typesupport_introspection_cppExport.cmake
[0.778s] -- Up-to-date: /home/yoshinotaiki/ros2_ws/install/person_msgs/share/person_msgs/cmake/person_msgs__rosidl_typesupport_introspection_cppExport-noconfig.cmake
[0.778s] -- Up-to-date: /home/yoshinotaiki/ros2_ws/install/person_msgs/share/person_msgs/cmake/person_msgs__rosidl_typesupport_cppExport.cmake
[0.779s] -- Up-to-date: /home/yoshinotaiki/ros2_ws/install/person_msgs/share/person_msgs/cmake/person_msgs__rosidl_typesupport_cppExport-noconfig.cmake
[0.779s] -- Up-to-date: /home/yoshinotaiki/ros2_ws/install/person_msgs/share/person_msgs/cmake/export_person_msgs__rosidl_generator_pyExport.cmake
[0.779s] -- Up-to-date: /home/yoshinotaiki/ros2_ws/install/person_msgs/share/person_msgs/cmake/export_person_msgs__rosidl_generator_pyExport-noconfig.cmake
[0.780s] -- Up-to-date: /home/yoshinotaiki/ros2_ws/install/person_msgs/share/person_msgs/cmake/rosidl_cmake-extras.cmake
[0.781s] -- Up-to-date: /home/yoshinotaiki/ros2_ws/install/person_msgs/share/person_msgs/cmake/ament_cmake_export_include_directories-extras.cmake
[0.781s] -- Up-to-date: /home/yoshinotaiki/ros2_ws/install/person_msgs/share/person_msgs/cmake/ament_cmake_export_libraries-extras.cmake
[0.781s] -- Up-to-date: /home/yoshinotaiki/ros2_ws/install/person_msgs/share/person_msgs/cmake/ament_cmake_export_targets-extras.cmake
[0.781s] -- Up-to-date: /home/yoshinotaiki/ros2_ws/install/person_msgs/share/person_msgs/cmake/rosidl_cmake_export_typesupport_targets-extras.cmake
[0.781s] -- Up-to-date: /home/yoshinotaiki/ros2_ws/install/person_msgs/share/person_msgs/cmake/ament_cmake_export_dependencies-extras.cmake
[0.782s] -- Up-to-date: /home/yoshinotaiki/ros2_ws/install/person_msgs/share/person_msgs/cmake/rosidl_cmake_export_typesupport_libraries-extras.cmake
[0.782s] -- Up-to-date: /home/yoshinotaiki/ros2_ws/install/person_msgs/share/person_msgs/cmake/person_msgsConfig.cmake
[0.782s] -- Up-to-date: /home/yoshinotaiki/ros2_ws/install/person_msgs/share/person_msgs/cmake/person_msgsConfig-version.cmake
[0.782s] -- Up-to-date: /home/yoshinotaiki/ros2_ws/install/person_msgs/share/person_msgs/package.xml
[0.783s] Invoked command in '/home/yoshinotaiki/ros2_ws/build/person_msgs' returned '0': CMAKE_PREFIX_PATH=${CMAKE_PREFIX_PATH}:/home/yoshinotaiki/ros2_ws/install/mypkg:/opt/ros/humble /usr/bin/cmake --install /home/yoshinotaiki/ros2_ws/build/person_msgs
