[0.503s] Invoking command in '/home/yoshinotaiki/ros2_ws/src/mypkg': PYTHONPATH=/home/yoshinotaiki/ros2_ws/install/mypkg/lib/python3.10/site-packages:${PYTHONPATH} /usr/bin/python3 setup.py egg_info --egg-base ../../build/mypkg build --build-base /home/yoshinotaiki/ros2_ws/build/mypkg/build install --prefix /home/yoshinotaiki/ros2_ws/install/mypkg --record /home/yoshinotaiki/ros2_ws/build/mypkg/install.log --single-version-externally-managed
[0.653s] running egg_info
[0.654s] writing ../../build/mypkg/mypkg.egg-info/PKG-INFO
[0.654s] writing dependency_links to ../../build/mypkg/mypkg.egg-info/dependency_links.txt
[0.654s] writing entry points to ../../build/mypkg/mypkg.egg-info/entry_points.txt
[0.655s] writing requirements to ../../build/mypkg/mypkg.egg-info/requires.txt
[0.655s] writing top-level names to ../../build/mypkg/mypkg.egg-info/top_level.txt
[0.656s] reading manifest file '../../build/mypkg/mypkg.egg-info/SOURCES.txt'
[0.656s] adding license file 'LICENSE'
[0.657s] writing manifest file '../../build/mypkg/mypkg.egg-info/SOURCES.txt'
[0.657s] running build
[0.657s] running build_py
[0.657s] copying mypkg/talker.py -> /home/yoshinotaiki/ros2_ws/build/mypkg/build/lib/mypkg
[0.657s] copying mypkg/listener.py -> /home/yoshinotaiki/ros2_ws/build/mypkg/build/lib/mypkg
[0.658s] running install
[0.658s] /usr/lib/python3/dist-packages/setuptools/command/install.py:34: SetuptoolsDeprecationWarning: setup.py install is deprecated. Use build and pip and other standards-based tools.
[0.658s]   warnings.warn(
[0.658s] running install_lib
[0.659s] copying /home/yoshinotaiki/ros2_ws/build/mypkg/build/lib/mypkg/talker.py -> /home/yoshinotaiki/ros2_ws/install/mypkg/lib/python3.10/site-packages/mypkg
[0.659s] copying /home/yoshinotaiki/ros2_ws/build/mypkg/build/lib/mypkg/listener.py -> /home/yoshinotaiki/ros2_ws/install/mypkg/lib/python3.10/site-packages/mypkg
[0.659s] byte-compiling /home/yoshinotaiki/ros2_ws/install/mypkg/lib/python3.10/site-packages/mypkg/talker.py to talker.cpython-310.pyc
[0.660s] running install_data
[0.660s] running install_egg_info
[0.662s] removing '/home/yoshinotaiki/ros2_ws/install/mypkg/lib/python3.10/site-packages/mypkg-0.0.0-py3.10.egg-info' (and everything under it)
[0.662s] Copying ../../build/mypkg/mypkg.egg-info to /home/yoshinotaiki/ros2_ws/install/mypkg/lib/python3.10/site-packages/mypkg-0.0.0-py3.10.egg-info
[0.663s] running install_scripts
[0.678s] Installing listener script to /home/yoshinotaiki/ros2_ws/install/mypkg/lib/mypkg
[0.678s] Installing talker script to /home/yoshinotaiki/ros2_ws/install/mypkg/lib/mypkg
[0.679s] writing list of installed files to '/home/yoshinotaiki/ros2_ws/build/mypkg/install.log'
[0.696s] Invoked command in '/home/yoshinotaiki/ros2_ws/src/mypkg' returned '0': PYTHONPATH=/home/yoshinotaiki/ros2_ws/install/mypkg/lib/python3.10/site-packages:${PYTHONPATH} /usr/bin/python3 setup.py egg_info --egg-base ../../build/mypkg build --build-base /home/yoshinotaiki/ros2_ws/build/mypkg/build install --prefix /home/yoshinotaiki/ros2_ws/install/mypkg --record /home/yoshinotaiki/ros2_ws/build/mypkg/install.log --single-version-externally-managed
