[0.611s] Invoking command in '/home/yoshinotaiki/ros2_ws/src/mypkg': PYTHONPATH=/home/yoshinotaiki/ros2_ws/install/mypkg/lib/python3.10/site-packages:${PYTHONPATH} /usr/bin/python3 setup.py egg_info --egg-base ../../build/mypkg build --build-base /home/yoshinotaiki/ros2_ws/build/mypkg/build install --prefix /home/yoshinotaiki/ros2_ws/install/mypkg --record /home/yoshinotaiki/ros2_ws/build/mypkg/install.log --single-version-externally-managed
[0.844s] running egg_info
[0.845s] writing ../../build/mypkg/mypkg.egg-info/PKG-INFO
[0.846s] writing dependency_links to ../../build/mypkg/mypkg.egg-info/dependency_links.txt
[0.846s] writing entry points to ../../build/mypkg/mypkg.egg-info/entry_points.txt
[0.846s] writing requirements to ../../build/mypkg/mypkg.egg-info/requires.txt
[0.846s] writing top-level names to ../../build/mypkg/mypkg.egg-info/top_level.txt
[0.847s] reading manifest file '../../build/mypkg/mypkg.egg-info/SOURCES.txt'
[0.848s] writing manifest file '../../build/mypkg/mypkg.egg-info/SOURCES.txt'
[0.848s] running build
[0.848s] running build_py
[0.849s] copying mypkg/talker.py -> /home/yoshinotaiki/ros2_ws/build/mypkg/build/lib/mypkg
[0.849s] running install
[0.849s] /usr/lib/python3/dist-packages/setuptools/command/install.py:34: SetuptoolsDeprecationWarning: setup.py install is deprecated. Use build and pip and other standards-based tools.
[0.849s]   warnings.warn(
[0.849s] running install_lib
[0.849s] copying /home/yoshinotaiki/ros2_ws/build/mypkg/build/lib/mypkg/talker.py -> /home/yoshinotaiki/ros2_ws/install/mypkg/lib/python3.10/site-packages/mypkg
[0.850s] byte-compiling /home/yoshinotaiki/ros2_ws/install/mypkg/lib/python3.10/site-packages/mypkg/talker.py to talker.cpython-310.pyc
[0.850s] running install_data
[0.851s] copying package.xml -> /home/yoshinotaiki/ros2_ws/install/mypkg/share/mypkg
[0.851s] running install_egg_info
[0.852s] removing '/home/yoshinotaiki/ros2_ws/install/mypkg/lib/python3.10/site-packages/mypkg-0.0.0-py3.10.egg-info' (and everything under it)
[0.852s] Copying ../../build/mypkg/mypkg.egg-info to /home/yoshinotaiki/ros2_ws/install/mypkg/lib/python3.10/site-packages/mypkg-0.0.0-py3.10.egg-info
[0.853s] running install_scripts
[0.872s] Installing talker script to /home/yoshinotaiki/ros2_ws/install/mypkg/lib/mypkg
[0.872s] writing list of installed files to '/home/yoshinotaiki/ros2_ws/build/mypkg/install.log'
[0.893s] Invoked command in '/home/yoshinotaiki/ros2_ws/src/mypkg' returned '0': PYTHONPATH=/home/yoshinotaiki/ros2_ws/install/mypkg/lib/python3.10/site-packages:${PYTHONPATH} /usr/bin/python3 setup.py egg_info --egg-base ../../build/mypkg build --build-base /home/yoshinotaiki/ros2_ws/build/mypkg/build install --prefix /home/yoshinotaiki/ros2_ws/install/mypkg --record /home/yoshinotaiki/ros2_ws/build/mypkg/install.log --single-version-externally-managed
