[0.495s] Invoking command in '/home/yoshinotaiki/ros2_ws/src/mypkg': PYTHONPATH=/home/yoshinotaiki/ros2_ws/install/mypkg/lib/python3.10/site-packages:${PYTHONPATH} /usr/bin/python3 setup.py egg_info --egg-base ../../build/mypkg build --build-base /home/yoshinotaiki/ros2_ws/build/mypkg/build install --prefix /home/yoshinotaiki/ros2_ws/install/mypkg --record /home/yoshinotaiki/ros2_ws/build/mypkg/install.log --single-version-externally-managed
[0.686s] running egg_info
[0.687s] writing ../../build/mypkg/mypkg.egg-info/PKG-INFO
[0.687s] writing dependency_links to ../../build/mypkg/mypkg.egg-info/dependency_links.txt
[0.688s] writing entry points to ../../build/mypkg/mypkg.egg-info/entry_points.txt
[0.688s] writing requirements to ../../build/mypkg/mypkg.egg-info/requires.txt
[0.688s] writing top-level names to ../../build/mypkg/mypkg.egg-info/top_level.txt
[0.690s] reading manifest file '../../build/mypkg/mypkg.egg-info/SOURCES.txt'
[0.691s] writing manifest file '../../build/mypkg/mypkg.egg-info/SOURCES.txt'
[0.691s] running build
[0.691s] running build_py
[0.691s] copying mypkg/talker.py -> /home/yoshinotaiki/ros2_ws/build/mypkg/build/lib/mypkg
[0.692s] copying mypkg/listener.py -> /home/yoshinotaiki/ros2_ws/build/mypkg/build/lib/mypkg
[0.692s] running install
[0.692s] /usr/lib/python3/dist-packages/setuptools/command/install.py:34: SetuptoolsDeprecationWarning: setup.py install is deprecated. Use build and pip and other standards-based tools.
[0.692s]   warnings.warn(
[0.692s] running install_lib
[0.693s] copying /home/yoshinotaiki/ros2_ws/build/mypkg/build/lib/mypkg/talker.py -> /home/yoshinotaiki/ros2_ws/install/mypkg/lib/python3.10/site-packages/mypkg
[0.693s] copying /home/yoshinotaiki/ros2_ws/build/mypkg/build/lib/mypkg/listener.py -> /home/yoshinotaiki/ros2_ws/install/mypkg/lib/python3.10/site-packages/mypkg
[0.694s] byte-compiling /home/yoshinotaiki/ros2_ws/install/mypkg/lib/python3.10/site-packages/mypkg/talker.py to talker.cpython-310.pyc
[0.694s] byte-compiling /home/yoshinotaiki/ros2_ws/install/mypkg/lib/python3.10/site-packages/mypkg/listener.py to listener.cpython-310.pyc
[0.695s] running install_data
[0.696s] running install_egg_info
[0.697s] removing '/home/yoshinotaiki/ros2_ws/install/mypkg/lib/python3.10/site-packages/mypkg-0.0.0-py3.10.egg-info' (and everything under it)
[0.698s] Copying ../../build/mypkg/mypkg.egg-info to /home/yoshinotaiki/ros2_ws/install/mypkg/lib/python3.10/site-packages/mypkg-0.0.0-py3.10.egg-info
[0.698s] running install_scripts
[0.721s] Installing listener script to /home/yoshinotaiki/ros2_ws/install/mypkg/lib/mypkg
[0.721s] Installing talker script to /home/yoshinotaiki/ros2_ws/install/mypkg/lib/mypkg
[0.721s] writing list of installed files to '/home/yoshinotaiki/ros2_ws/build/mypkg/install.log'
[0.745s] Invoked command in '/home/yoshinotaiki/ros2_ws/src/mypkg' returned '0': PYTHONPATH=/home/yoshinotaiki/ros2_ws/install/mypkg/lib/python3.10/site-packages:${PYTHONPATH} /usr/bin/python3 setup.py egg_info --egg-base ../../build/mypkg build --build-base /home/yoshinotaiki/ros2_ws/build/mypkg/build install --prefix /home/yoshinotaiki/ros2_ws/install/mypkg --record /home/yoshinotaiki/ros2_ws/build/mypkg/install.log --single-version-externally-managed
